#
# A fatal error has been detected by the Java Runtime Environment:
#
#  EXCEPTION_ACCESS_VIOLATION (0xc0000005) at pc=0x00007ff9c7f6e006, pid=15364, tid=10632
#
# JRE version: OpenJDK Runtime Environment AdoptOpenJDK (11.0.10+9) (build 11.0.10+9)
# Java VM: OpenJDK 64-Bit Server VM AdoptOpenJDK (11.0.10+9, mixed mode, tiered, compressed oops, g1 gc, windows-amd64)
# Problematic frame:
# V  [jvm.dll+0x18e006]
#
# No core dump will be written. Minidumps are not enabled by default on client versions of Windows
#
# If you would like to submit a bug report, please visit:
#   https://github.com/AdoptOpenJDK/openjdk-support/issues
#

---------------  S U M M A R Y ------------

Command Line: -Dmaven.multiModuleProjectDirectory=F:\WEB_PROGRAMIRANJE\demo_native\demo-working -Dmaven.home=C:\Program Files\JetBrains\IntelliJ IDEA 2020.3.3\plugins\maven\lib\maven3 -Dclassworlds.conf=C:\Program Files\JetBrains\IntelliJ IDEA 2020.3.3\plugins\maven\lib\maven3\bin\m2.conf -Dmaven.ext.class.path=C:\Program Files\JetBrains\IntelliJ IDEA 2020.3.3\plugins\maven\lib\maven-event-listener.jar -javaagent:C:\Program Files\JetBrains\IntelliJ IDEA 2020.3.3\lib\idea_rt.jar=63143:C:\Program Files\JetBrains\IntelliJ IDEA 2020.3.3\bin -Dfile.encoding=UTF-8 org.codehaus.classworlds.Launcher -Didea.version=2020.3.3 org.springframework.boot:spring-boot-maven-plugin:2.4.4:build-image

Host: Intel(R) Core(TM) i5-4460  CPU @ 3.20GHz, 4 cores, 15G,  Windows 10 , 64 bit Build 19041 (10.0.19041.1023)
Time: Sat Aug  7 13:40:56 2021 Central European Daylight Time elapsed time: 25.442190 seconds (0d 0h 0m 25s)

---------------  T H R E A D  ---------------

Current thread (0x000001e7d713d800):  GCTaskThread "GC Thread#1" [stack: 0x0000004897400000,0x0000004897500000] [id=10632]

Stack: [0x0000004897400000,0x0000004897500000],  sp=0x00000048974ff718,  free space=1021k
Native frames: (J=compiled Java code, j=interpreted, Vv=VM code, C=native code)
V  [jvm.dll+0x18e006]


siginfo: EXCEPTION_ACCESS_VIOLATION (0xc0000005), reading address 0x00000008015a5250


Register to memory mapping:

RIP=0x00007ff9c7f6e006 jvm.dll
RAX=0x0000000000000001 is an unknown value
RBX=0x000000070ae18910 is pointing into object: sbg.asm.tree.InsnNode 
{0x000000070ae188f0} - klass: 'sbg/asm/tree/InsnNode'
RCX=
[error occurred during error reporting (printing register info), id 0xc0000005, EXCEPTION_ACCESS_VIOLATION (0xc0000005) at pc=0x00007ff9c7f6e006]

Registers:
RAX=0x0000000000000001, RBX=0x000000070ae18910, RCX=0x000000070ea70790, RDX=0x000000070ea70790
RSP=0x00000048974ff718, RBP=0x000001e7dcf47640, RSI=0x000001e7dcf47640, RDI=0x0000000000000001
R8 =0x000000070ea70790, R9 =0x00000008015a5248, R10=0x000000070ae18904, R11=0x000001e7dcf477b0
R12=0x000001e7d614a370, R13=0x00000000000003d8, R14=0x000000070ea70790, R15=0x000000000000000d
RIP=0x00007ff9c7f6e006, EFLAGS=0x0000000000010206

Top of Stack: (sp=0x00000048974ff718)
0x00000048974ff718:   00007ff9c80dcbfe 0000000000000002
0x00000048974ff728:   000001e7dcf47640 000000070ae188f0
0x00000048974ff738:   00000000000000f4 00000012000000f4
0x00000048974ff748:   00007ff90000000b 000000080ac7c748
0x00000048974ff758:   00007ff9c80b4294 000001e7dcf47640
0x00000048974ff768:   0000000000000000 000001e7b2426550
0x00000048974ff778:   00000000000003d8 000001e7d614a370
0x00000048974ff788:   000001e7dcf47640 00000048974ff900
0x00000048974ff798:   00007ff9c80b637b 000001e7dcf47640
0x00000048974ff7a8:   000000070a5f9800 000000000000000d
0x00000048974ff7b8:   000000070ae18910 000001e7b24264d0
0x00000048974ff7c8:   00007ff9c80dd98b 0000000000000a63
0x00000048974ff7d8:   000001e7dcf477b0 000001e7dcf47640
0x00000048974ff7e8:   00000000000004e2 0000135e000004e2
0x00000048974ff7f8:   0000111700000a30 000000070a5f8540
0x00000048974ff808:   00007ff9c80b628e 000001e7b01afb00 

Instructions: (pc=0x00007ff9c7f6e006)
0x00007ff9c7f6df06:   eb 04 48 8b 43 08 81 78 08 00 00 00 c0 73 7d 48
0x00007ff9c7f6df16:   8b 4f 38 48 8b d3 48 8b 01 ff 50 20 84 c0 75 6c
0x00007ff9c7f6df26:   38 05 35 12 8e 00 74 15 8b 53 08 8b 0d e1 64 89
0x00007ff9c7f6df36:   00 48 d3 e2 48 03 15 cf 64 89 00 eb 04 48 8b 53
0x00007ff9c7f6df46:   08 48 8b cb 48 89 5c 24 20 e8 ac 00 00 00 80 7f
0x00007ff9c7f6df56:   30 00 48 63 c8 48 89 4c 24 28 0f 28 44 24 20 74
0x00007ff9c7f6df66:   17 0f 11 86 98 03 00 00 48 8b 5c 24 40 48 8b 74
0x00007ff9c7f6df76:   24 48 48 83 c4 30 5f c3 48 8b 07 48 8d 54 24 20
0x00007ff9c7f6df86:   48 8b cf 66 0f 7f 44 24 20 ff 50 38 48 8b 5c 24
0x00007ff9c7f6df96:   40 48 8b 74 24 48 48 83 c4 30 5f c3 cc cc cc cc
0x00007ff9c7f6dfa6:   cc cc cc cc cc cc cc cc cc cc 48 8b 49 38 48 8b
0x00007ff9c7f6dfb6:   01 48 ff 60 28 cc cc cc cc cc 80 3d 9a 11 8e 00
0x00007ff9c7f6dfc6:   00 48 8b c1 74 1b 8b 51 08 8b 0d 43 64 89 00 48
0x00007ff9c7f6dfd6:   d3 e2 48 8b c8 48 03 15 2e 64 89 00 e9 19 00 00
0x00007ff9c7f6dfe6:   00 48 8b 51 08 48 8b c8 e9 0d 00 00 00 cc cc cc
0x00007ff9c7f6dff6:   cc cc cc cc cc cc cc cc cc cc 4c 8b ca 48 8b d1
0x00007ff9c7f6e006:   45 8b 41 08 45 85 c0 7e 0e 41 f6 c0 01 75 56 41
0x00007ff9c7f6e016:   c1 f8 03 41 8b c0 c3 79 4c 80 3d 3b 11 8e 00 00
0x00007ff9c7f6e026:   b8 0c 00 00 00 b9 10 00 00 00 0f 45 c8 8b 05 2b
0x00007ff9c7f6e036:   96 87 00 ff c8 4c 63 c8 48 63 14 11 41 8b c8 83
0x00007ff9c7f6e046:   e1 3f 48 d3 e2 41 8b c8 48 c1 f9 10 0f b6 c1 49
0x00007ff9c7f6e056:   8d 0c 11 49 f7 d1 48 03 c1 49 c1 e9 03 48 c1 e8
0x00007ff9c7f6e066:   03 41 23 c1 c3 49 8b 01 49 8b c9 48 ff a0 10 01
0x00007ff9c7f6e076:   00 00 cc cc cc cc cc cc cc cc 48 8b c2 c3 cc cc
0x00007ff9c7f6e086:   cc cc cc cc cc cc cc cc cc cc 48 83 ec 38 0f 10
0x00007ff9c7f6e096:   02 48 8b 49 38 48 8d 54 24 20 0f 29 44 24 20 e8
0x00007ff9c7f6e0a6:   16 f0 ff ff 48 83 c4 38 c3 cc 48 83 ec 38 0f 10
0x00007ff9c7f6e0b6:   02 48 8b 01 48 8d 54 24 20 0f 29 44 24 20 ff 50
0x00007ff9c7f6e0c6:   38 48 83 c4 38 c3 cc cc cc cc 48 89 5c 24 08 55
0x00007ff9c7f6e0d6:   56 57 41 54 41 55 41 56 41 57 48 8d 6c 24 e0 48
0x00007ff9c7f6e0e6:   81 ec 20 01 00 00 48 8b 05 85 e9 8a 00 48 33 c4
0x00007ff9c7f6e0f6:   48 89 45 10 48 8b 05 4f 7e 8d 00 45 33 ed 4c 8b 


Stack slot to memory mapping:
stack at sp + 0 slots: 0x00007ff9c80dcbfe jvm.dll
stack at sp + 1 slots: 0x0000000000000002 is an unknown value
stack at sp + 2 slots: 0x000001e7dcf47640 points into unknown readable memory: 0x00007ff9c8663648 | 48 36 66 c8 f9 7f 00 00
stack at sp + 3 slots: 0x000000070ae188f0 is an oop: sbg.asm.tree.InsnNode 
{0x000000070ae188f0} - klass: 'sbg/asm/tree/InsnNode'
stack at sp + 4 slots: 0x00000000000000f4 is an unknown value
stack at sp + 5 slots: 0x00000012000000f4 is an unknown value
stack at sp + 6 slots: 0x00007ff90000000b is an unknown value
stack at sp + 7 slots: 0x000000080ac7c748 is an unknown value


---------------  P R O C E S S  ---------------

Threads class SMR info:
_java_thread_list=0x000001e7dd2290e0, length=17, elements={
0x000001e7b240c800, 0x000001e7d5f28800, 0x000001e7d5f53000, 0x000001e7d5fa3800,
0x000001e7d5fa4800, 0x000001e7d5fab000, 0x000001e7d5fae000, 0x000001e7d5fbe000,
0x000001e7d6017000, 0x000001e7d56dd000, 0x000001e7d621c800, 0x000001e7dcecb000,
0x000001e7dceca800, 0x000001e7dcec7000, 0x000001e7dcec8000, 0x000001e7dcec9000,
0x000001e7d7b57800
}

Java Threads: ( => current thread )
  0x000001e7b240c800 JavaThread "main" [_thread_blocked, id=13836, stack(0x0000004896200000,0x0000004896300000)]
  0x000001e7d5f28800 JavaThread "Reference Handler" daemon [_thread_blocked, id=984, stack(0x0000004896900000,0x0000004896a00000)]
  0x000001e7d5f53000 JavaThread "Finalizer" daemon [_thread_blocked, id=7692, stack(0x0000004896a00000,0x0000004896b00000)]
  0x000001e7d5fa3800 JavaThread "Signal Dispatcher" daemon [_thread_blocked, id=16684, stack(0x0000004896b00000,0x0000004896c00000)]
  0x000001e7d5fa4800 JavaThread "Attach Listener" daemon [_thread_blocked, id=14168, stack(0x0000004896c00000,0x0000004896d00000)]
  0x000001e7d5fab000 JavaThread "Service Thread" daemon [_thread_blocked, id=2244, stack(0x0000004896d00000,0x0000004896e00000)]
  0x000001e7d5fae000 JavaThread "C2 CompilerThread0" daemon [_thread_blocked, id=17228, stack(0x0000004896e00000,0x0000004896f00000)]
  0x000001e7d5fbe000 JavaThread "C1 CompilerThread0" daemon [_thread_blocked, id=7592, stack(0x0000004896f00000,0x0000004897000000)]
  0x000001e7d6017000 JavaThread "Sweeper thread" daemon [_thread_blocked, id=13172, stack(0x0000004897000000,0x0000004897100000)]
  0x000001e7d56dd000 JavaThread "Common-Cleaner" daemon [_thread_blocked, id=8264, stack(0x0000004897100000,0x0000004897200000)]
  0x000001e7d621c800 JavaThread "Monitor Ctrl-Break" daemon [_thread_in_native, id=3092, stack(0x0000004897200000,0x0000004897300000)]
  0x000001e7dcecb000 JavaThread "resolver-1" daemon [_thread_blocked, id=1956, stack(0x0000004897800000,0x0000004897900000)]
  0x000001e7dceca800 JavaThread "resolver-2" daemon [_thread_blocked, id=1012, stack(0x0000004897900000,0x0000004897a00000)]
  0x000001e7dcec7000 JavaThread "resolver-3" daemon [_thread_blocked, id=5072, stack(0x0000004897a00000,0x0000004897b00000)]
  0x000001e7dcec8000 JavaThread "resolver-4" daemon [_thread_blocked, id=12700, stack(0x0000004897b00000,0x0000004897c00000)]
  0x000001e7dcec9000 JavaThread "resolver-5" daemon [_thread_blocked, id=17100, stack(0x0000004897c00000,0x0000004897d00000)]
  0x000001e7d7b57800 JavaThread "C2 CompilerThread1" daemon [_thread_blocked, id=17752, stack(0x0000004897700000,0x0000004897800000)]

Other Threads:
  0x000001e7d5f25800 VMThread "VM Thread" [stack: 0x0000004896800000,0x0000004896900000] [id=7508]
  0x000001e7d621d000 WatcherThread [stack: 0x0000004897300000,0x0000004897400000] [id=2868]
  0x000001e7b2425800 GCTaskThread "GC Thread#0" [stack: 0x0000004896300000,0x0000004896400000] [id=6176]
=>0x000001e7d713d800 GCTaskThread "GC Thread#1" [stack: 0x0000004897400000,0x0000004897500000] [id=10632]
  0x000001e7d6a5d800 GCTaskThread "GC Thread#2" [stack: 0x0000004897500000,0x0000004897600000] [id=7448]
  0x000001e7d6a5e000 GCTaskThread "GC Thread#3" [stack: 0x0000004897600000,0x0000004897700000] [id=10988]
  0x000001e7b2484800 ConcurrentGCThread "G1 Main Marker" [stack: 0x0000004896400000,0x0000004896500000] [id=7320]
  0x000001e7b248a000 ConcurrentGCThread "G1 Conc#0" [stack: 0x0000004896500000,0x0000004896600000] [id=8544]
  0x000001e7d558a800 ConcurrentGCThread "G1 Refine#0" [stack: 0x0000004896600000,0x0000004896700000] [id=9920]
  0x000001e7d558d000 ConcurrentGCThread "G1 Young RemSet Sampling" [stack: 0x0000004896700000,0x0000004896800000] [id=2640]

Threads with active compile tasks:
C2 CompilerThread0  25465 10470       4       org.springframework.nativex.type.Type::verifyMembers (433 bytes)
C2 CompilerThread1  25465 10415   !   4       org.springframework.nativex.type.TypeSystem::searchJar (218 bytes)

VM state:at safepoint (normal execution)

VM Mutex/Monitor currently owned by a thread:  ([mutex/lock_event])
[0x000001e7b24071e0] Threads_lock - owner thread: 0x000001e7d5f25800
[0x000001e7b2406b20] Heap_lock - owner thread: 0x000001e7b240c800

Heap address: 0x0000000702400000, size: 4060 MB, Compressed Oops mode: Zero based, Oop shift amount: 3
Narrow klass base: 0x0000000800000000, Narrow klass shift: 0
Compressed class space size: 1073741824 Address: 0x0000000800000000

Heap:
 garbage-first heap   total 374784K, used 304165K [0x0000000702400000, 0x0000000800000000)
  region size 1024K, 157 young (160768K), 10 survivors (10240K)
 Metaspace       used 53470K, capacity 54951K, committed 55088K, reserved 1097728K
  class space    used 5925K, capacity 6481K, committed 6528K, reserved 1048576K
Heap Regions: E=young(eden), S=young(survivor), O=old, HS=humongous(starts), HC=humongous(continues), CS=collection set, F=free, A=archive, TAMS=top-at-mark-start (previous, next)
|   0|0x0000000702400000, 0x0000000702500000, 0x0000000702500000|100%| O|  |TAMS 0x0000000702500000, 0x0000000702400000| Untracked 
|   1|0x0000000702500000, 0x0000000702600000, 0x0000000702600000|100%| O|  |TAMS 0x0000000702600000, 0x0000000702500000| Untracked 
|   2|0x0000000702600000, 0x0000000702700000, 0x0000000702700000|100%| O|  |TAMS 0x0000000702700000, 0x0000000702600000| Untracked 
|   3|0x0000000702700000, 0x0000000702800000, 0x0000000702800000|100%| O|  |TAMS 0x0000000702800000, 0x0000000702700000| Untracked 
|   4|0x0000000702800000, 0x0000000702900000, 0x0000000702900000|100%| O|  |TAMS 0x0000000702900000, 0x0000000702800000| Untracked 
|   5|0x0000000702900000, 0x0000000702a00000, 0x0000000702a00000|100%| O|  |TAMS 0x0000000702900000, 0x0000000702900000| Untracked 
|   6|0x0000000702a00000, 0x0000000702b00000, 0x0000000702b00000|100%|HS|  |TAMS 0x0000000702a00000, 0x0000000702a00000| Complete 
|   7|0x0000000702b00000, 0x0000000702c00000, 0x0000000702c00000|100%|HS|  |TAMS 0x0000000702c00000, 0x0000000702b00000| Complete 
|   8|0x0000000702c00000, 0x0000000702d00000, 0x0000000702d00000|100%| O|  |TAMS 0x0000000702d00000, 0x0000000702c00000| Untracked 
|   9|0x0000000702d00000, 0x0000000702e00000, 0x0000000702e00000|100%| O|  |TAMS 0x0000000702e00000, 0x0000000702d00000| Untracked 
|  10|0x0000000702e00000, 0x0000000702f00000, 0x0000000702f00000|100%| O|  |TAMS 0x0000000702f00000, 0x0000000702e00000| Untracked 
|  11|0x0000000702f00000, 0x0000000703000000, 0x0000000703000000|100%| O|  |TAMS 0x0000000702f62600, 0x0000000702f00000| Untracked 
|  12|0x0000000703000000, 0x0000000703100000, 0x0000000703100000|100%| O|  |TAMS 0x0000000703000000, 0x0000000703000000| Untracked 
|  13|0x0000000703100000, 0x0000000703200000, 0x0000000703200000|100%| O|  |TAMS 0x0000000703100000, 0x0000000703100000| Untracked 
|  14|0x0000000703200000, 0x0000000703300000, 0x0000000703300000|100%|HS|  |TAMS 0x0000000703200000, 0x0000000703200000| Complete 
|  15|0x0000000703300000, 0x0000000703400000, 0x0000000703400000|100%| O|  |TAMS 0x0000000703300000, 0x0000000703300000| Untracked 
|  16|0x0000000703400000, 0x0000000703500000, 0x0000000703500000|100%| O|  |TAMS 0x0000000703400000, 0x0000000703400000| Untracked 
|  17|0x0000000703500000, 0x0000000703600000, 0x0000000703600000|100%| O|  |TAMS 0x0000000703500000, 0x0000000703500000| Untracked 
|  18|0x0000000703600000, 0x0000000703700000, 0x0000000703700000|100%| O|  |TAMS 0x0000000703600000, 0x0000000703600000| Untracked 
|  19|0x0000000703700000, 0x0000000703800000, 0x0000000703800000|100%| O|  |TAMS 0x0000000703700000, 0x0000000703700000| Untracked 
|  20|0x0000000703800000, 0x0000000703900000, 0x0000000703900000|100%| O|  |TAMS 0x0000000703800000, 0x0000000703800000| Untracked 
|  21|0x0000000703900000, 0x0000000703a00000, 0x0000000703a00000|100%| O|  |TAMS 0x0000000703900000, 0x0000000703900000| Untracked 
|  22|0x0000000703a00000, 0x0000000703b00000, 0x0000000703b00000|100%| O|  |TAMS 0x0000000703a00000, 0x0000000703a00000| Untracked 
|  23|0x0000000703b00000, 0x0000000703c00000, 0x0000000703c00000|100%| O|  |TAMS 0x0000000703b00000, 0x0000000703b00000| Untracked 
|  24|0x0000000703c00000, 0x0000000703d00000, 0x0000000703d00000|100%| O|  |TAMS 0x0000000703c00000, 0x0000000703c00000| Untracked 
|  25|0x0000000703d00000, 0x0000000703e00000, 0x0000000703e00000|100%| O|  |TAMS 0x0000000703d00000, 0x0000000703d00000| Untracked 
|  26|0x0000000703e00000, 0x0000000703f00000, 0x0000000703f00000|100%| O|  |TAMS 0x0000000703e00000, 0x0000000703e00000| Untracked 
|  27|0x0000000703f00000, 0x0000000704000000, 0x0000000704000000|100%| O|  |TAMS 0x0000000703f00000, 0x0000000703f00000| Untracked 
|  28|0x0000000704000000, 0x0000000704100000, 0x0000000704100000|100%| O|  |TAMS 0x0000000704000000, 0x0000000704000000| Untracked 
|  29|0x0000000704100000, 0x0000000704200000, 0x0000000704200000|100%| O|  |TAMS 0x0000000704100000, 0x0000000704100000| Untracked 
|  30|0x0000000704200000, 0x0000000704300000, 0x0000000704300000|100%| O|  |TAMS 0x0000000704200000, 0x0000000704200000| Untracked 
|  31|0x0000000704300000, 0x0000000704400000, 0x0000000704400000|100%| O|  |TAMS 0x0000000704300000, 0x0000000704300000| Untracked 
|  32|0x0000000704400000, 0x0000000704500000, 0x0000000704500000|100%| O|  |TAMS 0x0000000704400000, 0x0000000704400000| Untracked 
|  33|0x0000000704500000, 0x0000000704600000, 0x0000000704600000|100%| O|  |TAMS 0x0000000704500000, 0x0000000704500000| Untracked 
|  34|0x0000000704600000, 0x0000000704700000, 0x0000000704700000|100%| O|  |TAMS 0x0000000704600000, 0x0000000704600000| Untracked 
|  35|0x0000000704700000, 0x0000000704800000, 0x0000000704800000|100%| O|  |TAMS 0x0000000704700000, 0x0000000704700000| Untracked 
|  36|0x0000000704800000, 0x0000000704900000, 0x0000000704900000|100%| O|  |TAMS 0x0000000704800000, 0x0000000704800000| Untracked 
|  37|0x0000000704900000, 0x0000000704a00000, 0x0000000704a00000|100%| O|  |TAMS 0x0000000704900000, 0x0000000704900000| Untracked 
|  38|0x0000000704a00000, 0x0000000704b00000, 0x0000000704b00000|100%| O|  |TAMS 0x0000000704a00000, 0x0000000704a00000| Untracked 
|  39|0x0000000704b00000, 0x0000000704c00000, 0x0000000704c00000|100%| O|  |TAMS 0x0000000704b00000, 0x0000000704b00000| Untracked 
|  40|0x0000000704c00000, 0x0000000704d00000, 0x0000000704d00000|100%| O|  |TAMS 0x0000000704c00000, 0x0000000704c00000| Untracked 
|  41|0x0000000704d00000, 0x0000000704e00000, 0x0000000704e00000|100%| O|  |TAMS 0x0000000704d00000, 0x0000000704d00000| Untracked 
|  42|0x0000000704e00000, 0x0000000704f00000, 0x0000000704f00000|100%| O|  |TAMS 0x0000000704e00000, 0x0000000704e00000| Untracked 
|  43|0x0000000704f00000, 0x0000000705000000, 0x0000000705000000|100%| O|  |TAMS 0x0000000704f00000, 0x0000000704f00000| Untracked 
|  44|0x0000000705000000, 0x0000000705100000, 0x0000000705100000|100%| O|  |TAMS 0x0000000705000000, 0x0000000705000000| Untracked 
|  45|0x0000000705100000, 0x0000000705200000, 0x0000000705200000|100%| O|  |TAMS 0x0000000705100000, 0x0000000705100000| Untracked 
|  46|0x0000000705200000, 0x0000000705300000, 0x0000000705300000|100%| O|  |TAMS 0x0000000705200000, 0x0000000705200000| Untracked 
|  47|0x0000000705300000, 0x0000000705400000, 0x0000000705400000|100%| O|  |TAMS 0x0000000705300000, 0x0000000705300000| Untracked 
|  48|0x0000000705400000, 0x0000000705500000, 0x0000000705500000|100%| O|  |TAMS 0x0000000705400000, 0x0000000705400000| Untracked 
|  49|0x0000000705500000, 0x0000000705600000, 0x0000000705600000|100%| O|  |TAMS 0x0000000705500000, 0x0000000705500000| Untracked 
|  50|0x0000000705600000, 0x0000000705700000, 0x0000000705700000|100%| O|  |TAMS 0x0000000705600000, 0x0000000705600000| Untracked 
|  51|0x0000000705700000, 0x0000000705800000, 0x0000000705800000|100%| O|  |TAMS 0x0000000705700000, 0x0000000705700000| Untracked 
|  52|0x0000000705800000, 0x0000000705900000, 0x0000000705900000|100%| O|  |TAMS 0x0000000705800000, 0x0000000705800000| Untracked 
|  53|0x0000000705900000, 0x0000000705a00000, 0x0000000705a00000|100%| O|  |TAMS 0x0000000705a00000, 0x0000000705900000| Untracked 
|  54|0x0000000705a00000, 0x0000000705b00000, 0x0000000705b00000|100%| O|  |TAMS 0x0000000705b00000, 0x0000000705a00000| Untracked 
|  55|0x0000000705b00000, 0x0000000705c00000, 0x0000000705c00000|100%| O|  |TAMS 0x0000000705b00000, 0x0000000705b00000| Untracked 
|  56|0x0000000705c00000, 0x0000000705d00000, 0x0000000705d00000|100%| O|  |TAMS 0x0000000705c00000, 0x0000000705c00000| Untracked 
|  57|0x0000000705d00000, 0x0000000705e00000, 0x0000000705e00000|100%| O|  |TAMS 0x0000000705d00000, 0x0000000705d00000| Untracked 
|  58|0x0000000705e00000, 0x0000000705f00000, 0x0000000705f00000|100%| O|  |TAMS 0x0000000705e00000, 0x0000000705e00000| Untracked 
|  59|0x0000000705f00000, 0x0000000706000000, 0x0000000706000000|100%| O|  |TAMS 0x0000000705f00000, 0x0000000705f00000| Untracked 
|  60|0x0000000706000000, 0x0000000706100000, 0x0000000706100000|100%| O|  |TAMS 0x0000000706000000, 0x0000000706000000| Untracked 
|  61|0x0000000706100000, 0x0000000706200000, 0x0000000706200000|100%| O|  |TAMS 0x0000000706100000, 0x0000000706100000| Untracked 
|  62|0x0000000706200000, 0x0000000706300000, 0x0000000706300000|100%| O|  |TAMS 0x0000000706200000, 0x0000000706200000| Untracked 
|  63|0x0000000706300000, 0x0000000706400000, 0x0000000706400000|100%| O|  |TAMS 0x0000000706300000, 0x0000000706300000| Untracked 
|  64|0x0000000706400000, 0x0000000706500000, 0x0000000706500000|100%| O|  |TAMS 0x0000000706400000, 0x0000000706400000| Untracked 
|  65|0x0000000706500000, 0x0000000706600000, 0x0000000706600000|100%| O|  |TAMS 0x0000000706500000, 0x0000000706500000| Untracked 
|  66|0x0000000706600000, 0x0000000706700000, 0x0000000706700000|100%| O|  |TAMS 0x0000000706600000, 0x0000000706600000| Untracked 
|  67|0x0000000706700000, 0x0000000706800000, 0x0000000706800000|100%| O|  |TAMS 0x0000000706700000, 0x0000000706700000| Untracked 
|  68|0x0000000706800000, 0x0000000706900000, 0x0000000706900000|100%| O|  |TAMS 0x0000000706800000, 0x0000000706800000| Untracked 
|  69|0x0000000706900000, 0x0000000706a00000, 0x0000000706a00000|100%| O|  |TAMS 0x0000000706900000, 0x0000000706900000| Untracked 
|  70|0x0000000706a00000, 0x0000000706b00000, 0x0000000706b00000|100%| O|  |TAMS 0x0000000706a00000, 0x0000000706a00000| Untracked 
|  71|0x0000000706b00000, 0x0000000706c00000, 0x0000000706c00000|100%| O|  |TAMS 0x0000000706b00000, 0x0000000706b00000| Untracked 
|  72|0x0000000706c00000, 0x0000000706d00000, 0x0000000706d00000|100%| O|  |TAMS 0x0000000706c00000, 0x0000000706c00000| Untracked 
|  73|0x0000000706d00000, 0x0000000706e00000, 0x0000000706e00000|100%| O|  |TAMS 0x0000000706d00000, 0x0000000706d00000| Untracked 
|  74|0x0000000706e00000, 0x0000000706f00000, 0x0000000706f00000|100%| O|  |TAMS 0x0000000706e00000, 0x0000000706e00000| Untracked 
|  75|0x0000000706f00000, 0x0000000707000000, 0x0000000707000000|100%| O|  |TAMS 0x0000000706f00000, 0x0000000706f00000| Untracked 
|  76|0x0000000707000000, 0x0000000707100000, 0x0000000707100000|100%| O|  |TAMS 0x0000000707000000, 0x0000000707000000| Untracked 
|  77|0x0000000707100000, 0x0000000707200000, 0x0000000707200000|100%| O|  |TAMS 0x0000000707100000, 0x0000000707100000| Untracked 
|  78|0x0000000707200000, 0x0000000707300000, 0x0000000707300000|100%| O|  |TAMS 0x0000000707200000, 0x0000000707200000| Untracked 
|  79|0x0000000707300000, 0x0000000707400000, 0x0000000707400000|100%|HS|  |TAMS 0x0000000707300000, 0x0000000707300000| Complete 
|  80|0x0000000707400000, 0x0000000707500000, 0x0000000707500000|100%| O|  |TAMS 0x0000000707400000, 0x0000000707400000| Untracked 
|  81|0x0000000707500000, 0x0000000707600000, 0x0000000707600000|100%| O|  |TAMS 0x0000000707500000, 0x0000000707500000| Untracked 
|  82|0x0000000707600000, 0x0000000707700000, 0x0000000707700000|100%| O|  |TAMS 0x0000000707600000, 0x0000000707600000| Untracked 
|  83|0x0000000707700000, 0x0000000707800000, 0x0000000707800000|100%| O|  |TAMS 0x0000000707700000, 0x0000000707700000| Untracked 
|  84|0x0000000707800000, 0x0000000707900000, 0x0000000707900000|100%| O|  |TAMS 0x0000000707800000, 0x0000000707800000| Untracked 
|  85|0x0000000707900000, 0x0000000707a00000, 0x0000000707a00000|100%| O|  |TAMS 0x0000000707900000, 0x0000000707900000| Untracked 
|  86|0x0000000707a00000, 0x0000000707b00000, 0x0000000707b00000|100%| O|  |TAMS 0x0000000707a00000, 0x0000000707a00000| Untracked 
|  87|0x0000000707b00000, 0x0000000707c00000, 0x0000000707c00000|100%| O|  |TAMS 0x0000000707b00000, 0x0000000707b00000| Untracked 
|  88|0x0000000707c00000, 0x0000000707d00000, 0x0000000707d00000|100%| O|  |TAMS 0x0000000707c00000, 0x0000000707c00000| Untracked 
|  89|0x0000000707d00000, 0x0000000707e00000, 0x0000000707e00000|100%| O|  |TAMS 0x0000000707d00000, 0x0000000707d00000| Untracked 
|  90|0x0000000707e00000, 0x0000000707f00000, 0x0000000707f00000|100%| O|  |TAMS 0x0000000707e00000, 0x0000000707e00000| Untracked 
|  91|0x0000000707f00000, 0x0000000708000000, 0x0000000708000000|100%| O|  |TAMS 0x0000000707f00000, 0x0000000707f00000| Untracked 
|  92|0x0000000708000000, 0x0000000708100000, 0x0000000708100000|100%| O|  |TAMS 0x0000000708000000, 0x0000000708000000| Untracked 
|  93|0x0000000708100000, 0x0000000708200000, 0x0000000708200000|100%| O|  |TAMS 0x0000000708100000, 0x0000000708100000| Untracked 
|  94|0x0000000708200000, 0x0000000708300000, 0x0000000708300000|100%| O|  |TAMS 0x0000000708200000, 0x0000000708200000| Untracked 
|  95|0x0000000708300000, 0x0000000708400000, 0x0000000708400000|100%| O|  |TAMS 0x0000000708300000, 0x0000000708300000| Untracked 
|  96|0x0000000708400000, 0x0000000708500000, 0x0000000708500000|100%| O|  |TAMS 0x0000000708400000, 0x0000000708400000| Untracked 
|  97|0x0000000708500000, 0x0000000708600000, 0x0000000708600000|100%| O|  |TAMS 0x0000000708500000, 0x0000000708500000| Untracked 
|  98|0x0000000708600000, 0x0000000708700000, 0x0000000708700000|100%| O|  |TAMS 0x0000000708600000, 0x0000000708600000| Untracked 
|  99|0x0000000708700000, 0x0000000708800000, 0x0000000708800000|100%| O|  |TAMS 0x0000000708700000, 0x0000000708700000| Untracked 
| 100|0x0000000708800000, 0x0000000708900000, 0x0000000708900000|100%| O|  |TAMS 0x0000000708800000, 0x0000000708800000| Untracked 
| 101|0x0000000708900000, 0x0000000708a00000, 0x0000000708a00000|100%| O|  |TAMS 0x0000000708900000, 0x0000000708900000| Untracked 
| 102|0x0000000708a00000, 0x0000000708b00000, 0x0000000708b00000|100%| O|  |TAMS 0x0000000708a00000, 0x0000000708a00000| Untracked 
| 103|0x0000000708b00000, 0x0000000708c00000, 0x0000000708c00000|100%| O|  |TAMS 0x0000000708b00000, 0x0000000708b00000| Untracked 
| 104|0x0000000708c00000, 0x0000000708d00000, 0x0000000708d00000|100%| O|  |TAMS 0x0000000708c00000, 0x0000000708c00000| Untracked 
| 105|0x0000000708d00000, 0x0000000708e00000, 0x0000000708e00000|100%|HS|  |TAMS 0x0000000708d00000, 0x0000000708d00000| Complete 
| 106|0x0000000708e00000, 0x0000000708f00000, 0x0000000708f00000|100%|HC|  |TAMS 0x0000000708e00000, 0x0000000708e00000| Complete 
| 107|0x0000000708f00000, 0x0000000709000000, 0x0000000709000000|100%| O|  |TAMS 0x0000000708f00000, 0x0000000708f00000| Untracked 
| 108|0x0000000709000000, 0x0000000709100000, 0x0000000709100000|100%| O|  |TAMS 0x0000000709000000, 0x0000000709000000| Untracked 
| 109|0x0000000709100000, 0x0000000709200000, 0x0000000709200000|100%| O|  |TAMS 0x0000000709100000, 0x0000000709100000| Untracked 
| 110|0x0000000709200000, 0x0000000709300000, 0x0000000709300000|100%| O|  |TAMS 0x0000000709200000, 0x0000000709200000| Untracked 
| 111|0x0000000709300000, 0x0000000709400000, 0x0000000709400000|100%| O|  |TAMS 0x0000000709300000, 0x0000000709300000| Untracked 
| 112|0x0000000709400000, 0x0000000709500000, 0x0000000709500000|100%| O|  |TAMS 0x0000000709400000, 0x0000000709400000| Untracked 
| 113|0x0000000709500000, 0x0000000709600000, 0x0000000709600000|100%| O|  |TAMS 0x0000000709500000, 0x0000000709500000| Untracked 
| 114|0x0000000709600000, 0x0000000709700000, 0x0000000709700000|100%| O|  |TAMS 0x0000000709600000, 0x0000000709600000| Untracked 
| 115|0x0000000709700000, 0x0000000709800000, 0x0000000709800000|100%| O|  |TAMS 0x0000000709700000, 0x0000000709700000| Untracked 
| 116|0x0000000709800000, 0x0000000709900000, 0x0000000709900000|100%| O|  |TAMS 0x0000000709800000, 0x0000000709800000| Untracked 
| 117|0x0000000709900000, 0x0000000709a00000, 0x0000000709a00000|100%| O|  |TAMS 0x0000000709900000, 0x0000000709900000| Untracked 
| 118|0x0000000709a00000, 0x0000000709b00000, 0x0000000709b00000|100%| O|  |TAMS 0x0000000709a00000, 0x0000000709a00000| Untracked 
| 119|0x0000000709b00000, 0x0000000709c00000, 0x0000000709c00000|100%| O|  |TAMS 0x0000000709b00000, 0x0000000709b00000| Untracked 
| 120|0x0000000709c00000, 0x0000000709d00000, 0x0000000709d00000|100%| O|  |TAMS 0x0000000709c00000, 0x0000000709c00000| Untracked 
| 121|0x0000000709d00000, 0x0000000709e00000, 0x0000000709e00000|100%| O|  |TAMS 0x0000000709d00000, 0x0000000709d00000| Untracked 
| 122|0x0000000709e00000, 0x0000000709f00000, 0x0000000709f00000|100%| O|  |TAMS 0x0000000709e00000, 0x0000000709e00000| Untracked 
| 123|0x0000000709f00000, 0x000000070a000000, 0x000000070a000000|100%| O|  |TAMS 0x0000000709f00000, 0x0000000709f00000| Untracked 
| 124|0x000000070a000000, 0x000000070a100000, 0x000000070a100000|100%| O|  |TAMS 0x000000070a000000, 0x000000070a000000| Untracked 
| 125|0x000000070a100000, 0x000000070a200000, 0x000000070a200000|100%| O|  |TAMS 0x000000070a100000, 0x000000070a100000| Untracked 
| 126|0x000000070a200000, 0x000000070a300000, 0x000000070a300000|100%| O|  |TAMS 0x000000070a200000, 0x000000070a200000| Untracked 
| 127|0x000000070a300000, 0x000000070a400000, 0x000000070a400000|100%| O|  |TAMS 0x000000070a300000, 0x000000070a300000| Untracked 
| 128|0x000000070a400000, 0x000000070a500000, 0x000000070a500000|100%| O|  |TAMS 0x000000070a400000, 0x000000070a400000| Untracked 
| 129|0x000000070a500000, 0x000000070a600000, 0x000000070a600000|100%| O|  |TAMS 0x000000070a500000, 0x000000070a500000| Untracked 
| 130|0x000000070a600000, 0x000000070a700000, 0x000000070a700000|100%| O|  |TAMS 0x000000070a600000, 0x000000070a600000| Untracked 
| 131|0x000000070a700000, 0x000000070a800000, 0x000000070a800000|100%| O|  |TAMS 0x000000070a700000, 0x000000070a700000| Untracked 
| 132|0x000000070a800000, 0x000000070a900000, 0x000000070a900000|100%| O|  |TAMS 0x000000070a800000, 0x000000070a800000| Untracked 
| 133|0x000000070a900000, 0x000000070aa00000, 0x000000070aa00000|100%| O|  |TAMS 0x000000070a900000, 0x000000070a900000| Untracked 
| 134|0x000000070aa00000, 0x000000070ab00000, 0x000000070ab00000|100%| O|  |TAMS 0x000000070aa00000, 0x000000070aa00000| Untracked 
| 135|0x000000070ab00000, 0x000000070ac00000, 0x000000070ac00000|100%| O|  |TAMS 0x000000070ab00000, 0x000000070ab00000| Untracked 
| 136|0x000000070ac00000, 0x000000070ad00000, 0x000000070ad00000|100%| O|  |TAMS 0x000000070ac00000, 0x000000070ac00000| Untracked 
| 137|0x000000070ad00000, 0x000000070ae00000, 0x000000070ae00000|100%| O|  |TAMS 0x000000070ad00000, 0x000000070ad00000| Untracked 
| 138|0x000000070ae00000, 0x000000070af00000, 0x000000070af00000|100%| O|  |TAMS 0x000000070ae00000, 0x000000070ae00000| Untracked 
| 139|0x000000070af00000, 0x000000070b000000, 0x000000070b000000|100%| O|  |TAMS 0x000000070af00000, 0x000000070af00000| Untracked 
| 140|0x000000070b000000, 0x000000070b100000, 0x000000070b100000|100%| O|  |TAMS 0x000000070b000000, 0x000000070b000000| Untracked 
| 141|0x000000070b100000, 0x000000070b200000, 0x000000070b200000|100%| O|  |TAMS 0x000000070b100000, 0x000000070b100000| Untracked 
| 142|0x000000070b200000, 0x000000070b300000, 0x000000070b300000|100%| O|  |TAMS 0x000000070b200000, 0x000000070b200000| Untracked 
| 143|0x000000070b300000, 0x000000070b400000, 0x000000070b400000|100%| O|  |TAMS 0x000000070b300000, 0x000000070b300000| Untracked 
| 144|0x000000070b400000, 0x000000070b500000, 0x000000070b500000|100%| O|  |TAMS 0x000000070b400000, 0x000000070b400000| Untracked 
| 145|0x000000070b500000, 0x000000070b600000, 0x000000070b600000|100%| O|  |TAMS 0x000000070b500000, 0x000000070b500000| Untracked 
| 146|0x000000070b600000, 0x000000070b700000, 0x000000070b700000|100%| O|  |TAMS 0x000000070b600000, 0x000000070b600000| Untracked 
| 147|0x000000070b700000, 0x000000070b800000, 0x000000070b800000|100%| O|  |TAMS 0x000000070b700000, 0x000000070b700000| Untracked 
| 148|0x000000070b800000, 0x000000070b900000, 0x000000070b900000|100%| O|  |TAMS 0x000000070b800000, 0x000000070b800000| Untracked 
| 149|0x000000070b900000, 0x000000070ba00000, 0x000000070ba00000|100%| O|  |TAMS 0x000000070b900000, 0x000000070b900000| Untracked 
| 150|0x000000070ba00000, 0x000000070bb00000, 0x000000070bb00000|100%| O|  |TAMS 0x000000070ba00000, 0x000000070ba00000| Untracked 
| 151|0x000000070bb00000, 0x000000070bb00000, 0x000000070bc00000|  0%| F|  |TAMS 0x000000070bb00000, 0x000000070bb00000| Untracked 
| 152|0x000000070bc00000, 0x000000070bc00000, 0x000000070bd00000|  0%| F|  |TAMS 0x000000070bc00000, 0x000000070bc00000| Untracked 
| 153|0x000000070bd00000, 0x000000070bd00000, 0x000000070be00000|  0%| F|  |TAMS 0x000000070bd00000, 0x000000070bd00000| Untracked 
| 154|0x000000070be00000, 0x000000070be00000, 0x000000070bf00000|  0%| F|  |TAMS 0x000000070be00000, 0x000000070be00000| Untracked 
| 155|0x000000070bf00000, 0x000000070bf00000, 0x000000070c000000|  0%| F|  |TAMS 0x000000070bf00000, 0x000000070bf00000| Untracked 
| 156|0x000000070c000000, 0x000000070c000000, 0x000000070c100000|  0%| F|  |TAMS 0x000000070c000000, 0x000000070c000000| Untracked 
| 157|0x000000070c100000, 0x000000070c100000, 0x000000070c200000|  0%| F|  |TAMS 0x000000070c100000, 0x000000070c100000| Untracked 
| 158|0x000000070c200000, 0x000000070c200000, 0x000000070c300000|  0%| F|  |TAMS 0x000000070c200000, 0x000000070c200000| Untracked 
| 159|0x000000070c300000, 0x000000070c300000, 0x000000070c400000|  0%| F|  |TAMS 0x000000070c300000, 0x000000070c300000| Untracked 
| 160|0x000000070c400000, 0x000000070c400000, 0x000000070c500000|  0%| F|  |TAMS 0x000000070c400000, 0x000000070c400000| Untracked 
| 161|0x000000070c500000, 0x000000070c500000, 0x000000070c600000|  0%| F|  |TAMS 0x000000070c500000, 0x000000070c500000| Untracked 
| 162|0x000000070c600000, 0x000000070c700000, 0x000000070c700000|100%| E|CS|TAMS 0x000000070c600000, 0x000000070c600000| Complete 
| 163|0x000000070c700000, 0x000000070c700000, 0x000000070c800000|  0%| F|  |TAMS 0x000000070c700000, 0x000000070c700000| Untracked 
| 164|0x000000070c800000, 0x000000070c800000, 0x000000070c900000|  0%| F|  |TAMS 0x000000070c800000, 0x000000070c800000| Untracked 
| 165|0x000000070c900000, 0x000000070c900000, 0x000000070ca00000|  0%| F|  |TAMS 0x000000070c900000, 0x000000070c900000| Untracked 
| 166|0x000000070ca00000, 0x000000070ca00000, 0x000000070cb00000|  0%| F|  |TAMS 0x000000070ca00000, 0x000000070ca00000| Untracked 
| 167|0x000000070cb00000, 0x000000070cb00000, 0x000000070cc00000|  0%| F|  |TAMS 0x000000070cb00000, 0x000000070cb00000| Untracked 
| 168|0x000000070cc00000, 0x000000070cc00000, 0x000000070cd00000|  0%| F|  |TAMS 0x000000070cc00000, 0x000000070cc00000| Untracked 
| 169|0x000000070cd00000, 0x000000070cd00000, 0x000000070ce00000|  0%| F|  |TAMS 0x000000070cd00000, 0x000000070cd00000| Untracked 
| 170|0x000000070ce00000, 0x000000070ce00000, 0x000000070cf00000|  0%| F|  |TAMS 0x000000070ce00000, 0x000000070ce00000| Untracked 
| 171|0x000000070cf00000, 0x000000070cf00000, 0x000000070d000000|  0%| F|  |TAMS 0x000000070cf00000, 0x000000070cf00000| Untracked 
| 172|0x000000070d000000, 0x000000070d000000, 0x000000070d100000|  0%| F|  |TAMS 0x000000070d000000, 0x000000070d000000| Untracked 
| 173|0x000000070d100000, 0x000000070d100000, 0x000000070d200000|  0%| F|  |TAMS 0x000000070d100000, 0x000000070d100000| Untracked 
| 174|0x000000070d200000, 0x000000070d200000, 0x000000070d300000|  0%| F|  |TAMS 0x000000070d200000, 0x000000070d200000| Untracked 
| 175|0x000000070d300000, 0x000000070d300000, 0x000000070d400000|  0%| F|  |TAMS 0x000000070d300000, 0x000000070d300000| Untracked 
| 176|0x000000070d400000, 0x000000070d400000, 0x000000070d500000|  0%| F|  |TAMS 0x000000070d400000, 0x000000070d400000| Untracked 
| 177|0x000000070d500000, 0x000000070d500000, 0x000000070d600000|  0%| F|  |TAMS 0x000000070d500000, 0x000000070d500000| Untracked 
| 178|0x000000070d600000, 0x000000070d600000, 0x000000070d700000|  0%| F|  |TAMS 0x000000070d600000, 0x000000070d600000| Untracked 
| 179|0x000000070d700000, 0x000000070d800000, 0x000000070d800000|100%| E|CS|TAMS 0x000000070d700000, 0x000000070d700000| Complete 
| 180|0x000000070d800000, 0x000000070d900000, 0x000000070d900000|100%| E|CS|TAMS 0x000000070d800000, 0x000000070d800000| Complete 
| 181|0x000000070d900000, 0x000000070da00000, 0x000000070da00000|100%| E|CS|TAMS 0x000000070d900000, 0x000000070d900000| Complete 
| 182|0x000000070da00000, 0x000000070db00000, 0x000000070db00000|100%| E|CS|TAMS 0x000000070da00000, 0x000000070da00000| Complete 
| 183|0x000000070db00000, 0x000000070dc00000, 0x000000070dc00000|100%| E|CS|TAMS 0x000000070db00000, 0x000000070db00000| Complete 
| 184|0x000000070dc00000, 0x000000070dd00000, 0x000000070dd00000|100%| E|CS|TAMS 0x000000070dc00000, 0x000000070dc00000| Complete 
| 185|0x000000070dd00000, 0x000000070de00000, 0x000000070de00000|100%| E|CS|TAMS 0x000000070dd00000, 0x000000070dd00000| Complete 
| 186|0x000000070de00000, 0x000000070df00000, 0x000000070df00000|100%| E|CS|TAMS 0x000000070de00000, 0x000000070de00000| Complete 
| 187|0x000000070df00000, 0x000000070e000000, 0x000000070e000000|100%| E|CS|TAMS 0x000000070df00000, 0x000000070df00000| Complete 
| 188|0x000000070e000000, 0x000000070e100000, 0x000000070e100000|100%| E|CS|TAMS 0x000000070e000000, 0x000000070e000000| Complete 
| 189|0x000000070e100000, 0x000000070e100000, 0x000000070e200000|  0%| F|  |TAMS 0x000000070e100000, 0x000000070e100000| Untracked 
| 190|0x000000070e200000, 0x000000070e200000, 0x000000070e300000|  0%| F|  |TAMS 0x000000070e200000, 0x000000070e200000| Untracked 
| 191|0x000000070e300000, 0x000000070e300000, 0x000000070e400000|  0%| F|  |TAMS 0x000000070e300000, 0x000000070e300000| Untracked 
| 192|0x000000070e400000, 0x000000070e400000, 0x000000070e500000|  0%| F|  |TAMS 0x000000070e400000, 0x000000070e400000| Untracked 
| 193|0x000000070e500000, 0x000000070e500000, 0x000000070e600000|  0%| F|  |TAMS 0x000000070e500000, 0x000000070e500000| Untracked 
| 194|0x000000070e600000, 0x000000070e600000, 0x000000070e700000|  0%| F|  |TAMS 0x000000070e600000, 0x000000070e600000| Untracked 
| 195|0x000000070e700000, 0x000000070e800000, 0x000000070e800000|100%| E|CS|TAMS 0x000000070e700000, 0x000000070e700000| Complete 
| 196|0x000000070e800000, 0x000000070e900000, 0x000000070e900000|100%| E|CS|TAMS 0x000000070e800000, 0x000000070e800000| Complete 
| 197|0x000000070e900000, 0x000000070ea00000, 0x000000070ea00000|100%| E|CS|TAMS 0x000000070e900000, 0x000000070e900000| Complete 
| 198|0x000000070ea00000, 0x000000070eb00000, 0x000000070eb00000|100%| E|CS|TAMS 0x000000070ea00000, 0x000000070ea00000| Complete 
| 199|0x000000070eb00000, 0x000000070ec00000, 0x000000070ec00000|100%| E|CS|TAMS 0x000000070eb00000, 0x000000070eb00000| Complete 
| 200|0x000000070ec00000, 0x000000070ed00000, 0x000000070ed00000|100%| E|CS|TAMS 0x000000070ec00000, 0x000000070ec00000| Complete 
| 201|0x000000070ed00000, 0x000000070ee00000, 0x000000070ee00000|100%| E|CS|TAMS 0x000000070ed00000, 0x000000070ed00000| Complete 
| 202|0x000000070ee00000, 0x000000070ef00000, 0x000000070ef00000|100%| E|CS|TAMS 0x000000070ee00000, 0x000000070ee00000| Complete 
| 203|0x000000070ef00000, 0x000000070f000000, 0x000000070f000000|100%| E|CS|TAMS 0x000000070ef00000, 0x000000070ef00000| Complete 
| 204|0x000000070f000000, 0x000000070f100000, 0x000000070f100000|100%| E|CS|TAMS 0x000000070f000000, 0x000000070f000000| Complete 
| 205|0x000000070f100000, 0x000000070f200000, 0x000000070f200000|100%| E|CS|TAMS 0x000000070f100000, 0x000000070f100000| Complete 
| 206|0x000000070f200000, 0x000000070f300000, 0x000000070f300000|100%| E|CS|TAMS 0x000000070f200000, 0x000000070f200000| Complete 
| 207|0x000000070f300000, 0x000000070f300000, 0x000000070f400000|  0%| F|  |TAMS 0x000000070f300000, 0x000000070f300000| Untracked 
| 208|0x000000070f400000, 0x000000070f400000, 0x000000070f500000|  0%| F|  |TAMS 0x000000070f400000, 0x000000070f400000| Untracked 
| 209|0x000000070f500000, 0x000000070f580000, 0x000000070f600000| 50%| S|  |TAMS 0x000000070f500000, 0x000000070f500000| Complete 
| 210|0x000000070f600000, 0x000000070f700000, 0x000000070f700000|100%| S|  |TAMS 0x000000070f600000, 0x000000070f600000| Complete 
| 211|0x000000070f700000, 0x000000070f800000, 0x000000070f800000|100%| S|  |TAMS 0x000000070f700000, 0x000000070f700000| Complete 
| 212|0x000000070f800000, 0x000000070f900000, 0x000000070f900000|100%| S|  |TAMS 0x000000070f800000, 0x000000070f800000| Complete 
| 213|0x000000070f900000, 0x000000070fa00000, 0x000000070fa00000|100%| S|  |TAMS 0x000000070f900000, 0x000000070f900000| Complete 
| 214|0x000000070fa00000, 0x000000070fb00000, 0x000000070fb00000|100%| S|  |TAMS 0x000000070fa00000, 0x000000070fa00000| Complete 
| 215|0x000000070fb00000, 0x000000070fc00000, 0x000000070fc00000|100%| S|  |TAMS 0x000000070fb00000, 0x000000070fb00000| Complete 
| 216|0x000000070fc00000, 0x000000070fd00000, 0x000000070fd00000|100%| S|  |TAMS 0x000000070fc00000, 0x000000070fc00000| Complete 
| 217|0x000000070fd00000, 0x000000070fe00000, 0x000000070fe00000|100%| S|  |TAMS 0x000000070fd00000, 0x000000070fd00000| Complete 
| 218|0x000000070fe00000, 0x000000070ff00000, 0x000000070ff00000|100%| S|  |TAMS 0x000000070fe00000, 0x000000070fe00000| Complete 
| 219|0x000000070ff00000, 0x0000000710000000, 0x0000000710000000|100%| E|CS|TAMS 0x000000070ff00000, 0x000000070ff00000| Complete 
| 220|0x0000000710000000, 0x0000000710100000, 0x0000000710100000|100%| E|CS|TAMS 0x0000000710000000, 0x0000000710000000| Complete 
| 221|0x0000000710100000, 0x0000000710200000, 0x0000000710200000|100%| E|CS|TAMS 0x0000000710100000, 0x0000000710100000| Complete 
| 222|0x0000000710200000, 0x0000000710300000, 0x0000000710300000|100%| E|CS|TAMS 0x0000000710200000, 0x0000000710200000| Complete 
| 223|0x0000000710300000, 0x0000000710400000, 0x0000000710400000|100%| E|CS|TAMS 0x0000000710300000, 0x0000000710300000| Complete 
| 224|0x0000000710400000, 0x0000000710500000, 0x0000000710500000|100%| E|CS|TAMS 0x0000000710400000, 0x0000000710400000| Complete 
| 225|0x0000000710500000, 0x0000000710600000, 0x0000000710600000|100%| E|CS|TAMS 0x0000000710500000, 0x0000000710500000| Complete 
| 226|0x0000000710600000, 0x0000000710700000, 0x0000000710700000|100%| E|CS|TAMS 0x0000000710600000, 0x0000000710600000| Complete 
| 227|0x0000000710700000, 0x0000000710800000, 0x0000000710800000|100%| E|CS|TAMS 0x0000000710700000, 0x0000000710700000| Complete 
| 228|0x0000000710800000, 0x0000000710900000, 0x0000000710900000|100%| E|CS|TAMS 0x0000000710800000, 0x0000000710800000| Complete 
| 229|0x0000000710900000, 0x0000000710a00000, 0x0000000710a00000|100%| E|CS|TAMS 0x0000000710900000, 0x0000000710900000| Complete 
| 230|0x0000000710a00000, 0x0000000710b00000, 0x0000000710b00000|100%| E|CS|TAMS 0x0000000710a00000, 0x0000000710a00000| Complete 
| 231|0x0000000710b00000, 0x0000000710c00000, 0x0000000710c00000|100%| E|CS|TAMS 0x0000000710b00000, 0x0000000710b00000| Complete 
| 232|0x0000000710c00000, 0x0000000710d00000, 0x0000000710d00000|100%| E|CS|TAMS 0x0000000710c00000, 0x0000000710c00000| Complete 
| 233|0x0000000710d00000, 0x0000000710e00000, 0x0000000710e00000|100%| E|CS|TAMS 0x0000000710d00000, 0x0000000710d00000| Complete 
| 234|0x0000000710e00000, 0x0000000710f00000, 0x0000000710f00000|100%| E|CS|TAMS 0x0000000710e00000, 0x0000000710e00000| Complete 
| 235|0x0000000710f00000, 0x0000000711000000, 0x0000000711000000|100%| E|CS|TAMS 0x0000000710f00000, 0x0000000710f00000| Complete 
| 236|0x0000000711000000, 0x0000000711100000, 0x0000000711100000|100%| E|CS|TAMS 0x0000000711000000, 0x0000000711000000| Complete 
| 237|0x0000000711100000, 0x0000000711200000, 0x0000000711200000|100%| E|CS|TAMS 0x0000000711100000, 0x0000000711100000| Complete 
| 238|0x0000000711200000, 0x0000000711300000, 0x0000000711300000|100%| E|CS|TAMS 0x0000000711200000, 0x0000000711200000| Complete 
| 239|0x0000000711300000, 0x0000000711400000, 0x0000000711400000|100%| E|CS|TAMS 0x0000000711300000, 0x0000000711300000| Complete 
| 240|0x0000000711400000, 0x0000000711500000, 0x0000000711500000|100%| E|CS|TAMS 0x0000000711400000, 0x0000000711400000| Complete 
| 241|0x0000000711500000, 0x0000000711600000, 0x0000000711600000|100%| E|CS|TAMS 0x0000000711500000, 0x0000000711500000| Complete 
| 242|0x0000000711600000, 0x0000000711700000, 0x0000000711700000|100%| E|CS|TAMS 0x0000000711600000, 0x0000000711600000| Complete 
| 243|0x0000000711700000, 0x0000000711800000, 0x0000000711800000|100%| E|CS|TAMS 0x0000000711700000, 0x0000000711700000| Complete 
| 244|0x0000000711800000, 0x0000000711900000, 0x0000000711900000|100%| E|CS|TAMS 0x0000000711800000, 0x0000000711800000| Complete 
| 245|0x0000000711900000, 0x0000000711a00000, 0x0000000711a00000|100%| E|CS|TAMS 0x0000000711900000, 0x0000000711900000| Complete 
| 246|0x0000000711a00000, 0x0000000711b00000, 0x0000000711b00000|100%| E|CS|TAMS 0x0000000711a00000, 0x0000000711a00000| Complete 
| 247|0x0000000711b00000, 0x0000000711c00000, 0x0000000711c00000|100%| E|CS|TAMS 0x0000000711b00000, 0x0000000711b00000| Complete 
| 248|0x0000000711c00000, 0x0000000711d00000, 0x0000000711d00000|100%| E|CS|TAMS 0x0000000711c00000, 0x0000000711c00000| Complete 
| 249|0x0000000711d00000, 0x0000000711e00000, 0x0000000711e00000|100%| E|CS|TAMS 0x0000000711d00000, 0x0000000711d00000| Complete 
| 250|0x0000000711e00000, 0x0000000711f00000, 0x0000000711f00000|100%| E|CS|TAMS 0x0000000711e00000, 0x0000000711e00000| Complete 
| 251|0x0000000711f00000, 0x0000000712000000, 0x0000000712000000|100%| E|CS|TAMS 0x0000000711f00000, 0x0000000711f00000| Complete 
| 252|0x0000000712000000, 0x0000000712100000, 0x0000000712100000|100%| E|CS|TAMS 0x0000000712000000, 0x0000000712000000| Complete 
| 253|0x0000000712100000, 0x0000000712200000, 0x0000000712200000|100%| E|CS|TAMS 0x0000000712100000, 0x0000000712100000| Complete 
| 254|0x0000000712200000, 0x0000000712300000, 0x0000000712300000|100%| E|CS|TAMS 0x0000000712200000, 0x0000000712200000| Complete 
| 255|0x0000000712300000, 0x0000000712400000, 0x0000000712400000|100%| E|CS|TAMS 0x0000000712300000, 0x0000000712300000| Complete 
| 256|0x0000000712400000, 0x0000000712500000, 0x0000000712500000|100%| E|CS|TAMS 0x0000000712400000, 0x0000000712400000| Complete 
| 257|0x0000000712500000, 0x0000000712600000, 0x0000000712600000|100%| E|CS|TAMS 0x0000000712500000, 0x0000000712500000| Complete 
| 258|0x0000000712600000, 0x0000000712700000, 0x0000000712700000|100%| E|CS|TAMS 0x0000000712600000, 0x0000000712600000| Complete 
| 259|0x0000000712700000, 0x0000000712800000, 0x0000000712800000|100%| E|CS|TAMS 0x0000000712700000, 0x0000000712700000| Complete 
| 260|0x0000000712800000, 0x0000000712900000, 0x0000000712900000|100%| E|CS|TAMS 0x0000000712800000, 0x0000000712800000| Complete 
| 261|0x0000000712900000, 0x0000000712a00000, 0x0000000712a00000|100%| E|CS|TAMS 0x0000000712900000, 0x0000000712900000| Complete 
| 262|0x0000000712a00000, 0x0000000712b00000, 0x0000000712b00000|100%| E|CS|TAMS 0x0000000712a00000, 0x0000000712a00000| Complete 
| 263|0x0000000712b00000, 0x0000000712c00000, 0x0000000712c00000|100%| E|CS|TAMS 0x0000000712b00000, 0x0000000712b00000| Complete 
| 264|0x0000000712c00000, 0x0000000712d00000, 0x0000000712d00000|100%| E|CS|TAMS 0x0000000712c00000, 0x0000000712c00000| Complete 
| 265|0x0000000712d00000, 0x0000000712e00000, 0x0000000712e00000|100%| E|CS|TAMS 0x0000000712d00000, 0x0000000712d00000| Complete 
| 266|0x0000000712e00000, 0x0000000712f00000, 0x0000000712f00000|100%| E|CS|TAMS 0x0000000712e00000, 0x0000000712e00000| Complete 
| 267|0x0000000712f00000, 0x0000000713000000, 0x0000000713000000|100%| E|CS|TAMS 0x0000000712f00000, 0x0000000712f00000| Complete 
| 268|0x0000000713000000, 0x0000000713100000, 0x0000000713100000|100%| E|CS|TAMS 0x0000000713000000, 0x0000000713000000| Complete 
| 269|0x0000000713100000, 0x0000000713200000, 0x0000000713200000|100%| E|CS|TAMS 0x0000000713100000, 0x0000000713100000| Complete 
| 270|0x0000000713200000, 0x0000000713300000, 0x0000000713300000|100%| E|CS|TAMS 0x0000000713200000, 0x0000000713200000| Complete 
| 271|0x0000000713300000, 0x0000000713400000, 0x0000000713400000|100%| E|CS|TAMS 0x0000000713300000, 0x0000000713300000| Complete 
| 272|0x0000000713400000, 0x0000000713500000, 0x0000000713500000|100%| E|CS|TAMS 0x0000000713400000, 0x0000000713400000| Complete 
| 273|0x0000000713500000, 0x0000000713600000, 0x0000000713600000|100%| E|CS|TAMS 0x0000000713500000, 0x0000000713500000| Complete 
| 274|0x0000000713600000, 0x0000000713700000, 0x0000000713700000|100%| E|CS|TAMS 0x0000000713600000, 0x0000000713600000| Complete 
| 275|0x0000000713700000, 0x0000000713800000, 0x0000000713800000|100%| E|CS|TAMS 0x0000000713700000, 0x0000000713700000| Complete 
| 276|0x0000000713800000, 0x0000000713900000, 0x0000000713900000|100%| E|CS|TAMS 0x0000000713800000, 0x0000000713800000| Complete 
| 277|0x0000000713900000, 0x0000000713a00000, 0x0000000713a00000|100%| E|CS|TAMS 0x0000000713900000, 0x0000000713900000| Complete 
| 278|0x0000000713a00000, 0x0000000713b00000, 0x0000000713b00000|100%| E|CS|TAMS 0x0000000713a00000, 0x0000000713a00000| Complete 
| 279|0x0000000713b00000, 0x0000000713c00000, 0x0000000713c00000|100%| E|CS|TAMS 0x0000000713b00000, 0x0000000713b00000| Complete 
| 280|0x0000000713c00000, 0x0000000713d00000, 0x0000000713d00000|100%| E|CS|TAMS 0x0000000713c00000, 0x0000000713c00000| Complete 
| 281|0x0000000713d00000, 0x0000000713e00000, 0x0000000713e00000|100%| E|CS|TAMS 0x0000000713d00000, 0x0000000713d00000| Complete 
| 282|0x0000000713e00000, 0x0000000713f00000, 0x0000000713f00000|100%| E|CS|TAMS 0x0000000713e00000, 0x0000000713e00000| Complete 
| 283|0x0000000713f00000, 0x0000000714000000, 0x0000000714000000|100%| E|CS|TAMS 0x0000000713f00000, 0x0000000713f00000| Complete 
| 284|0x0000000714000000, 0x0000000714100000, 0x0000000714100000|100%| E|CS|TAMS 0x0000000714000000, 0x0000000714000000| Complete 
| 285|0x0000000714100000, 0x0000000714200000, 0x0000000714200000|100%| E|CS|TAMS 0x0000000714100000, 0x0000000714100000| Complete 
| 286|0x0000000714200000, 0x0000000714300000, 0x0000000714300000|100%| E|CS|TAMS 0x0000000714200000, 0x0000000714200000| Complete 
| 287|0x0000000714300000, 0x0000000714400000, 0x0000000714400000|100%| E|CS|TAMS 0x0000000714300000, 0x0000000714300000| Complete 
| 288|0x0000000714400000, 0x0000000714500000, 0x0000000714500000|100%| E|CS|TAMS 0x0000000714400000, 0x0000000714400000| Complete 
| 289|0x0000000714500000, 0x0000000714600000, 0x0000000714600000|100%| E|CS|TAMS 0x0000000714500000, 0x0000000714500000| Complete 
| 290|0x0000000714600000, 0x0000000714700000, 0x0000000714700000|100%| E|CS|TAMS 0x0000000714600000, 0x0000000714600000| Complete 
| 291|0x0000000714700000, 0x0000000714800000, 0x0000000714800000|100%| E|CS|TAMS 0x0000000714700000, 0x0000000714700000| Complete 
| 292|0x0000000714800000, 0x0000000714900000, 0x0000000714900000|100%| E|CS|TAMS 0x0000000714800000, 0x0000000714800000| Complete 
| 293|0x0000000714900000, 0x0000000714a00000, 0x0000000714a00000|100%| E|CS|TAMS 0x0000000714900000, 0x0000000714900000| Complete 
| 294|0x0000000714a00000, 0x0000000714b00000, 0x0000000714b00000|100%| E|CS|TAMS 0x0000000714a00000, 0x0000000714a00000| Complete 
| 295|0x0000000714b00000, 0x0000000714c00000, 0x0000000714c00000|100%| E|CS|TAMS 0x0000000714b00000, 0x0000000714b00000| Complete 
| 296|0x0000000714c00000, 0x0000000714d00000, 0x0000000714d00000|100%| E|CS|TAMS 0x0000000714c00000, 0x0000000714c00000| Complete 
| 297|0x0000000714d00000, 0x0000000714e00000, 0x0000000714e00000|100%| E|CS|TAMS 0x0000000714d00000, 0x0000000714d00000| Complete 
| 298|0x0000000714e00000, 0x0000000714f00000, 0x0000000714f00000|100%| E|CS|TAMS 0x0000000714e00000, 0x0000000714e00000| Complete 
| 299|0x0000000714f00000, 0x0000000715000000, 0x0000000715000000|100%| E|CS|TAMS 0x0000000714f00000, 0x0000000714f00000| Complete 
| 300|0x0000000715000000, 0x0000000715100000, 0x0000000715100000|100%| E|CS|TAMS 0x0000000715000000, 0x0000000715000000| Complete 
| 301|0x0000000715100000, 0x0000000715200000, 0x0000000715200000|100%| E|CS|TAMS 0x0000000715100000, 0x0000000715100000| Complete 
| 302|0x0000000715200000, 0x0000000715300000, 0x0000000715300000|100%| E|CS|TAMS 0x0000000715200000, 0x0000000715200000| Complete 
| 303|0x0000000715300000, 0x0000000715400000, 0x0000000715400000|100%| E|CS|TAMS 0x0000000715300000, 0x0000000715300000| Complete 
| 304|0x0000000715400000, 0x0000000715500000, 0x0000000715500000|100%| E|CS|TAMS 0x0000000715400000, 0x0000000715400000| Complete 
| 305|0x0000000715500000, 0x0000000715600000, 0x0000000715600000|100%| E|CS|TAMS 0x0000000715500000, 0x0000000715500000| Complete 
| 306|0x0000000715600000, 0x0000000715700000, 0x0000000715700000|100%| E|CS|TAMS 0x0000000715600000, 0x0000000715600000| Complete 
| 307|0x0000000715700000, 0x0000000715800000, 0x0000000715800000|100%| E|CS|TAMS 0x0000000715700000, 0x0000000715700000| Complete 
| 308|0x0000000715800000, 0x0000000715900000, 0x0000000715900000|100%| E|CS|TAMS 0x0000000715800000, 0x0000000715800000| Complete 
| 309|0x0000000715900000, 0x0000000715a00000, 0x0000000715a00000|100%| E|CS|TAMS 0x0000000715900000, 0x0000000715900000| Complete 
| 310|0x0000000715a00000, 0x0000000715b00000, 0x0000000715b00000|100%| E|CS|TAMS 0x0000000715a00000, 0x0000000715a00000| Complete 
| 311|0x0000000715b00000, 0x0000000715c00000, 0x0000000715c00000|100%| E|CS|TAMS 0x0000000715b00000, 0x0000000715b00000| Complete 
| 312|0x0000000715c00000, 0x0000000715d00000, 0x0000000715d00000|100%| E|CS|TAMS 0x0000000715c00000, 0x0000000715c00000| Complete 
| 313|0x0000000715d00000, 0x0000000715e00000, 0x0000000715e00000|100%| E|CS|TAMS 0x0000000715d00000, 0x0000000715d00000| Complete 
| 314|0x0000000715e00000, 0x0000000715f00000, 0x0000000715f00000|100%| E|CS|TAMS 0x0000000715e00000, 0x0000000715e00000| Complete 
| 315|0x0000000715f00000, 0x0000000716000000, 0x0000000716000000|100%| E|CS|TAMS 0x0000000715f00000, 0x0000000715f00000| Complete 
| 316|0x0000000716000000, 0x0000000716100000, 0x0000000716100000|100%| E|CS|TAMS 0x0000000716000000, 0x0000000716000000| Complete 
| 317|0x0000000716100000, 0x0000000716200000, 0x0000000716200000|100%| E|CS|TAMS 0x0000000716100000, 0x0000000716100000| Complete 
| 318|0x0000000716200000, 0x0000000716300000, 0x0000000716300000|100%| E|CS|TAMS 0x0000000716200000, 0x0000000716200000| Complete 
| 319|0x0000000716300000, 0x0000000716400000, 0x0000000716400000|100%| E|CS|TAMS 0x0000000716300000, 0x0000000716300000| Complete 
| 320|0x0000000716400000, 0x0000000716500000, 0x0000000716500000|100%| E|CS|TAMS 0x0000000716400000, 0x0000000716400000| Complete 
| 321|0x0000000716500000, 0x0000000716600000, 0x0000000716600000|100%| E|CS|TAMS 0x0000000716500000, 0x0000000716500000| Complete 
| 322|0x0000000716600000, 0x0000000716700000, 0x0000000716700000|100%| E|CS|TAMS 0x0000000716600000, 0x0000000716600000| Complete 
| 323|0x0000000716700000, 0x0000000716800000, 0x0000000716800000|100%| E|CS|TAMS 0x0000000716700000, 0x0000000716700000| Complete 
| 324|0x0000000716800000, 0x0000000716900000, 0x0000000716900000|100%| E|CS|TAMS 0x0000000716800000, 0x0000000716800000| Complete 
| 325|0x0000000716900000, 0x0000000716a00000, 0x0000000716a00000|100%| E|CS|TAMS 0x0000000716900000, 0x0000000716900000| Complete 
| 326|0x0000000716a00000, 0x0000000716b00000, 0x0000000716b00000|100%| E|CS|TAMS 0x0000000716a00000, 0x0000000716a00000| Complete 
| 327|0x0000000716b00000, 0x0000000716c00000, 0x0000000716c00000|100%| E|CS|TAMS 0x0000000716b00000, 0x0000000716b00000| Complete 
| 328|0x0000000716c00000, 0x0000000716d00000, 0x0000000716d00000|100%| E|CS|TAMS 0x0000000716c00000, 0x0000000716c00000| Complete 
| 329|0x0000000716d00000, 0x0000000716e00000, 0x0000000716e00000|100%| E|CS|TAMS 0x0000000716d00000, 0x0000000716d00000| Complete 
| 330|0x0000000716e00000, 0x0000000716f00000, 0x0000000716f00000|100%| E|CS|TAMS 0x0000000716e00000, 0x0000000716e00000| Complete 
| 331|0x0000000716f00000, 0x0000000717000000, 0x0000000717000000|100%| E|CS|TAMS 0x0000000716f00000, 0x0000000716f00000| Complete 
| 332|0x0000000717000000, 0x0000000717100000, 0x0000000717100000|100%| E|CS|TAMS 0x0000000717000000, 0x0000000717000000| Complete 
| 333|0x0000000717100000, 0x0000000717200000, 0x0000000717200000|100%| E|CS|TAMS 0x0000000717100000, 0x0000000717100000| Complete 
| 334|0x0000000717200000, 0x0000000717300000, 0x0000000717300000|100%| E|CS|TAMS 0x0000000717200000, 0x0000000717200000| Complete 
| 335|0x0000000717300000, 0x0000000717400000, 0x0000000717400000|100%| E|CS|TAMS 0x0000000717300000, 0x0000000717300000| Complete 
| 336|0x0000000717400000, 0x0000000717500000, 0x0000000717500000|100%| E|CS|TAMS 0x0000000717400000, 0x0000000717400000| Complete 
| 337|0x0000000717500000, 0x0000000717600000, 0x0000000717600000|100%| E|CS|TAMS 0x0000000717500000, 0x0000000717500000| Complete 
| 338|0x0000000717600000, 0x0000000717700000, 0x0000000717700000|100%| E|CS|TAMS 0x0000000717600000, 0x0000000717600000| Complete 
| 339|0x0000000717700000, 0x0000000717800000, 0x0000000717800000|100%| E|CS|TAMS 0x0000000717700000, 0x0000000717700000| Complete 
| 340|0x0000000717800000, 0x0000000717900000, 0x0000000717900000|100%| E|CS|TAMS 0x0000000717800000, 0x0000000717800000| Complete 
| 341|0x0000000717900000, 0x0000000717a00000, 0x0000000717a00000|100%| E|CS|TAMS 0x0000000717900000, 0x0000000717900000| Complete 
| 342|0x0000000717a00000, 0x0000000717b00000, 0x0000000717b00000|100%| E|CS|TAMS 0x0000000717a00000, 0x0000000717a00000| Complete 
| 343|0x0000000717b00000, 0x0000000717c00000, 0x0000000717c00000|100%| E|CS|TAMS 0x0000000717b00000, 0x0000000717b00000| Complete 
| 344|0x0000000717c00000, 0x0000000717d00000, 0x0000000717d00000|100%| E|CS|TAMS 0x0000000717c00000, 0x0000000717c00000| Complete 
| 345|0x0000000717d00000, 0x0000000717e00000, 0x0000000717e00000|100%| E|CS|TAMS 0x0000000717d00000, 0x0000000717d00000| Complete 
| 346|0x0000000717e00000, 0x0000000717f00000, 0x0000000717f00000|100%| E|CS|TAMS 0x0000000717e00000, 0x0000000717e00000| Complete 
| 347|0x0000000717f00000, 0x0000000718000000, 0x0000000718000000|100%| E|CS|TAMS 0x0000000717f00000, 0x0000000717f00000| Complete 
| 348|0x0000000718000000, 0x0000000718100000, 0x0000000718100000|100%| E|CS|TAMS 0x0000000718000000, 0x0000000718000000| Complete 
| 349|0x0000000718100000, 0x0000000718200000, 0x0000000718200000|100%| E|CS|TAMS 0x0000000718100000, 0x0000000718100000| Complete 
| 350|0x0000000718200000, 0x0000000718300000, 0x0000000718300000|100%| E|CS|TAMS 0x0000000718200000, 0x0000000718200000| Complete 
| 351|0x0000000718300000, 0x0000000718400000, 0x0000000718400000|100%| E|CS|TAMS 0x0000000718300000, 0x0000000718300000| Complete 
| 352|0x0000000718400000, 0x0000000718500000, 0x0000000718500000|100%| E|CS|TAMS 0x0000000718400000, 0x0000000718400000| Complete 
| 353|0x0000000718500000, 0x0000000718600000, 0x0000000718600000|100%| E|CS|TAMS 0x0000000718500000, 0x0000000718500000| Complete 
| 354|0x0000000718600000, 0x0000000718700000, 0x0000000718700000|100%| E|CS|TAMS 0x0000000718600000, 0x0000000718600000| Complete 
| 355|0x0000000718700000, 0x0000000718800000, 0x0000000718800000|100%| E|CS|TAMS 0x0000000718700000, 0x0000000718700000| Complete 
| 356|0x0000000718800000, 0x0000000718900000, 0x0000000718900000|100%| E|CS|TAMS 0x0000000718800000, 0x0000000718800000| Complete 
| 357|0x0000000718900000, 0x0000000718a00000, 0x0000000718a00000|100%| E|CS|TAMS 0x0000000718900000, 0x0000000718900000| Complete 
| 358|0x0000000718a00000, 0x0000000718b00000, 0x0000000718b00000|100%| E|CS|TAMS 0x0000000718a00000, 0x0000000718a00000| Complete 
| 359|0x0000000718b00000, 0x0000000718c00000, 0x0000000718c00000|100%| E|CS|TAMS 0x0000000718b00000, 0x0000000718b00000| Complete 
| 360|0x0000000718c00000, 0x0000000718d00000, 0x0000000718d00000|100%| E|CS|TAMS 0x0000000718c00000, 0x0000000718c00000| Complete 
| 361|0x0000000718d00000, 0x0000000718e00000, 0x0000000718e00000|100%| E|CS|TAMS 0x0000000718d00000, 0x0000000718d00000| Complete 
| 362|0x0000000718e00000, 0x0000000718f00000, 0x0000000718f00000|100%| E|CS|TAMS 0x0000000718e00000, 0x0000000718e00000| Complete 
| 363|0x0000000718f00000, 0x0000000719000000, 0x0000000719000000|100%| E|CS|TAMS 0x0000000718f00000, 0x0000000718f00000| Complete 
| 364|0x0000000719000000, 0x0000000719100000, 0x0000000719100000|100%| E|CS|TAMS 0x0000000719000000, 0x0000000719000000| Complete 
| 365|0x0000000719100000, 0x0000000719200000, 0x0000000719200000|100%| E|CS|TAMS 0x0000000719100000, 0x0000000719100000| Complete 

Card table byte_map: [0x000001e7ca2f0000,0x000001e7caae0000] _byte_map_base: 0x000001e7c6ade000

Marking Bits (Prev, Next): (CMBitMap*) 0x000001e7b2472b98, (CMBitMap*) 0x000001e7b2472bd0
 Prev Bits: [0x000001e7cb2d0000, 0x000001e7cf240000)
 Next Bits: [0x000001e7cf240000, 0x000001e7d31b0000)

Polling page: 0x000001e7b0390000

Metaspace:

Usage:
  Non-class:     47.33 MB capacity,    46.43 MB ( 98%) used,   806.30 KB (  2%) free+waste,   118.44 KB ( <1%) overhead. 
      Class:      6.33 MB capacity,     5.79 MB ( 91%) used,   505.78 KB (  8%) free+waste,    49.50 KB ( <1%) overhead. 
       Both:     53.66 MB capacity,    52.22 MB ( 97%) used,     1.28 MB (  2%) free+waste,   167.94 KB ( <1%) overhead. 

Virtual space:
  Non-class space:       48.00 MB reserved,      47.42 MB ( 99%) committed 
      Class space:        1.00 GB reserved,       6.38 MB ( <1%) committed 
             Both:        1.05 GB reserved,      53.80 MB (  5%) committed 

Chunk freelists:
   Non-Class:  26.00 KB
       Class:  15.00 KB
        Both:  41.00 KB

MaxMetaspaceSize: 17179869184.00 GB
CompressedClassSpaceSize: 1.00 GB

CodeHeap 'non-profiled nmethods': size=120064Kb used=8853Kb max_used=8853Kb free=111210Kb
 bounds [0x000001e7c25c0000, 0x000001e7c2e70000, 0x000001e7c9b00000]
CodeHeap 'profiled nmethods': size=120000Kb used=26760Kb max_used=26760Kb free=93239Kb
 bounds [0x000001e7bb090000, 0x000001e7bcac0000, 0x000001e7c25c0000]
CodeHeap 'non-nmethods': size=5696Kb used=1205Kb max_used=1272Kb free=4490Kb
 bounds [0x000001e7bab00000, 0x000001e7bad70000, 0x000001e7bb090000]
 total_blobs=10920 nmethods=10365 adapters=465
 compilation: enabled
              stopped_count=0, restarted_count=0
 full_count=0

Compilation events (20 events):
Event: 25.128 Thread 0x000001e7d5fbe000 10466       3       org.springframework.nativex.type.Method$TypesFromSignatureCollector::visitParameterType (17 bytes)
Event: 25.128 Thread 0x000001e7d5fbe000 nmethod 10466 0x000001e7bcaa8190 code [0x000001e7bcaa8340, 0x000001e7bcaa84d8]
Event: 25.156 Thread 0x000001e7d5fbe000 10468       3       org.springframework.nativex.type.Method$TypesFromSignatureCollector::visitReturnType (17 bytes)
Event: 25.156 Thread 0x000001e7d5fbe000 nmethod 10468 0x000001e7bcaa8590 code [0x000001e7bcaa8740, 0x000001e7bcaa88d8]
Event: 25.273 Thread 0x000001e7d5fbe000 10469       3       org.springframework.nativex.support.ResourcesHandler::checkForImportedConfigurations (111 bytes)
Event: 25.274 Thread 0x000001e7d5fbe000 nmethod 10469 0x000001e7bcaa8990 code [0x000001e7bcaa8d40, 0x000001e7bcaaa508]
Event: 25.288 Thread 0x000001e7d5fae000 nmethod 10425 0x000001e7c2e51e90 code [0x000001e7c2e52600, 0x000001e7c2e5c438]
Event: 25.289 Thread 0x000001e7d5fae000 10465       4       org.springframework.nativex.type.Type::unpackHints (492 bytes)
Event: 25.338 Thread 0x000001e7d5fae000 nmethod 10465 0x000001e7c2e60a10 code [0x000001e7c2e60dc0, 0x000001e7c2e63d20]
Event: 25.338 Thread 0x000001e7d5fae000 10470       4       org.springframework.nativex.type.Type::verifyMembers (433 bytes)
Event: 25.361 Thread 0x000001e7d5fbe000 10472       3       org.springframework.nativex.type.TypeSystem::resolveComplete (33 bytes)
Event: 25.361 Thread 0x000001e7d5fbe000 nmethod 10472 0x000001e7bcaaac10 code [0x000001e7bcaaaea0, 0x000001e7bcaab908]
Event: 25.401 Thread 0x000001e7d5fbe000 10474       3       org.springframework.nativex.type.Type::toString (24 bytes)
Event: 25.402 Thread 0x000001e7d5fbe000 nmethod 10474 0x000001e7bcaabd90 code [0x000001e7bcaabfe0, 0x000001e7bcaac788]
Event: 25.402 Thread 0x000001e7d5fbe000 10475       3       org.springframework.nativex.type.Method::getReturnType (26 bytes)
Event: 25.402 Thread 0x000001e7d5fbe000 nmethod 10475 0x000001e7bcaaca10 code [0x000001e7bcaacc60, 0x000001e7bcaad338]
Event: 25.403 Thread 0x000001e7d5fbe000 10476       3       org.springframework.nativex.support.OptionHandler::addOptions (38 bytes)
Event: 25.403 Thread 0x000001e7d5fbe000 nmethod 10476 0x000001e7bcaad690 code [0x000001e7bcaad8a0, 0x000001e7bcaadef8]
Event: 25.415 Thread 0x000001e7d5fbe000 10477   !   3       org.springframework.nativex.type.Method::hasUnresolvableTypesInSignature (241 bytes)
Event: 25.417 Thread 0x000001e7d5fbe000 nmethod 10477 0x000001e7bcaae110 code [0x000001e7bcaae640, 0x000001e7bcab0d48]

GC Heap History (20 events):
Event: 11.636 GC heap after
{Heap after GC invocations=14 (full 0):
 garbage-first heap   total 374784K, used 51971K [0x0000000702400000, 0x0000000800000000)
  region size 1024K, 13 young (13312K), 13 survivors (13312K)
 Metaspace       used 48153K, capacity 49271K, committed 49328K, reserved 1093632K
  class space    used 5414K, capacity 5841K, committed 5888K, reserved 1048576K
}
Event: 13.342 GC heap before
{Heap before GC invocations=14 (full 0):
 garbage-first heap   total 374784K, used 251651K [0x0000000702400000, 0x0000000800000000)
  region size 1024K, 208 young (212992K), 13 survivors (13312K)
 Metaspace       used 48619K, capacity 49776K, committed 49968K, reserved 1093632K
  class space    used 5470K, capacity 5898K, committed 6016K, reserved 1048576K
}
Event: 13.355 GC heap after
{Heap after GC invocations=15 (full 0):
 garbage-first heap   total 374784K, used 64771K [0x0000000702400000, 0x0000000800000000)
  region size 1024K, 26 young (26624K), 26 survivors (26624K)
 Metaspace       used 48619K, capacity 49776K, committed 49968K, reserved 1093632K
  class space    used 5470K, capacity 5898K, committed 6016K, reserved 1048576K
}
Event: 14.373 GC heap before
{Heap before GC invocations=15 (full 0):
 garbage-first heap   total 374784K, used 262403K [0x0000000702400000, 0x0000000800000000)
  region size 1024K, 219 young (224256K), 26 survivors (26624K)
 Metaspace       used 48675K, capacity 49844K, committed 49968K, reserved 1093632K
  class space    used 5470K, capacity 5898K, committed 6016K, reserved 1048576K
}
Event: 14.395 GC heap after
{Heap after GC invocations=16 (full 0):
 garbage-first heap   total 374784K, used 80896K [0x0000000702400000, 0x0000000800000000)
  region size 1024K, 28 young (28672K), 28 survivors (28672K)
 Metaspace       used 48675K, capacity 49844K, committed 49968K, reserved 1093632K
  class space    used 5470K, capacity 5898K, committed 6016K, reserved 1048576K
}
Event: 15.915 GC heap before
{Heap before GC invocations=16 (full 0):
 garbage-first heap   total 374784K, used 276480K [0x0000000702400000, 0x0000000800000000)
  region size 1024K, 219 young (224256K), 28 survivors (28672K)
 Metaspace       used 48735K, capacity 49910K, committed 50224K, reserved 1093632K
  class space    used 5470K, capacity 5898K, committed 6016K, reserved 1048576K
}
Event: 15.941 GC heap after
{Heap after GC invocations=17 (full 0):
 garbage-first heap   total 374784K, used 92158K [0x0000000702400000, 0x0000000800000000)
  region size 1024K, 11 young (11264K), 11 survivors (11264K)
 Metaspace       used 48735K, capacity 49910K, committed 50224K, reserved 1093632K
  class space    used 5470K, capacity 5898K, committed 6016K, reserved 1048576K
}
Event: 18.792 GC heap before
{Heap before GC invocations=17 (full 0):
 garbage-first heap   total 374784K, used 291838K [0x0000000702400000, 0x0000000800000000)
  region size 1024K, 206 young (210944K), 11 survivors (11264K)
 Metaspace       used 49161K, capacity 50351K, committed 50480K, reserved 1093632K
  class space    used 5511K, capacity 5959K, committed 6016K, reserved 1048576K
}
Event: 18.810 GC heap after
{Heap after GC invocations=18 (full 0):
 garbage-first heap   total 374784K, used 107006K [0x0000000702400000, 0x0000000800000000)
  region size 1024K, 26 young (26624K), 26 survivors (26624K)
 Metaspace       used 49161K, capacity 50351K, committed 50480K, reserved 1093632K
  class space    used 5511K, capacity 5959K, committed 6016K, reserved 1048576K
}
Event: 21.689 GC heap before
{Heap before GC invocations=18 (full 0):
 garbage-first heap   total 374784K, used 294398K [0x0000000702400000, 0x0000000800000000)
  region size 1024K, 209 young (214016K), 26 survivors (26624K)
 Metaspace       used 50701K, capacity 51969K, committed 52144K, reserved 1095680K
  class space    used 5667K, capacity 6134K, committed 6144K, reserved 1048576K
}
Event: 21.713 GC heap after
{Heap after GC invocations=19 (full 0):
 garbage-first heap   total 374784K, used 122368K [0x0000000702400000, 0x0000000800000000)
  region size 1024K, 15 young (15360K), 15 survivors (15360K)
 Metaspace       used 50701K, capacity 51969K, committed 52144K, reserved 1095680K
  class space    used 5667K, capacity 6134K, committed 6144K, reserved 1048576K
}
Event: 24.528 GC heap before
{Heap before GC invocations=19 (full 0):
 garbage-first heap   total 374784K, used 297472K [0x0000000702400000, 0x0000000800000000)
  region size 1024K, 184 young (188416K), 15 survivors (15360K)
 Metaspace       used 53428K, capacity 54945K, committed 55088K, reserved 1097728K
  class space    used 5925K, capacity 6481K, committed 6528K, reserved 1048576K
}
Event: 24.537 GC heap after
{Heap after GC invocations=20 (full 0):
 garbage-first heap   total 374784K, used 124416K [0x0000000702400000, 0x0000000800000000)
  region size 1024K, 5 young (5120K), 5 survivors (5120K)
 Metaspace       used 53428K, capacity 54945K, committed 55088K, reserved 1097728K
  class space    used 5925K, capacity 6481K, committed 6528K, reserved 1048576K
}
Event: 24.719 GC heap before
{Heap before GC invocations=20 (full 0):
 garbage-first heap   total 374784K, used 300544K [0x0000000702400000, 0x0000000800000000)
  region size 1024K, 177 young (181248K), 5 survivors (5120K)
 Metaspace       used 53430K, capacity 54946K, committed 55088K, reserved 1097728K
  class space    used 5925K, capacity 6481K, committed 6528K, reserved 1048576K
}
Event: 24.725 GC heap after
{Heap after GC invocations=21 (full 0):
 garbage-first heap   total 374784K, used 129536K [0x0000000702400000, 0x0000000800000000)
  region size 1024K, 10 young (10240K), 10 survivors (10240K)
 Metaspace       used 53430K, capacity 54946K, committed 55088K, reserved 1097728K
  class space    used 5925K, capacity 6481K, committed 6528K, reserved 1048576K
}
Event: 25.031 GC heap before
{Heap before GC invocations=21 (full 0):
 garbage-first heap   total 374784K, used 304640K [0x0000000702400000, 0x0000000800000000)
  region size 1024K, 181 young (185344K), 10 survivors (10240K)
 Metaspace       used 53460K, capacity 54951K, committed 55088K, reserved 1097728K
  class space    used 5925K, capacity 6481K, committed 6528K, reserved 1048576K
}
Event: 25.043 GC heap after
{Heap after GC invocations=22 (full 0):
 garbage-first heap   total 374784K, used 141725K [0x0000000702400000, 0x0000000800000000)
  region size 1024K, 22 young (22528K), 22 survivors (22528K)
 Metaspace       used 53460K, capacity 54951K, committed 55088K, reserved 1097728K
  class space    used 5925K, capacity 6481K, committed 6528K, reserved 1048576K
}
Event: 25.242 GC heap before
{Heap before GC invocations=22 (full 0):
 garbage-first heap   total 374784K, used 304541K [0x0000000702400000, 0x0000000800000000)
  region size 1024K, 181 young (185344K), 22 survivors (22528K)
 Metaspace       used 53467K, capacity 54951K, committed 55088K, reserved 1097728K
  class space    used 5925K, capacity 6481K, committed 6528K, reserved 1048576K
}
Event: 25.260 GC heap after
{Heap after GC invocations=23 (full 0):
 garbage-first heap   total 374784K, used 153637K [0x0000000702400000, 0x0000000800000000)
  region size 1024K, 23 young (23552K), 23 survivors (23552K)
 Metaspace       used 53467K, capacity 54951K, committed 55088K, reserved 1097728K
  class space    used 5925K, capacity 6481K, committed 6528K, reserved 1048576K
}
Event: 25.421 GC heap before
{Heap before GC invocations=23 (full 0):
 garbage-first heap   total 374784K, used 304165K [0x0000000702400000, 0x0000000800000000)
  region size 1024K, 170 young (174080K), 23 survivors (23552K)
 Metaspace       used 53470K, capacity 54951K, committed 55088K, reserved 1097728K
  class space    used 5925K, capacity 6481K, committed 6528K, reserved 1048576K
}

Deoptimization events (20 events):
Event: 24.781 Thread 0x000001e7b240c800 Uncommon trap: trap_request=0xffffffbe fr.pc=0x000001e7c2cbfadc relative=0x000000000000459c
Event: 24.781 Thread 0x000001e7b240c800 Uncommon trap: reason=profile_predicate action=maybe_recompile pc=0x000001e7c2cbfadc method=org.springframework.nativex.type.TypeSystem.searchJar(Ljava/io/File;Ljava/util/function/Predicate;Ljava/util/function/Function;Ljava/util/Map;)V @ 24 c2
Event: 24.781 Thread 0x000001e7b240c800 DEOPT PACKING pc=0x000001e7c2cbfadc sp=0x00000048962fd930
Event: 24.781 Thread 0x000001e7b240c800 DEOPT UNPACKING pc=0x000001e7bab27b2f sp=0x00000048962fd990 mode 2
Event: 24.781 Thread 0x000001e7b240c800 Uncommon trap: trap_request=0xffffffbe fr.pc=0x000001e7c2cbfadc relative=0x000000000000459c
Event: 24.781 Thread 0x000001e7b240c800 Uncommon trap: reason=profile_predicate action=maybe_recompile pc=0x000001e7c2cbfadc method=org.springframework.nativex.type.TypeSystem.searchJar(Ljava/io/File;Ljava/util/function/Predicate;Ljava/util/function/Function;Ljava/util/Map;)V @ 24 c2
Event: 24.781 Thread 0x000001e7b240c800 DEOPT PACKING pc=0x000001e7c2cbfadc sp=0x00000048962fd930
Event: 24.781 Thread 0x000001e7b240c800 DEOPT UNPACKING pc=0x000001e7bab27b2f sp=0x00000048962fd990 mode 2
Event: 24.782 Thread 0x000001e7b240c800 Uncommon trap: trap_request=0xffffffbe fr.pc=0x000001e7c2cbfadc relative=0x000000000000459c
Event: 24.782 Thread 0x000001e7b240c800 Uncommon trap: reason=profile_predicate action=maybe_recompile pc=0x000001e7c2cbfadc method=org.springframework.nativex.type.TypeSystem.searchJar(Ljava/io/File;Ljava/util/function/Predicate;Ljava/util/function/Function;Ljava/util/Map;)V @ 24 c2
Event: 24.782 Thread 0x000001e7b240c800 DEOPT PACKING pc=0x000001e7c2cbfadc sp=0x00000048962fd930
Event: 24.782 Thread 0x000001e7b240c800 DEOPT UNPACKING pc=0x000001e7bab27b2f sp=0x00000048962fd990 mode 2
Event: 24.782 Thread 0x000001e7b240c800 Uncommon trap: trap_request=0xffffffbe fr.pc=0x000001e7c2cbfadc relative=0x000000000000459c
Event: 24.782 Thread 0x000001e7b240c800 Uncommon trap: reason=profile_predicate action=maybe_recompile pc=0x000001e7c2cbfadc method=org.springframework.nativex.type.TypeSystem.searchJar(Ljava/io/File;Ljava/util/function/Predicate;Ljava/util/function/Function;Ljava/util/Map;)V @ 24 c2
Event: 24.782 Thread 0x000001e7b240c800 DEOPT PACKING pc=0x000001e7c2cbfadc sp=0x00000048962fd930
Event: 24.782 Thread 0x000001e7b240c800 DEOPT UNPACKING pc=0x000001e7bab27b2f sp=0x00000048962fd990 mode 2
Event: 24.785 Thread 0x000001e7b240c800 Uncommon trap: trap_request=0xffffff4d fr.pc=0x000001e7c2c93628 relative=0x0000000000000b08
Event: 24.785 Thread 0x000001e7b240c800 Uncommon trap: reason=unstable_if action=reinterpret pc=0x000001e7c2c93628 method=org.springframework.nativex.type.TypeSystem.searchJar(Ljava/io/File;Ljava/util/function/Predicate;Ljava/util/function/Function;Ljava/util/Map;)V @ 54 c2
Event: 24.785 Thread 0x000001e7b240c800 DEOPT PACKING pc=0x000001e7c2c93628 sp=0x00000048962fd990
Event: 24.786 Thread 0x000001e7b240c800 DEOPT UNPACKING pc=0x000001e7bab27b2f sp=0x00000048962fd9a0 mode 2

Classes redefined (0 events):
No events

Internal exceptions (20 events):
Event: 22.132 Thread 0x000001e7b240c800 Exception <a 'sun/nio/fs/WindowsException'{0x0000000716de3cd8}> (0x0000000716de3cd8) thrown at [./src/hotspot/share/prims/jni.cpp, line 615]
Event: 22.133 Thread 0x000001e7b240c800 Exception <a 'sun/nio/fs/WindowsException'{0x0000000716dedca8}> (0x0000000716dedca8) thrown at [./src/hotspot/share/prims/jni.cpp, line 615]
Event: 22.133 Thread 0x000001e7b240c800 Exception <a 'sun/nio/fs/WindowsException'{0x0000000716dee3b0}> (0x0000000716dee3b0) thrown at [./src/hotspot/share/prims/jni.cpp, line 615]
Event: 22.133 Thread 0x000001e7b240c800 Exception <a 'sun/nio/fs/WindowsException'{0x0000000716deedf8}> (0x0000000716deedf8) thrown at [./src/hotspot/share/prims/jni.cpp, line 615]
Event: 22.135 Thread 0x000001e7b240c800 Exception <a 'sun/nio/fs/WindowsException'{0x0000000716df8d58}> (0x0000000716df8d58) thrown at [./src/hotspot/share/prims/jni.cpp, line 615]
Event: 22.135 Thread 0x000001e7b240c800 Exception <a 'sun/nio/fs/WindowsException'{0x0000000716df9458}> (0x0000000716df9458) thrown at [./src/hotspot/share/prims/jni.cpp, line 615]
Event: 22.135 Thread 0x000001e7b240c800 Exception <a 'sun/nio/fs/WindowsException'{0x0000000716df9e50}> (0x0000000716df9e50) thrown at [./src/hotspot/share/prims/jni.cpp, line 615]
Event: 22.137 Thread 0x000001e7b240c800 Exception <a 'sun/nio/fs/WindowsException'{0x0000000716c03f60}> (0x0000000716c03f60) thrown at [./src/hotspot/share/prims/jni.cpp, line 615]
Event: 22.137 Thread 0x000001e7b240c800 Exception <a 'sun/nio/fs/WindowsException'{0x0000000716c04640}> (0x0000000716c04640) thrown at [./src/hotspot/share/prims/jni.cpp, line 615]
Event: 22.137 Thread 0x000001e7b240c800 Exception <a 'sun/nio/fs/WindowsException'{0x0000000716c04f88}> (0x0000000716c04f88) thrown at [./src/hotspot/share/prims/jni.cpp, line 615]
Event: 22.497 Thread 0x000001e7b240c800 Exception <a 'java/lang/NoSuchMethodError'{0x0000000715b17d20}: 'java.lang.String org.apache.maven.execution.MavenExecutionRequest.getFailureBehavior()'> (0x0000000715b17d20) thrown at [./src/hotspot/share/interpreter/linkResolver.cpp, line 868]
Event: 22.518 Thread 0x000001e7dcecb000 Exception <a 'java/lang/NoSuchMethodError'{0x0000000715bc7ec8}: 'java.lang.Object java.lang.invoke.DirectMethodHandle$Holder.invokeStaticInit(java.lang.Object, java.lang.Object, long, java.lang.Object)'> (0x0000000715bc7ec8) thrown at [./src/hotspot/share/interpreter/linkResolver.cpp, line 773]
Event: 22.519 Thread 0x000001e7dcecb000 Exception <a 'java/lang/NoSuchMethodError'{0x0000000715bd3fe8}: 'java.lang.Object java.lang.invoke.Invokers$Holder.linkToTargetMethod(java.lang.Object, long, java.lang.Object)'> (0x0000000715bd3fe8) thrown at [./src/hotspot/share/interpreter/linkResolver.cpp, line 773]
Event: 22.792 Thread 0x000001e7b240c800 Exception <a 'java/lang/NoSuchMethodError'{0x000000071421a310}: 'void java.lang.invoke.DirectMethodHandle$Holder.invokeStatic(java.lang.Object, long)'> (0x000000071421a310) thrown at [./src/hotspot/share/interpreter/linkResolver.cpp, line 773]
Event: 22.793 Thread 0x000001e7b240c800 Exception <a 'java/lang/NoSuchMethodError'{0x000000071421f528}: 'java.lang.Object java.lang.invoke.DirectMethodHandle$Holder.invokeStatic(java.lang.Object, long)'> (0x000000071421f528) thrown at [./src/hotspot/share/interpreter/linkResolver.cpp, line 773]
Event: 22.794 Thread 0x000001e7b240c800 Exception <a 'java/lang/NoSuchMethodError'{0x0000000714222850}: 'java.lang.Object java.lang.invoke.DirectMethodHandle$Holder.invokeSpecial(java.lang.Object, java.lang.Object, long)'> (0x0000000714222850) thrown at [./src/hotspot/share/interpreter/linkResolver.cpp, line 773]
Event: 22.794 Thread 0x000001e7b240c800 Exception <a 'java/lang/NoSuchMethodError'{0x00000007142255b8}: 'java.lang.Object java.lang.invoke.Invokers$Holder.linkToTargetMethod(long, java.lang.Object)'> (0x00000007142255b8) thrown at [./src/hotspot/share/interpreter/linkResolver.cpp, line 773]
Event: 24.245 Thread 0x000001e7b240c800 Exception <a 'sun/nio/fs/WindowsException'{0x0000000713d8b688}> (0x0000000713d8b688) thrown at [./src/hotspot/share/prims/jni.cpp, line 615]
Event: 24.245 Thread 0x000001e7b240c800 Exception <a 'java/lang/reflect/InvocationTargetException'{0x0000000713d8bc38}> (0x0000000713d8bc38) thrown at [./src/hotspot/share/runtime/reflection.cpp, line 1247]
Event: 24.251 Thread 0x000001e7b240c800 Exception <a 'sun/nio/fs/WindowsException'{0x0000000713dab750}> (0x0000000713dab750) thrown at [./src/hotspot/share/prims/jni.cpp, line 615]

Events (20 events):
Event: 24.375 loading class org/springframework/security/config/annotation/rsocket/RSocketSecurityConfiguration done
Event: 24.375 loading class org/springframework/security/config/annotation/rsocket/SecuritySocketAcceptorInterceptorConfiguration
Event: 24.375 loading class org/springframework/security/config/annotation/rsocket/SecuritySocketAcceptorInterceptorConfiguration done
Event: 24.382 loading class org/springframework/context/annotation/Role
Event: 24.382 loading class org/springframework/context/annotation/Role done
Event: 24.408 loading class org/springframework/data/repository/NoRepositoryBean
Event: 24.408 loading class org/springframework/data/repository/NoRepositoryBean done
Event: 24.427 loading class org/springframework/security/config/annotation/authentication/configuration/EnableGlobalAuthentication
Event: 24.427 loading class org/springframework/security/config/annotation/authentication/configuration/EnableGlobalAuthentication done
Event: 24.428 loading class org/springframework/security/config/annotation/authentication/configuration/AuthenticationConfiguration
Event: 24.428 loading class org/springframework/security/config/annotation/authentication/configuration/AuthenticationConfiguration done
Event: 24.528 Executing VM operation: G1CollectForAllocation
Event: 24.538 Executing VM operation: G1CollectForAllocation done
Event: 24.719 Executing VM operation: G1CollectForAllocation
Event: 24.725 Executing VM operation: G1CollectForAllocation done
Event: 25.031 Executing VM operation: G1CollectForAllocation
Event: 25.043 Executing VM operation: G1CollectForAllocation done
Event: 25.242 Executing VM operation: G1CollectForAllocation
Event: 25.260 Executing VM operation: G1CollectForAllocation done
Event: 25.421 Executing VM operation: G1CollectForAllocation


Dynamic libraries:
0x00007ff6172a0000 - 0x00007ff6172ad000 	C:\Program Files\AdoptOpenJDK\jdk-11.0.10.9-hotspot\bin\java.exe
0x00007ffa2ef70000 - 0x00007ffa2f165000 	C:\Windows\SYSTEM32\ntdll.dll
0x00007ffa2ee70000 - 0x00007ffa2ef2d000 	C:\Windows\System32\KERNEL32.DLL
0x00007ffa2c810000 - 0x00007ffa2cad9000 	C:\Windows\System32\KERNELBASE.dll
0x00007ffa2cae0000 - 0x00007ffa2cbe0000 	C:\Windows\System32\ucrtbase.dll
0x00007ffa1ff00000 - 0x00007ffa1ff15000 	C:\Program Files\AdoptOpenJDK\jdk-11.0.10.9-hotspot\bin\VCRUNTIME140.dll
0x00007ffa17050000 - 0x00007ffa17067000 	C:\Program Files\AdoptOpenJDK\jdk-11.0.10.9-hotspot\bin\jli.dll
0x00007ffa2da10000 - 0x00007ffa2dbb0000 	C:\Windows\System32\USER32.dll
0x00007ffa2cd20000 - 0x00007ffa2cd42000 	C:\Windows\System32\win32u.dll
0x00007ffa2cff0000 - 0x00007ffa2d01a000 	C:\Windows\System32\GDI32.dll
0x00007ffa2cbe0000 - 0x00007ffa2cceb000 	C:\Windows\System32\gdi32full.dll
0x00007ffa2cf40000 - 0x00007ffa2cfdd000 	C:\Windows\System32\msvcp_win.dll
0x00007ffa2ba70000 - 0x00007ffa2bd0a000 	C:\Windows\WinSxS\amd64_microsoft.windows.common-controls_6595b64144ccf1df_6.0.19041.1110_none_60b5254171f9507e\COMCTL32.dll
0x00007ffa2d200000 - 0x00007ffa2d29e000 	C:\Windows\System32\msvcrt.dll
0x00007ffa2ebc0000 - 0x00007ffa2ebf0000 	C:\Windows\System32\IMM32.DLL
0x00007ffa01840000 - 0x00007ffa018db000 	C:\Program Files\AdoptOpenJDK\jdk-11.0.10.9-hotspot\bin\msvcp140.dll
0x00007ff9c7de0000 - 0x00007ff9c8923000 	C:\Program Files\AdoptOpenJDK\jdk-11.0.10.9-hotspot\bin\server\jvm.dll
0x00007ffa2ed30000 - 0x00007ffa2eddc000 	C:\Windows\System32\ADVAPI32.dll
0x00007ffa2d970000 - 0x00007ffa2da0b000 	C:\Windows\System32\sechost.dll
0x00007ffa2e430000 - 0x00007ffa2e55a000 	C:\Windows\System32\RPCRT4.dll
0x00007ffa2cfe0000 - 0x00007ffa2cfe8000 	C:\Windows\System32\PSAPI.DLL
0x00007ffa145d0000 - 0x00007ffa145d9000 	C:\Windows\SYSTEM32\WSOCK32.dll
0x00007ffa2e5c0000 - 0x00007ffa2e62b000 	C:\Windows\System32\WS2_32.dll
0x00007ffa1cde0000 - 0x00007ffa1ce07000 	C:\Windows\SYSTEM32\WINMM.dll
0x00007ffa23800000 - 0x00007ffa2380a000 	C:\Windows\SYSTEM32\VERSION.dll
0x00007ffa298f0000 - 0x00007ffa29902000 	C:\Windows\SYSTEM32\kernel.appcore.dll
0x00007ffa24350000 - 0x00007ffa24360000 	C:\Program Files\AdoptOpenJDK\jdk-11.0.10.9-hotspot\bin\verify.dll
0x00007ffa2c040000 - 0x00007ffa2c224000 	C:\Windows\SYSTEM32\DBGHELP.DLL
0x00007ffa2c010000 - 0x00007ffa2c03c000 	C:\Windows\SYSTEM32\dbgcore.DLL
0x00007ffa2cd50000 - 0x00007ffa2cdd3000 	C:\Windows\System32\bcryptPrimitives.dll
0x00007ffa0af00000 - 0x00007ffa0af28000 	C:\Program Files\AdoptOpenJDK\jdk-11.0.10.9-hotspot\bin\java.dll
0x00007ffa24260000 - 0x00007ffa2426a000 	C:\Program Files\AdoptOpenJDK\jdk-11.0.10.9-hotspot\bin\jimage.dll
0x00007ffa1feb0000 - 0x00007ffa1febe000 	C:\Program Files\AdoptOpenJDK\jdk-11.0.10.9-hotspot\bin\instrument.dll
0x00007ffa17030000 - 0x00007ffa17047000 	C:\Program Files\AdoptOpenJDK\jdk-11.0.10.9-hotspot\bin\zip.dll
0x00007ffa2dbc0000 - 0x00007ffa2e2ff000 	C:\Windows\System32\SHELL32.dll
0x00007ffa29af0000 - 0x00007ffa2a281000 	C:\Windows\SYSTEM32\windows.storage.dll
0x00007ffa2d2c0000 - 0x00007ffa2d615000 	C:\Windows\System32\combase.dll
0x00007ffa2b910000 - 0x00007ffa2b93c000 	C:\Windows\SYSTEM32\Wldp.dll
0x00007ffa2eb00000 - 0x00007ffa2ebae000 	C:\Windows\System32\SHCORE.dll
0x00007ffa2e560000 - 0x00007ffa2e5b5000 	C:\Windows\System32\shlwapi.dll
0x00007ffa2c5f0000 - 0x00007ffa2c60f000 	C:\Windows\SYSTEM32\profapi.dll
0x00007ffa17000000 - 0x00007ffa17019000 	C:\Program Files\AdoptOpenJDK\jdk-11.0.10.9-hotspot\bin\net.dll
0x00007ffa25880000 - 0x00007ffa2598a000 	C:\Windows\SYSTEM32\WINHTTP.dll
0x00007ffa2b6c0000 - 0x00007ffa2b72a000 	C:\Windows\system32\mswsock.dll
0x00007ffa0e070000 - 0x00007ffa0e082000 	C:\Program Files\AdoptOpenJDK\jdk-11.0.10.9-hotspot\bin\nio.dll
0x00007ffa0bf60000 - 0x00007ffa0bf7a000 	C:\Program Files\JetBrains\IntelliJ IDEA 2020.3.3\bin\breakgen64.dll
0x00007ffa2c3d0000 - 0x00007ffa2c3e8000 	C:\Windows\SYSTEM32\CRYPTSP.dll
0x00007ffa2b0b0000 - 0x00007ffa2b0e4000 	C:\Windows\system32\rsaenh.dll
0x00007ffa2ccf0000 - 0x00007ffa2cd17000 	C:\Windows\System32\bcrypt.dll
0x00007ffa2c5b0000 - 0x00007ffa2c5de000 	C:\Windows\SYSTEM32\USERENV.dll
0x00007ffa2b8e0000 - 0x00007ffa2b8ec000 	C:\Windows\SYSTEM32\CRYPTBASE.dll
0x00007ffa2b3e0000 - 0x00007ffa2b41b000 	C:\Windows\SYSTEM32\IPHLPAPI.DLL
0x00007ffa2ebb0000 - 0x00007ffa2ebb8000 	C:\Windows\System32\NSI.dll
0x00007ffa25410000 - 0x00007ffa25427000 	C:\Windows\SYSTEM32\dhcpcsvc6.DLL
0x00007ffa25300000 - 0x00007ffa2531d000 	C:\Windows\SYSTEM32\dhcpcsvc.DLL
0x00007ffa2b420000 - 0x00007ffa2b4ec000 	C:\Windows\SYSTEM32\DNSAPI.dll
0x00007ffa1cee0000 - 0x00007ffa1ceea000 	C:\Users\viksa\AppData\Local\Temp\jansi-1.17.1-3502935553200576601.dll
0x00007ffa1ce10000 - 0x00007ffa1ce1a000 	C:\Users\viksa\AppData\Local\Temp\jansi-1.17.1-11844266584537831468.dll

dbghelp: loaded successfully - version: 4.0.5 - missing functions: none
symbol engine: initialized successfully - sym options: 0x614 - pdb path: .;C:\Program Files\AdoptOpenJDK\jdk-11.0.10.9-hotspot\bin;C:\Windows\SYSTEM32;C:\Windows\WinSxS\amd64_microsoft.windows.common-controls_6595b64144ccf1df_6.0.19041.1110_none_60b5254171f9507e;C:\Program Files\AdoptOpenJDK\jdk-11.0.10.9-hotspot\bin\server;C:\Program Files\JetBrains\IntelliJ IDEA 2020.3.3\bin;C:\Users\viksa\AppData\Local\Temp

VM Arguments:
jvm_args: -Dmaven.multiModuleProjectDirectory=F:\WEB_PROGRAMIRANJE\demo_native\demo-working -Dmaven.home=C:\Program Files\JetBrains\IntelliJ IDEA 2020.3.3\plugins\maven\lib\maven3 -Dclassworlds.conf=C:\Program Files\JetBrains\IntelliJ IDEA 2020.3.3\plugins\maven\lib\maven3\bin\m2.conf -Dmaven.ext.class.path=C:\Program Files\JetBrains\IntelliJ IDEA 2020.3.3\plugins\maven\lib\maven-event-listener.jar -javaagent:C:\Program Files\JetBrains\IntelliJ IDEA 2020.3.3\lib\idea_rt.jar=63143:C:\Program Files\JetBrains\IntelliJ IDEA 2020.3.3\bin -Dfile.encoding=UTF-8 
java_command: org.codehaus.classworlds.Launcher -Didea.version=2020.3.3 org.springframework.boot:spring-boot-maven-plugin:2.4.4:build-image
java_class_path (initial): C:\Program Files\JetBrains\IntelliJ IDEA 2020.3.3\plugins\maven\lib\maven3\boot\plexus-classworlds-2.6.0.jar;C:\Program Files\JetBrains\IntelliJ IDEA 2020.3.3\plugins\maven\lib\maven3\boot\plexus-classworlds.license
Launcher Type: SUN_STANDARD

[Global flags]
     intx CICompilerCount                          = 3                                         {product} {ergonomic}
     uint ConcGCThreads                            = 1                                         {product} {ergonomic}
     uint G1ConcRefinementThreads                  = 4                                         {product} {ergonomic}
   size_t G1HeapRegionSize                         = 1048576                                   {product} {ergonomic}
    uintx GCDrainStackTargetSize                   = 64                                        {product} {ergonomic}
   size_t InitialHeapSize                          = 266338304                                 {product} {ergonomic}
   size_t MarkStackSize                            = 4194304                                   {product} {ergonomic}
   size_t MaxHeapSize                              = 4257218560                                {product} {ergonomic}
   size_t MaxNewSize                               = 2554331136                                {product} {ergonomic}
   size_t MinHeapDeltaBytes                        = 1048576                                   {product} {ergonomic}
    uintx NonNMethodCodeHeapSize                   = 5830732                                {pd product} {ergonomic}
    uintx NonProfiledCodeHeapSize                  = 122913754                              {pd product} {ergonomic}
    uintx ProfiledCodeHeapSize                     = 122913754                              {pd product} {ergonomic}
    uintx ReservedCodeCacheSize                    = 251658240                              {pd product} {ergonomic}
     bool SegmentedCodeCache                       = true                                      {product} {ergonomic}
     bool UseCompressedClassPointers               = true                                 {lp64_product} {ergonomic}
     bool UseCompressedOops                        = true                                 {lp64_product} {ergonomic}
     bool UseG1GC                                  = true                                      {product} {ergonomic}
     bool UseLargePagesIndividualAllocation        = false                                  {pd product} {ergonomic}

Logging:
Log output configuration:
 #0: stdout all=warning uptime,level,tags
 #1: stderr all=off uptime,level,tags

Environment Variables:
JAVA_HOME=C:\Program Files (x86)\Java\jre6
PATH=C:\Program Files (x86)\Java\jre6\bin;C:\Program Files\AdoptOpenJDK\jdk-11.0.10.9-hotspot\bin;C:\Program Files\AdoptOpenJDK\jre-11.0.10.9-hotspot\bin;C:\Program Files (x86)\AdoptOpenJDK\jdk-8.0.282.8-hotspot\bin;C:\Program Files (x86)\AdoptOpenJDK\jre-8.0.282.8-hotspot\bin;C:\Windows\system32;C:\Windows;C:\Windows\System32\Wbem;C:\Windows\System32\WindowsPowerShell\v1.0\;C:\Windows\System32\OpenSSH\;C:\Program Files\Git\cmd;C:\Program Files\nodejs\;C:\apache-maven-3.6.3\bin;C:\gradle-6.8.3\bin;D:\Program Files\GraalVM\bin;C:\Users\viksa\AppData\Local\Programs\Python\Python38\Scripts\;C:\Users\viksa\AppData\Local\Programs\Python\Python38\;C:\Users\viksa\AppData\Local\Programs\Python\Python36;C:\Users\viksa\AppData\Local\Programs\Python\Python36\Scripts;C:\Python27\Tools\Scripts;C:\Python27;C:\Program Files\Kubernetes\Minikube;C:\Program Files\Docker\Docker\resources\bin;C:\ProgramData\DockerDesktop\version-bin;C:\Windows\system32\config\systemprofile\.poetry\bin;C:\Users\viksa\AppData\Local\Programs\Python\Python38\Scripts\;C:\Users\viksa\AppData\Local\Programs\Python\Python38\;C:\Users\viksa\.poetry\bin;C:\Users\viksa\AppData\Local\Programs\Python\Python36\Scripts\;C:\Users\viksa\AppData\Local\Programs\Python\Python36\;C:\Users\viksa\AppData\Local\Microsoft\WindowsApps;C:\Users\viksa\AppData\Roaming\npm;C:\src\flutter\bin;C:\apache-maven-3.6.3\bin;C:\Users\viksa\AppData\Local\Google\Cloud SDK\google-cloud-sdk\bin;D:\Program Files\VSCode\Microsoft VS Code\bin
USERNAME=viksa
OS=Windows_NT
PROCESSOR_IDENTIFIER=Intel64 Family 6 Model 60 Stepping 3, GenuineIntel



---------------  S Y S T E M  ---------------

OS: Windows 10 , 64 bit Build 19041 (10.0.19041.1023)
OS uptime: 10 days 22:43 hours
Hyper-V role detected

CPU:total 4 (initial active 4) (4 cores per cpu, 1 threads per core) family 6 model 60 stepping 3 microcode 0x28, cmov, cx8, fxsr, mmx, sse, sse2, sse3, ssse3, sse4.1, sse4.2, popcnt, avx, avx2, aes, clmul, erms, lzcnt, tsc, tscinvbit, bmi1, bmi2, fma

Memory: 4k page, system-wide physical 16239M (8116M free)
TotalPageFile size 19567M (AvailPageFile size 6445M)
current process WorkingSet (physical memory assigned to process): 597M, peak: 601M
current process commit charge ("private bytes"): 624M, peak: 628M

vm_info: OpenJDK 64-Bit Server VM (11.0.10+9) for windows-amd64 JRE (11.0.10+9), built on Jan 20 2021 06:07:07 by "" with MS VC++ 15.9 (VS2017)

END.
