#
# A fatal error has been detected by the Java Runtime Environment:
#
#  EXCEPTION_ACCESS_VIOLATION (0xc0000005) at pc=0x00007ffb51214096, pid=13400, tid=8928
#
# JRE version: OpenJDK Runtime Environment GraalVM CE 21.0.0.2 (11.0.10+8) (build 11.0.10+8-jvmci-21.0-b06)
# Java VM: OpenJDK 64-Bit Server VM GraalVM CE 21.0.0.2 (11.0.10+8-jvmci-21.0-b06, mixed mode, sharing, tiered, jvmci, jvmci compiler, compressed oops, g1 gc, windows-amd64)
# Problematic frame:
# V  [jvm.dll+0x184096]
#
# No core dump will be written. Minidumps are not enabled by default on client versions of Windows
#
# If you would like to submit a bug report, please visit:
#   https://github.com/oracle/graal/issues
#

---------------  S U M M A R Y ------------

Command Line: -XX:+UnlockExperimentalVMOptions -XX:+EnableJVMCIProduct -XX:-UnlockExperimentalVMOptions -XX:ThreadPriorityPolicy=1 -Dmaven.multiModuleProjectDirectory=F:\WEB_PROGRAMIRANJE\demo_native\demo-working -Dmaven.home=C:\Program Files\JetBrains\IntelliJ IDEA 2020.3.3\plugins\maven\lib\maven3 -Dclassworlds.conf=C:\Program Files\JetBrains\IntelliJ IDEA 2020.3.3\plugins\maven\lib\maven3\bin\m2.conf -Dmaven.ext.class.path=C:\Program Files\JetBrains\IntelliJ IDEA 2020.3.3\plugins\maven\lib\maven-event-listener.jar -javaagent:C:\Program Files\JetBrains\IntelliJ IDEA 2020.3.3\lib\idea_rt.jar=52156:C:\Program Files\JetBrains\IntelliJ IDEA 2020.3.3\bin -Dfile.encoding=UTF-8 org.codehaus.classworlds.Launcher -Didea.version=2020.3.3 org.springframework.experimental:spring-aot-maven-plugin:0.10.3:generate

Host: Intel(R) Core(TM) i5-4460  CPU @ 3.20GHz, 4 cores, 15G,  Windows 10 , 64 bit Build 19041 (10.0.19041.1202)
Time: Mon Sep 20 19:00:16 2021 Central European Daylight Time elapsed time: 8.001015 seconds (0d 0h 0m 8s)

---------------  T H R E A D  ---------------

Current thread (0x0000027214a92800):  GCTaskThread "GC Thread#3" [stack: 0x000000d25b800000,0x000000d25b900000] [id=8928]

Stack: [0x000000d25b800000,0x000000d25b900000],  sp=0x000000d25b8ff7d8,  free space=1021k
Native frames: (J=compiled Java code, j=interpreted, Vv=VM code, C=native code)
V  [jvm.dll+0x184096]


siginfo: EXCEPTION_ACCESS_VIOLATION (0xc0000005), reading address 0x000000080839dea0


Register to memory mapping:

RIP=0x00007ffb51214096 jvm.dll
RAX=0x0000000000000001 is an unknown value
RBX=0x000000070b303e0c points into unknown readable memory: 72 7e 69 e2
RCX=
[error occurred during error reporting (printing register info), id 0xc0000005, EXCEPTION_ACCESS_VIOLATION (0xc0000005) at pc=0x00007ffb51214096]

Registers:
RAX=0x0000000000000001, RBX=0x000000070b303e0c, RCX=0x00000007134bf390, RDX=0x00000007134bf390
RSP=0x000000d25b8ff7d8, RBP=0x000002722fff8b30, RSI=0x000002722fff8b30, RDI=0x0000000000000001
R8 =0x00000007134bf390, R9 =0x000000080839de98, R10=0x000000070b303e0c, R11=0x000002722fff8ca0
R12=0x0000027214a94ba0, R13=0x00000000000003d8, R14=0x00000007134bf390, R15=0x0000000000000001
RIP=0x00007ffb51214096, EFLAGS=0x0000000000010202

Top of Stack: (sp=0x000000d25b8ff7d8)
0x000000d25b8ff7d8:   00007ffb51381fbe 000000070b303b01
0x000000d25b8ff7e8:   000002722fff8b30 000000070b303e00
0x000000d25b8ff7f8:   0000000000001f72 0000000500001f72
0x000000d25b8ff808:   00007ffb0000000b 000000780d849790
0x000000d25b8ff818:   00007ffb513596a4 000002722fff8b30
0x000000d25b8ff828:   0000000000000000 000002726968b070
0x000000d25b8ff838:   00000000000003d8 0000027214a94ba0
0x000000d25b8ff848:   000002722fff8b30 00000272675453c0
0x000000d25b8ff858:   00007ffb5135b79b 000002722fff8b30
0x000000d25b8ff868:   000000070d851a00 000000000000000d
0x000000d25b8ff878:   000000070b303e0c 000002726968aff0
0x000000d25b8ff888:   00007ffb51382d4b 0000000000000a71
0x000000d25b8ff898:   000002722fff8ca0 000002722fff8b30
0x000000d25b8ff8a8:   000000000000209e 000017ab0000209e
0x000000d25b8ff8b8:   0000156d00000a64 000000070d849790
0x000000d25b8ff8c8:   00007ffb5135b6ae 000000d25b8ff9c0 

Instructions: (pc=0x00007ffb51214096)
0x00007ffb51213f96:   eb 04 48 8b 43 08 81 78 08 00 00 00 c0 73 7d 48
0x00007ffb51213fa6:   8b 4f 38 48 8b d3 48 8b 01 ff 50 20 84 c0 75 6c
0x00007ffb51213fb6:   38 05 85 6a 8a 00 74 15 8b 53 08 8b 0d d1 df 85
0x00007ffb51213fc6:   00 48 d3 e2 48 03 15 bf df 85 00 eb 04 48 8b 53
0x00007ffb51213fd6:   08 48 8b cb 48 89 5c 24 20 e8 ac 00 00 00 80 7f
0x00007ffb51213fe6:   30 00 48 63 c8 48 89 4c 24 28 0f 28 44 24 20 74
0x00007ffb51213ff6:   17 0f 11 86 98 03 00 00 48 8b 5c 24 40 48 8b 74
0x00007ffb51214006:   24 48 48 83 c4 30 5f c3 48 8b 07 48 8d 54 24 20
0x00007ffb51214016:   48 8b cf 66 0f 7f 44 24 20 ff 50 38 48 8b 5c 24
0x00007ffb51214026:   40 48 8b 74 24 48 48 83 c4 30 5f c3 cc cc cc cc
0x00007ffb51214036:   cc cc cc cc cc cc cc cc cc cc 48 8b 49 38 48 8b
0x00007ffb51214046:   01 48 ff 60 28 cc cc cc cc cc 80 3d ea 69 8a 00
0x00007ffb51214056:   00 48 8b c1 74 1b 8b 51 08 8b 0d 33 df 85 00 48
0x00007ffb51214066:   d3 e2 48 8b c8 48 03 15 1e df 85 00 e9 19 00 00
0x00007ffb51214076:   00 48 8b 51 08 48 8b c8 e9 0d 00 00 00 cc cc cc
0x00007ffb51214086:   cc cc cc cc cc cc cc cc cc cc 4c 8b ca 48 8b d1
0x00007ffb51214096:   45 8b 41 08 45 85 c0 7e 0e 41 f6 c0 01 75 56 41
0x00007ffb512140a6:   c1 f8 03 41 8b c0 c3 79 4c 80 3d 8b 69 8a 00 00
0x00007ffb512140b6:   b8 0c 00 00 00 b9 10 00 00 00 0f 45 c8 8b 05 1b
0x00007ffb512140c6:   25 84 00 ff c8 4c 63 c8 48 63 14 11 41 8b c8 83
0x00007ffb512140d6:   e1 3f 48 d3 e2 41 8b c8 48 c1 f9 10 0f b6 c1 49
0x00007ffb512140e6:   8d 0c 11 49 f7 d1 48 03 c1 49 c1 e9 03 48 c1 e8
0x00007ffb512140f6:   03 41 23 c1 c3 49 8b 01 49 8b c9 48 ff a0 10 01
0x00007ffb51214106:   00 00 cc cc cc cc cc cc cc cc 48 8b c2 c3 cc cc
0x00007ffb51214116:   cc cc cc cc cc cc cc cc cc cc 48 83 ec 38 0f 10
0x00007ffb51214126:   02 48 8b 49 38 48 8d 54 24 20 0f 29 44 24 20 e8
0x00007ffb51214136:   16 f0 ff ff 48 83 c4 38 c3 cc 48 83 ec 38 0f 10
0x00007ffb51214146:   02 48 8b 01 48 8d 54 24 20 0f 29 44 24 20 ff 50
0x00007ffb51214156:   38 48 83 c4 38 c3 cc cc cc cc 48 89 5c 24 08 55
0x00007ffb51214166:   56 57 41 54 41 55 41 56 41 57 48 8d 6c 24 e0 48
0x00007ffb51214176:   81 ec 20 01 00 00 48 8b 05 a5 67 87 00 48 33 c4
0x00007ffb51214186:   48 89 45 10 48 8b 05 af d5 89 00 45 33 ed 4c 8b 


Stack slot to memory mapping:
stack at sp + 0 slots: 0x00007ffb51381fbe jvm.dll
stack at sp + 1 slots: 0x000000070b303b01 is pointing into object: sbg.asm.tree.VarInsnNode 
{0x000000070b303af0} - klass: 'sbg/asm/tree/VarInsnNode'
stack at sp + 2 slots: 0x000002722fff8b30 points into unknown readable memory: 0x00007ffb518e1178 | 78 11 8e 51 fb 7f 00 00
stack at sp + 3 slots: 0x000000070b303e00 points into unknown readable memory: 0x000000000000000d | 0d 00 00 00 00 00 00 00
stack at sp + 4 slots: 0x0000000000001f72 is an unknown value
stack at sp + 5 slots: 0x0000000500001f72 is an unknown value
stack at sp + 6 slots: 0x00007ffb0000000b is an unknown value
stack at sp + 7 slots: 0x000000780d849790 is an unknown value


---------------  P R O C E S S  ---------------

Threads class SMR info:
_java_thread_list=0x000002721493cb60, length=13, elements={
0x0000027269671000, 0x000002727e9a9000, 0x000002727e9aa800, 0x000002727e9cb000,
0x000002727e9cc000, 0x000002727e9cd800, 0x000002727e9d4000, 0x000002727e9d8800,
0x000002727e9ef800, 0x000002727eaf8800, 0x000002727eb62000, 0x0000027214489000,
0x0000027214af6800
}

Java Threads: ( => current thread )
  0x0000027269671000 JavaThread "main" [_thread_blocked, id=6872, stack(0x000000d25a200000,0x000000d25a300000)]
  0x000002727e9a9000 JavaThread "Reference Handler" daemon [_thread_blocked, id=3712, stack(0x000000d25a900000,0x000000d25aa00000)]
  0x000002727e9aa800 JavaThread "Finalizer" daemon [_thread_blocked, id=7120, stack(0x000000d25aa00000,0x000000d25ab00000)]
  0x000002727e9cb000 JavaThread "Signal Dispatcher" daemon [_thread_blocked, id=7896, stack(0x000000d25ab00000,0x000000d25ac00000)]
  0x000002727e9cc000 JavaThread "Attach Listener" daemon [_thread_blocked, id=12640, stack(0x000000d25ac00000,0x000000d25ad00000)]
  0x000002727e9cd800 JavaThread "Service Thread" daemon [_thread_blocked, id=592, stack(0x000000d25ad00000,0x000000d25ae00000)]
  0x000002727e9d4000 JavaThread "JVMCI-native CompilerThread0" daemon [_thread_blocked, id=8260, stack(0x000000d25ae00000,0x000000d25af00000)]
  0x000002727e9d8800 JavaThread "C1 CompilerThread0" daemon [_thread_blocked, id=7240, stack(0x000000d25af00000,0x000000d25b000000)]
  0x000002727e9ef800 JavaThread "Sweeper thread" daemon [_thread_blocked, id=12152, stack(0x000000d25b000000,0x000000d25b100000)]
  0x000002727eaf8800 JavaThread "Common-Cleaner" daemon [_thread_blocked, id=3592, stack(0x000000d25b100000,0x000000d25b200000)]
  0x000002727eb62000 JavaThread "Monitor Ctrl-Break" daemon [_thread_in_native, id=7836, stack(0x000000d25b300000,0x000000d25b400000)]
  0x0000027214489000 JavaThread "JVMCI-native CompilerThread1" daemon [_thread_blocked, id=3736, stack(0x000000d25b500000,0x000000d25b600000)]
  0x0000027214af6800 JavaThread "Libgraal MBean Registration" daemon [_thread_blocked, id=3584, stack(0x000000d25b900000,0x000000d25ba00000)]

Other Threads:
  0x000002727e9a5800 VMThread "VM Thread" [stack: 0x000000d25a800000,0x000000d25a900000] [id=2128]
  0x000002727eb63000 WatcherThread [stack: 0x000000d25b400000,0x000000d25b500000] [id=7196]
  0x000002726968a000 GCTaskThread "GC Thread#0" [stack: 0x000000d25a300000,0x000000d25a400000] [id=3108]
  0x0000027214a5b800 GCTaskThread "GC Thread#1" [stack: 0x000000d25b600000,0x000000d25b700000] [id=10540]
  0x0000027214a91800 GCTaskThread "GC Thread#2" [stack: 0x000000d25b700000,0x000000d25b800000] [id=5816]
=>0x0000027214a92800 GCTaskThread "GC Thread#3" [stack: 0x000000d25b800000,0x000000d25b900000] [id=8928]
  0x00000272696e4000 ConcurrentGCThread "G1 Main Marker" [stack: 0x000000d25a400000,0x000000d25a500000] [id=5268]
  0x00000272696e6000 ConcurrentGCThread "G1 Conc#0" [stack: 0x000000d25a500000,0x000000d25a600000] [id=4052]
  0x000002727e036800 ConcurrentGCThread "G1 Refine#0" [stack: 0x000000d25a600000,0x000000d25a700000] [id=492]
  0x000002727e037000 ConcurrentGCThread "G1 Young RemSet Sampling" [stack: 0x000000d25a700000,0x000000d25a800000] [id=60]

Threads with active compile tasks:

VM state:at safepoint (normal execution)

VM Mutex/Monitor currently owned by a thread:  ([mutex/lock_event])
[0x000002726966e890] Threads_lock - owner thread: 0x000002727e9a5800
[0x000002726966e6e0] Heap_lock - owner thread: 0x0000027269671000

Heap address: 0x0000000702400000, size: 4060 MB, Compressed Oops mode: Zero based, Oop shift amount: 3
Narrow klass base: 0x0000000800000000, Narrow klass shift: 3
Compressed class space size: 1073741824 Address: 0x0000000840000000

Heap:
 garbage-first heap   total 379904K, used 296448K [0x0000000702400000, 0x0000000800000000)
  region size 1024K, 211 young (216064K), 26 survivors (26624K)
 Metaspace       used 21837K, capacity 22589K, committed 22784K, reserved 1069056K
  class space    used 2174K, capacity 2453K, committed 2560K, reserved 1048576K
Heap Regions: E=young(eden), S=young(survivor), O=old, HS=humongous(starts), HC=humongous(continues), CS=collection set, F=free, A=archive, TAMS=top-at-mark-start (previous, next)
|   0|0x0000000702400000, 0x0000000702500000, 0x0000000702500000|100%| O|  |TAMS 0x0000000702500000, 0x0000000702400000| Untracked 
|   1|0x0000000702500000, 0x0000000702600000, 0x0000000702600000|100%| O|  |TAMS 0x0000000702600000, 0x0000000702500000| Untracked 
|   2|0x0000000702600000, 0x0000000702700000, 0x0000000702700000|100%| O|  |TAMS 0x0000000702700000, 0x0000000702600000| Untracked 
|   3|0x0000000702700000, 0x0000000702800000, 0x0000000702800000|100%| O|  |TAMS 0x0000000702800000, 0x0000000702700000| Untracked 
|   4|0x0000000702800000, 0x0000000702900000, 0x0000000702900000|100%| O|  |TAMS 0x0000000702900000, 0x0000000702800000| Untracked 
|   5|0x0000000702900000, 0x0000000702a00000, 0x0000000702a00000|100%| O|  |TAMS 0x0000000702a00000, 0x0000000702900000| Untracked 
|   6|0x0000000702a00000, 0x0000000702b00000, 0x0000000702b00000|100%| O|  |TAMS 0x0000000702b00000, 0x0000000702a00000| Untracked 
|   7|0x0000000702b00000, 0x0000000702c00000, 0x0000000702c00000|100%| O|  |TAMS 0x0000000702c00000, 0x0000000702b00000| Untracked 
|   8|0x0000000702c00000, 0x0000000702d00000, 0x0000000702d00000|100%| O|  |TAMS 0x0000000702d00000, 0x0000000702c00000| Untracked 
|   9|0x0000000702d00000, 0x0000000702e00000, 0x0000000702e00000|100%|HS|  |TAMS 0x0000000702e00000, 0x0000000702d00000| Complete 
|  10|0x0000000702e00000, 0x0000000702f00000, 0x0000000702f00000|100%| O|  |TAMS 0x0000000702f00000, 0x0000000702e00000| Untracked 
|  11|0x0000000702f00000, 0x0000000703000000, 0x0000000703000000|100%| O|  |TAMS 0x0000000703000000, 0x0000000702f00000| Untracked 
|  12|0x0000000703000000, 0x0000000703100000, 0x0000000703100000|100%| O|  |TAMS 0x0000000703100000, 0x0000000703000000| Untracked 
|  13|0x0000000703100000, 0x0000000703200000, 0x0000000703200000|100%| O|  |TAMS 0x0000000703200000, 0x0000000703100000| Untracked 
|  14|0x0000000703200000, 0x0000000703300000, 0x0000000703300000|100%| O|  |TAMS 0x0000000703300000, 0x0000000703200000| Untracked 
|  15|0x0000000703300000, 0x0000000703400000, 0x0000000703400000|100%| O|  |TAMS 0x0000000703400000, 0x0000000703300000| Untracked 
|  16|0x0000000703400000, 0x0000000703500000, 0x0000000703500000|100%| O|  |TAMS 0x0000000703500000, 0x0000000703400000| Untracked 
|  17|0x0000000703500000, 0x0000000703600000, 0x0000000703600000|100%| O|  |TAMS 0x0000000703600000, 0x0000000703500000| Untracked 
|  18|0x0000000703600000, 0x0000000703700000, 0x0000000703700000|100%| O|  |TAMS 0x0000000703700000, 0x0000000703600000| Untracked 
|  19|0x0000000703700000, 0x0000000703800000, 0x0000000703800000|100%| O|  |TAMS 0x0000000703800000, 0x0000000703700000| Untracked 
|  20|0x0000000703800000, 0x0000000703900000, 0x0000000703900000|100%| O|  |TAMS 0x0000000703900000, 0x0000000703800000| Untracked 
|  21|0x0000000703900000, 0x0000000703a00000, 0x0000000703a00000|100%| O|  |TAMS 0x0000000703a00000, 0x0000000703900000| Untracked 
|  22|0x0000000703a00000, 0x0000000703b00000, 0x0000000703b00000|100%| O|  |TAMS 0x0000000703b00000, 0x0000000703a00000| Untracked 
|  23|0x0000000703b00000, 0x0000000703c00000, 0x0000000703c00000|100%| O|  |TAMS 0x0000000703c00000, 0x0000000703b00000| Untracked 
|  24|0x0000000703c00000, 0x0000000703d00000, 0x0000000703d00000|100%| O|  |TAMS 0x0000000703c75600, 0x0000000703c00000| Untracked 
|  25|0x0000000703d00000, 0x0000000703e00000, 0x0000000703e00000|100%| O|  |TAMS 0x0000000703d00000, 0x0000000703d00000| Untracked 
|  26|0x0000000703e00000, 0x0000000703f00000, 0x0000000703f00000|100%| O|  |TAMS 0x0000000703e00000, 0x0000000703e00000| Untracked 
|  27|0x0000000703f00000, 0x0000000704000000, 0x0000000704000000|100%| O|  |TAMS 0x0000000703f00000, 0x0000000703f00000| Untracked 
|  28|0x0000000704000000, 0x0000000704100000, 0x0000000704100000|100%| O|  |TAMS 0x0000000704000000, 0x0000000704000000| Untracked 
|  29|0x0000000704100000, 0x0000000704200000, 0x0000000704200000|100%| O|  |TAMS 0x0000000704100000, 0x0000000704100000| Untracked 
|  30|0x0000000704200000, 0x0000000704300000, 0x0000000704300000|100%| O|  |TAMS 0x0000000704200000, 0x0000000704200000| Untracked 
|  31|0x0000000704300000, 0x0000000704400000, 0x0000000704400000|100%| O|  |TAMS 0x0000000704300000, 0x0000000704300000| Untracked 
|  32|0x0000000704400000, 0x0000000704500000, 0x0000000704500000|100%| O|  |TAMS 0x0000000704400000, 0x0000000704400000| Untracked 
|  33|0x0000000704500000, 0x0000000704600000, 0x0000000704600000|100%| O|  |TAMS 0x0000000704500000, 0x0000000704500000| Untracked 
|  34|0x0000000704600000, 0x0000000704700000, 0x0000000704700000|100%| O|  |TAMS 0x0000000704600000, 0x0000000704600000| Untracked 
|  35|0x0000000704700000, 0x0000000704800000, 0x0000000704800000|100%| O|  |TAMS 0x0000000704700000, 0x0000000704700000| Untracked 
|  36|0x0000000704800000, 0x0000000704900000, 0x0000000704900000|100%| O|  |TAMS 0x0000000704800000, 0x0000000704800000| Untracked 
|  37|0x0000000704900000, 0x0000000704a00000, 0x0000000704a00000|100%| O|  |TAMS 0x0000000704900000, 0x0000000704900000| Untracked 
|  38|0x0000000704a00000, 0x0000000704b00000, 0x0000000704b00000|100%| O|  |TAMS 0x0000000704a00000, 0x0000000704a00000| Untracked 
|  39|0x0000000704b00000, 0x0000000704c00000, 0x0000000704c00000|100%| O|  |TAMS 0x0000000704b00000, 0x0000000704b00000| Untracked 
|  40|0x0000000704c00000, 0x0000000704d00000, 0x0000000704d00000|100%| O|  |TAMS 0x0000000704c00000, 0x0000000704c00000| Untracked 
|  41|0x0000000704d00000, 0x0000000704e00000, 0x0000000704e00000|100%| O|  |TAMS 0x0000000704d00000, 0x0000000704d00000| Untracked 
|  42|0x0000000704e00000, 0x0000000704f00000, 0x0000000704f00000|100%| O|  |TAMS 0x0000000704e00000, 0x0000000704e00000| Untracked 
|  43|0x0000000704f00000, 0x0000000705000000, 0x0000000705000000|100%| O|  |TAMS 0x0000000704f00000, 0x0000000704f00000| Untracked 
|  44|0x0000000705000000, 0x0000000705100000, 0x0000000705100000|100%| O|  |TAMS 0x0000000705000000, 0x0000000705000000| Untracked 
|  45|0x0000000705100000, 0x0000000705200000, 0x0000000705200000|100%| O|  |TAMS 0x0000000705100000, 0x0000000705100000| Untracked 
|  46|0x0000000705200000, 0x0000000705300000, 0x0000000705300000|100%| O|  |TAMS 0x0000000705200000, 0x0000000705200000| Untracked 
|  47|0x0000000705300000, 0x0000000705400000, 0x0000000705400000|100%| O|  |TAMS 0x0000000705300000, 0x0000000705300000| Untracked 
|  48|0x0000000705400000, 0x0000000705500000, 0x0000000705500000|100%| O|  |TAMS 0x0000000705400000, 0x0000000705400000| Untracked 
|  49|0x0000000705500000, 0x0000000705600000, 0x0000000705600000|100%| O|  |TAMS 0x0000000705500000, 0x0000000705500000| Untracked 
|  50|0x0000000705600000, 0x0000000705700000, 0x0000000705700000|100%| O|  |TAMS 0x0000000705600000, 0x0000000705600000| Untracked 
|  51|0x0000000705700000, 0x0000000705800000, 0x0000000705800000|100%| O|  |TAMS 0x0000000705700000, 0x0000000705700000| Untracked 
|  52|0x0000000705800000, 0x0000000705900000, 0x0000000705900000|100%| O|  |TAMS 0x0000000705800000, 0x0000000705800000| Untracked 
|  53|0x0000000705900000, 0x0000000705a00000, 0x0000000705a00000|100%| O|  |TAMS 0x0000000705900000, 0x0000000705900000| Untracked 
|  54|0x0000000705a00000, 0x0000000705b00000, 0x0000000705b00000|100%| O|  |TAMS 0x0000000705a00000, 0x0000000705a00000| Untracked 
|  55|0x0000000705b00000, 0x0000000705c00000, 0x0000000705c00000|100%| O|  |TAMS 0x0000000705b00000, 0x0000000705b00000| Untracked 
|  56|0x0000000705c00000, 0x0000000705d00000, 0x0000000705d00000|100%| O|  |TAMS 0x0000000705c00000, 0x0000000705c00000| Untracked 
|  57|0x0000000705d00000, 0x0000000705e00000, 0x0000000705e00000|100%| O|  |TAMS 0x0000000705d00000, 0x0000000705d00000| Untracked 
|  58|0x0000000705e00000, 0x0000000705f00000, 0x0000000705f00000|100%| O|  |TAMS 0x0000000705e00000, 0x0000000705e00000| Untracked 
|  59|0x0000000705f00000, 0x0000000706000000, 0x0000000706000000|100%| O|  |TAMS 0x0000000705f00000, 0x0000000705f00000| Untracked 
|  60|0x0000000706000000, 0x0000000706100000, 0x0000000706100000|100%| O|  |TAMS 0x0000000706000000, 0x0000000706000000| Untracked 
|  61|0x0000000706100000, 0x0000000706200000, 0x0000000706200000|100%| O|  |TAMS 0x0000000706100000, 0x0000000706100000| Untracked 
|  62|0x0000000706200000, 0x0000000706300000, 0x0000000706300000|100%| O|  |TAMS 0x0000000706200000, 0x0000000706200000| Untracked 
|  63|0x0000000706300000, 0x0000000706400000, 0x0000000706400000|100%| O|  |TAMS 0x0000000706300000, 0x0000000706300000| Untracked 
|  64|0x0000000706400000, 0x0000000706500000, 0x0000000706500000|100%| O|  |TAMS 0x0000000706400000, 0x0000000706400000| Untracked 
|  65|0x0000000706500000, 0x0000000706600000, 0x0000000706600000|100%| O|  |TAMS 0x0000000706500000, 0x0000000706500000| Untracked 
|  66|0x0000000706600000, 0x0000000706700000, 0x0000000706700000|100%| O|  |TAMS 0x0000000706600000, 0x0000000706600000| Untracked 
|  67|0x0000000706700000, 0x0000000706800000, 0x0000000706800000|100%| O|  |TAMS 0x0000000706700000, 0x0000000706700000| Untracked 
|  68|0x0000000706800000, 0x0000000706900000, 0x0000000706900000|100%| O|  |TAMS 0x0000000706800000, 0x0000000706800000| Untracked 
|  69|0x0000000706900000, 0x0000000706a00000, 0x0000000706a00000|100%| O|  |TAMS 0x0000000706900000, 0x0000000706900000| Untracked 
|  70|0x0000000706a00000, 0x0000000706b00000, 0x0000000706b00000|100%| O|  |TAMS 0x0000000706a00000, 0x0000000706a00000| Untracked 
|  71|0x0000000706b00000, 0x0000000706c00000, 0x0000000706c00000|100%| O|  |TAMS 0x0000000706b00000, 0x0000000706b00000| Untracked 
|  72|0x0000000706c00000, 0x0000000706d00000, 0x0000000706d00000|100%| O|  |TAMS 0x0000000706c00000, 0x0000000706c00000| Untracked 
|  73|0x0000000706d00000, 0x0000000706e00000, 0x0000000706e00000|100%| O|  |TAMS 0x0000000706d00000, 0x0000000706d00000| Untracked 
|  74|0x0000000706e00000, 0x0000000706f00000, 0x0000000706f00000|100%| O|  |TAMS 0x0000000706e00000, 0x0000000706e00000| Untracked 
|  75|0x0000000706f00000, 0x0000000707000000, 0x0000000707000000|100%| O|  |TAMS 0x0000000706f00000, 0x0000000706f00000| Untracked 
|  76|0x0000000707000000, 0x0000000707100000, 0x0000000707100000|100%| O|  |TAMS 0x0000000707000000, 0x0000000707000000| Untracked 
|  77|0x0000000707100000, 0x0000000707200000, 0x0000000707200000|100%| O|  |TAMS 0x0000000707100000, 0x0000000707100000| Untracked 
|  78|0x0000000707200000, 0x0000000707300000, 0x0000000707300000|100%| O|  |TAMS 0x0000000707200000, 0x0000000707200000| Untracked 
|  79|0x0000000707300000, 0x0000000707400000, 0x0000000707400000|100%| O|  |TAMS 0x0000000707300000, 0x0000000707300000| Untracked 
|  80|0x0000000707400000, 0x0000000707500000, 0x0000000707500000|100%| O|  |TAMS 0x0000000707400000, 0x0000000707400000| Untracked 
|  81|0x0000000707500000, 0x0000000707600000, 0x0000000707600000|100%| O|  |TAMS 0x0000000707500000, 0x0000000707500000| Untracked 
|  82|0x0000000707600000, 0x0000000707700000, 0x0000000707700000|100%| O|  |TAMS 0x0000000707600000, 0x0000000707600000| Untracked 
|  83|0x0000000707700000, 0x0000000707800000, 0x0000000707800000|100%| O|  |TAMS 0x0000000707700000, 0x0000000707700000| Untracked 
|  84|0x0000000707800000, 0x0000000707900000, 0x0000000707900000|100%| O|  |TAMS 0x0000000707800000, 0x0000000707800000| Untracked 
|  85|0x0000000707900000, 0x0000000707a00000, 0x0000000707a00000|100%| O|  |TAMS 0x0000000707900000, 0x0000000707900000| Untracked 
|  86|0x0000000707a00000, 0x0000000707b00000, 0x0000000707b00000|100%| O|  |TAMS 0x0000000707a00000, 0x0000000707a00000| Untracked 
|  87|0x0000000707b00000, 0x0000000707c00000, 0x0000000707c00000|100%| O|  |TAMS 0x0000000707b00000, 0x0000000707b00000| Untracked 
|  88|0x0000000707c00000, 0x0000000707d00000, 0x0000000707d00000|100%| O|  |TAMS 0x0000000707c00000, 0x0000000707c00000| Untracked 
|  89|0x0000000707d00000, 0x0000000707e00000, 0x0000000707e00000|100%| O|  |TAMS 0x0000000707d00000, 0x0000000707d00000| Untracked 
|  90|0x0000000707e00000, 0x0000000707f00000, 0x0000000707f00000|100%| O|  |TAMS 0x0000000707e00000, 0x0000000707e00000| Untracked 
|  91|0x0000000707f00000, 0x0000000708000000, 0x0000000708000000|100%| O|  |TAMS 0x0000000707f00000, 0x0000000707f00000| Untracked 
|  92|0x0000000708000000, 0x0000000708100000, 0x0000000708100000|100%| O|  |TAMS 0x0000000708000000, 0x0000000708000000| Untracked 
|  93|0x0000000708100000, 0x0000000708200000, 0x0000000708200000|100%| O|  |TAMS 0x0000000708100000, 0x0000000708100000| Untracked 
|  94|0x0000000708200000, 0x0000000708300000, 0x0000000708300000|100%| O|  |TAMS 0x0000000708200000, 0x0000000708200000| Untracked 
|  95|0x0000000708300000, 0x00000007083862f8, 0x0000000708400000| 52%| O|  |TAMS 0x0000000708300000, 0x0000000708300000| Untracked 
|  96|0x0000000708400000, 0x0000000708400000, 0x0000000708500000|  0%| F|  |TAMS 0x0000000708400000, 0x0000000708400000| Untracked 
|  97|0x0000000708500000, 0x0000000708500000, 0x0000000708600000|  0%| F|  |TAMS 0x0000000708500000, 0x0000000708500000| Untracked 
|  98|0x0000000708600000, 0x0000000708600000, 0x0000000708700000|  0%| F|  |TAMS 0x0000000708600000, 0x0000000708600000| Untracked 
|  99|0x0000000708700000, 0x0000000708700000, 0x0000000708800000|  0%| F|  |TAMS 0x0000000708700000, 0x0000000708700000| Untracked 
| 100|0x0000000708800000, 0x0000000708800000, 0x0000000708900000|  0%| F|  |TAMS 0x0000000708800000, 0x0000000708800000| Untracked 
| 101|0x0000000708900000, 0x0000000708900000, 0x0000000708a00000|  0%| F|  |TAMS 0x0000000708900000, 0x0000000708900000| Untracked 
| 102|0x0000000708a00000, 0x0000000708a00000, 0x0000000708b00000|  0%| F|  |TAMS 0x0000000708a00000, 0x0000000708a00000| Untracked 
| 103|0x0000000708b00000, 0x0000000708b00000, 0x0000000708c00000|  0%| F|  |TAMS 0x0000000708b00000, 0x0000000708b00000| Untracked 
| 104|0x0000000708c00000, 0x0000000708c00000, 0x0000000708d00000|  0%| F|  |TAMS 0x0000000708c00000, 0x0000000708c00000| Untracked 
| 105|0x0000000708d00000, 0x0000000708d00000, 0x0000000708e00000|  0%| F|  |TAMS 0x0000000708d00000, 0x0000000708d00000| Untracked 
| 106|0x0000000708e00000, 0x0000000708e00000, 0x0000000708f00000|  0%| F|  |TAMS 0x0000000708e00000, 0x0000000708e00000| Untracked 
| 107|0x0000000708f00000, 0x0000000708f00000, 0x0000000709000000|  0%| F|  |TAMS 0x0000000708f00000, 0x0000000708f00000| Untracked 
| 108|0x0000000709000000, 0x0000000709000000, 0x0000000709100000|  0%| F|  |TAMS 0x0000000709000000, 0x0000000709000000| Untracked 
| 109|0x0000000709100000, 0x0000000709100000, 0x0000000709200000|  0%| F|  |TAMS 0x0000000709100000, 0x0000000709100000| Untracked 
| 110|0x0000000709200000, 0x0000000709200000, 0x0000000709300000|  0%| F|  |TAMS 0x0000000709200000, 0x0000000709200000| Untracked 
| 111|0x0000000709300000, 0x0000000709300000, 0x0000000709400000|  0%| F|  |TAMS 0x0000000709300000, 0x0000000709300000| Untracked 
| 112|0x0000000709400000, 0x0000000709400000, 0x0000000709500000|  0%| F|  |TAMS 0x0000000709400000, 0x0000000709400000| Untracked 
| 113|0x0000000709500000, 0x0000000709500000, 0x0000000709600000|  0%| F|  |TAMS 0x0000000709500000, 0x0000000709500000| Untracked 
| 114|0x0000000709600000, 0x0000000709600000, 0x0000000709700000|  0%| F|  |TAMS 0x0000000709600000, 0x0000000709600000| Untracked 
| 115|0x0000000709700000, 0x0000000709700000, 0x0000000709800000|  0%| F|  |TAMS 0x0000000709700000, 0x0000000709700000| Untracked 
| 116|0x0000000709800000, 0x0000000709800000, 0x0000000709900000|  0%| F|  |TAMS 0x0000000709800000, 0x0000000709800000| Untracked 
| 117|0x0000000709900000, 0x0000000709900000, 0x0000000709a00000|  0%| F|  |TAMS 0x0000000709900000, 0x0000000709900000| Untracked 
| 118|0x0000000709a00000, 0x0000000709a00000, 0x0000000709b00000|  0%| F|  |TAMS 0x0000000709a00000, 0x0000000709a00000| Untracked 
| 119|0x0000000709b00000, 0x0000000709b00000, 0x0000000709c00000|  0%| F|  |TAMS 0x0000000709b00000, 0x0000000709b00000| Untracked 
| 120|0x0000000709c00000, 0x0000000709c00000, 0x0000000709d00000|  0%| F|  |TAMS 0x0000000709c00000, 0x0000000709c00000| Untracked 
| 121|0x0000000709d00000, 0x0000000709d00000, 0x0000000709e00000|  0%| F|  |TAMS 0x0000000709d00000, 0x0000000709d00000| Untracked 
| 122|0x0000000709e00000, 0x0000000709e00000, 0x0000000709f00000|  0%| F|  |TAMS 0x0000000709e00000, 0x0000000709e00000| Untracked 
| 123|0x0000000709f00000, 0x0000000709f00000, 0x000000070a000000|  0%| F|  |TAMS 0x0000000709f00000, 0x0000000709f00000| Untracked 
| 124|0x000000070a000000, 0x000000070a000000, 0x000000070a100000|  0%| F|  |TAMS 0x000000070a000000, 0x000000070a000000| Untracked 
| 125|0x000000070a100000, 0x000000070a100000, 0x000000070a200000|  0%| F|  |TAMS 0x000000070a100000, 0x000000070a100000| Untracked 
| 126|0x000000070a200000, 0x000000070a200000, 0x000000070a300000|  0%| F|  |TAMS 0x000000070a200000, 0x000000070a200000| Untracked 
| 127|0x000000070a300000, 0x000000070a300000, 0x000000070a400000|  0%| F|  |TAMS 0x000000070a300000, 0x000000070a300000| Untracked 
| 128|0x000000070a400000, 0x000000070a400000, 0x000000070a500000|  0%| F|  |TAMS 0x000000070a400000, 0x000000070a400000| Untracked 
| 129|0x000000070a500000, 0x000000070a500000, 0x000000070a600000|  0%| F|  |TAMS 0x000000070a500000, 0x000000070a500000| Untracked 
| 130|0x000000070a600000, 0x000000070a600000, 0x000000070a700000|  0%| F|  |TAMS 0x000000070a600000, 0x000000070a600000| Untracked 
| 131|0x000000070a700000, 0x000000070a700000, 0x000000070a800000|  0%| F|  |TAMS 0x000000070a700000, 0x000000070a700000| Untracked 
| 132|0x000000070a800000, 0x000000070a800000, 0x000000070a900000|  0%| F|  |TAMS 0x000000070a800000, 0x000000070a800000| Untracked 
| 133|0x000000070a900000, 0x000000070a900000, 0x000000070aa00000|  0%| F|  |TAMS 0x000000070a900000, 0x000000070a900000| Untracked 
| 134|0x000000070aa00000, 0x000000070aa00000, 0x000000070ab00000|  0%| F|  |TAMS 0x000000070aa00000, 0x000000070aa00000| Untracked 
| 135|0x000000070ab00000, 0x000000070ab00000, 0x000000070ac00000|  0%| F|  |TAMS 0x000000070ab00000, 0x000000070ab00000| Untracked 
| 136|0x000000070ac00000, 0x000000070ac00000, 0x000000070ad00000|  0%| F|  |TAMS 0x000000070ac00000, 0x000000070ac00000| Untracked 
| 137|0x000000070ad00000, 0x000000070ad00000, 0x000000070ae00000|  0%| F|  |TAMS 0x000000070ad00000, 0x000000070ad00000| Untracked 
| 138|0x000000070ae00000, 0x000000070af00000, 0x000000070af00000|100%| S|  |TAMS 0x000000070ae00000, 0x000000070ae00000| Complete 
| 139|0x000000070af00000, 0x000000070b000000, 0x000000070b000000|100%| S|  |TAMS 0x000000070af00000, 0x000000070af00000| Complete 
| 140|0x000000070b000000, 0x000000070b100000, 0x000000070b100000|100%| S|  |TAMS 0x000000070b000000, 0x000000070b000000| Complete 
| 141|0x000000070b100000, 0x000000070b200000, 0x000000070b200000|100%| S|  |TAMS 0x000000070b100000, 0x000000070b100000| Complete 
| 142|0x000000070b200000, 0x000000070b300000, 0x000000070b300000|100%| S|  |TAMS 0x000000070b200000, 0x000000070b200000| Complete 
| 143|0x000000070b300000, 0x000000070b400000, 0x000000070b400000|100%| S|  |TAMS 0x000000070b300000, 0x000000070b300000| Complete 
| 144|0x000000070b400000, 0x000000070b500000, 0x000000070b500000|100%| S|  |TAMS 0x000000070b400000, 0x000000070b400000| Complete 
| 145|0x000000070b500000, 0x000000070b600000, 0x000000070b600000|100%| S|  |TAMS 0x000000070b500000, 0x000000070b500000| Complete 
| 146|0x000000070b600000, 0x000000070b700000, 0x000000070b700000|100%| S|  |TAMS 0x000000070b600000, 0x000000070b600000| Complete 
| 147|0x000000070b700000, 0x000000070b800000, 0x000000070b800000|100%| S|  |TAMS 0x000000070b700000, 0x000000070b700000| Complete 
| 148|0x000000070b800000, 0x000000070b900000, 0x000000070b900000|100%| S|  |TAMS 0x000000070b800000, 0x000000070b800000| Complete 
| 149|0x000000070b900000, 0x000000070ba00000, 0x000000070ba00000|100%| E|CS|TAMS 0x000000070b900000, 0x000000070b900000| Complete 
| 150|0x000000070ba00000, 0x000000070bb00000, 0x000000070bb00000|100%| E|CS|TAMS 0x000000070ba00000, 0x000000070ba00000| Complete 
| 151|0x000000070bb00000, 0x000000070bc00000, 0x000000070bc00000|100%| E|CS|TAMS 0x000000070bb00000, 0x000000070bb00000| Complete 
| 152|0x000000070bc00000, 0x000000070bd00000, 0x000000070bd00000|100%| E|CS|TAMS 0x000000070bc00000, 0x000000070bc00000| Complete 
| 153|0x000000070bd00000, 0x000000070be00000, 0x000000070be00000|100%| E|CS|TAMS 0x000000070bd00000, 0x000000070bd00000| Complete 
| 154|0x000000070be00000, 0x000000070bf00000, 0x000000070bf00000|100%| E|CS|TAMS 0x000000070be00000, 0x000000070be00000| Complete 
| 155|0x000000070bf00000, 0x000000070c000000, 0x000000070c000000|100%| E|CS|TAMS 0x000000070bf00000, 0x000000070bf00000| Complete 
| 156|0x000000070c000000, 0x000000070c100000, 0x000000070c100000|100%| E|CS|TAMS 0x000000070c000000, 0x000000070c000000| Complete 
| 157|0x000000070c100000, 0x000000070c200000, 0x000000070c200000|100%| E|CS|TAMS 0x000000070c100000, 0x000000070c100000| Complete 
| 158|0x000000070c200000, 0x000000070c300000, 0x000000070c300000|100%| E|CS|TAMS 0x000000070c200000, 0x000000070c200000| Complete 
| 159|0x000000070c300000, 0x000000070c400000, 0x000000070c400000|100%| E|CS|TAMS 0x000000070c300000, 0x000000070c300000| Complete 
| 160|0x000000070c400000, 0x000000070c500000, 0x000000070c500000|100%| E|CS|TAMS 0x000000070c400000, 0x000000070c400000| Complete 
| 161|0x000000070c500000, 0x000000070c600000, 0x000000070c600000|100%| E|CS|TAMS 0x000000070c500000, 0x000000070c500000| Complete 
| 162|0x000000070c600000, 0x000000070c700000, 0x000000070c700000|100%| E|CS|TAMS 0x000000070c600000, 0x000000070c600000| Complete 
| 163|0x000000070c700000, 0x000000070c800000, 0x000000070c800000|100%| E|CS|TAMS 0x000000070c700000, 0x000000070c700000| Complete 
| 164|0x000000070c800000, 0x000000070c900000, 0x000000070c900000|100%| E|CS|TAMS 0x000000070c800000, 0x000000070c800000| Complete 
| 165|0x000000070c900000, 0x000000070ca00000, 0x000000070ca00000|100%| E|CS|TAMS 0x000000070c900000, 0x000000070c900000| Complete 
| 166|0x000000070ca00000, 0x000000070cb00000, 0x000000070cb00000|100%| E|CS|TAMS 0x000000070ca00000, 0x000000070ca00000| Complete 
| 167|0x000000070cb00000, 0x000000070cc00000, 0x000000070cc00000|100%| E|CS|TAMS 0x000000070cb00000, 0x000000070cb00000| Complete 
| 168|0x000000070cc00000, 0x000000070cd00000, 0x000000070cd00000|100%| E|CS|TAMS 0x000000070cc00000, 0x000000070cc00000| Complete 
| 169|0x000000070cd00000, 0x000000070ce00000, 0x000000070ce00000|100%| E|CS|TAMS 0x000000070cd00000, 0x000000070cd00000| Complete 
| 170|0x000000070ce00000, 0x000000070cf00000, 0x000000070cf00000|100%| E|CS|TAMS 0x000000070ce00000, 0x000000070ce00000| Complete 
| 171|0x000000070cf00000, 0x000000070d000000, 0x000000070d000000|100%| S|  |TAMS 0x000000070cf00000, 0x000000070cf00000| Complete 
| 172|0x000000070d000000, 0x000000070d100000, 0x000000070d100000|100%| S|  |TAMS 0x000000070d000000, 0x000000070d000000| Complete 
| 173|0x000000070d100000, 0x000000070d200000, 0x000000070d200000|100%| S|  |TAMS 0x000000070d100000, 0x000000070d100000| Complete 
| 174|0x000000070d200000, 0x000000070d300000, 0x000000070d300000|100%| S|  |TAMS 0x000000070d200000, 0x000000070d200000| Complete 
| 175|0x000000070d300000, 0x000000070d400000, 0x000000070d400000|100%| S|  |TAMS 0x000000070d300000, 0x000000070d300000| Complete 
| 176|0x000000070d400000, 0x000000070d500000, 0x000000070d500000|100%| S|  |TAMS 0x000000070d400000, 0x000000070d400000| Complete 
| 177|0x000000070d500000, 0x000000070d600000, 0x000000070d600000|100%| S|  |TAMS 0x000000070d500000, 0x000000070d500000| Complete 
| 178|0x000000070d600000, 0x000000070d700000, 0x000000070d700000|100%| S|  |TAMS 0x000000070d600000, 0x000000070d600000| Complete 
| 179|0x000000070d700000, 0x000000070d800000, 0x000000070d800000|100%| S|  |TAMS 0x000000070d700000, 0x000000070d700000| Complete 
| 180|0x000000070d800000, 0x000000070d900000, 0x000000070d900000|100%| S|  |TAMS 0x000000070d800000, 0x000000070d800000| Complete 
| 181|0x000000070d900000, 0x000000070da00000, 0x000000070da00000|100%| S|  |TAMS 0x000000070d900000, 0x000000070d900000| Complete 
| 182|0x000000070da00000, 0x000000070db00000, 0x000000070db00000|100%| S|  |TAMS 0x000000070da00000, 0x000000070da00000| Complete 
| 183|0x000000070db00000, 0x000000070dc00000, 0x000000070dc00000|100%| S|  |TAMS 0x000000070db00000, 0x000000070db00000| Complete 
| 184|0x000000070dc00000, 0x000000070dd00000, 0x000000070dd00000|100%| S|  |TAMS 0x000000070dc00000, 0x000000070dc00000| Complete 
| 185|0x000000070dd00000, 0x000000070de00000, 0x000000070de00000|100%| S|  |TAMS 0x000000070dd00000, 0x000000070dd00000| Complete 
| 186|0x000000070de00000, 0x000000070df00000, 0x000000070df00000|100%| E|CS|TAMS 0x000000070de00000, 0x000000070de00000| Complete 
| 187|0x000000070df00000, 0x000000070e000000, 0x000000070e000000|100%| E|CS|TAMS 0x000000070df00000, 0x000000070df00000| Complete 
| 188|0x000000070e000000, 0x000000070e100000, 0x000000070e100000|100%| E|CS|TAMS 0x000000070e000000, 0x000000070e000000| Complete 
| 189|0x000000070e100000, 0x000000070e200000, 0x000000070e200000|100%| E|CS|TAMS 0x000000070e100000, 0x000000070e100000| Complete 
| 190|0x000000070e200000, 0x000000070e300000, 0x000000070e300000|100%| E|CS|TAMS 0x000000070e200000, 0x000000070e200000| Complete 
| 191|0x000000070e300000, 0x000000070e400000, 0x000000070e400000|100%| E|CS|TAMS 0x000000070e300000, 0x000000070e300000| Complete 
| 192|0x000000070e400000, 0x000000070e500000, 0x000000070e500000|100%| E|CS|TAMS 0x000000070e400000, 0x000000070e400000| Complete 
| 193|0x000000070e500000, 0x000000070e600000, 0x000000070e600000|100%| E|CS|TAMS 0x000000070e500000, 0x000000070e500000| Complete 
| 194|0x000000070e600000, 0x000000070e700000, 0x000000070e700000|100%| E|CS|TAMS 0x000000070e600000, 0x000000070e600000| Complete 
| 195|0x000000070e700000, 0x000000070e800000, 0x000000070e800000|100%| E|CS|TAMS 0x000000070e700000, 0x000000070e700000| Complete 
| 196|0x000000070e800000, 0x000000070e900000, 0x000000070e900000|100%| E|CS|TAMS 0x000000070e800000, 0x000000070e800000| Complete 
| 197|0x000000070e900000, 0x000000070ea00000, 0x000000070ea00000|100%| E|CS|TAMS 0x000000070e900000, 0x000000070e900000| Complete 
| 198|0x000000070ea00000, 0x000000070eb00000, 0x000000070eb00000|100%| E|CS|TAMS 0x000000070ea00000, 0x000000070ea00000| Complete 
| 199|0x000000070eb00000, 0x000000070ec00000, 0x000000070ec00000|100%| E|CS|TAMS 0x000000070eb00000, 0x000000070eb00000| Complete 
| 200|0x000000070ec00000, 0x000000070ed00000, 0x000000070ed00000|100%| E|CS|TAMS 0x000000070ec00000, 0x000000070ec00000| Complete 
| 201|0x000000070ed00000, 0x000000070ee00000, 0x000000070ee00000|100%| E|CS|TAMS 0x000000070ed00000, 0x000000070ed00000| Complete 
| 202|0x000000070ee00000, 0x000000070ef00000, 0x000000070ef00000|100%| E|CS|TAMS 0x000000070ee00000, 0x000000070ee00000| Complete 
| 203|0x000000070ef00000, 0x000000070f000000, 0x000000070f000000|100%| E|CS|TAMS 0x000000070ef00000, 0x000000070ef00000| Complete 
| 204|0x000000070f000000, 0x000000070f100000, 0x000000070f100000|100%| E|CS|TAMS 0x000000070f000000, 0x000000070f000000| Complete 
| 205|0x000000070f100000, 0x000000070f200000, 0x000000070f200000|100%| E|CS|TAMS 0x000000070f100000, 0x000000070f100000| Complete 
| 206|0x000000070f200000, 0x000000070f300000, 0x000000070f300000|100%| E|CS|TAMS 0x000000070f200000, 0x000000070f200000| Complete 
| 207|0x000000070f300000, 0x000000070f400000, 0x000000070f400000|100%| E|CS|TAMS 0x000000070f300000, 0x000000070f300000| Complete 
| 208|0x000000070f400000, 0x000000070f500000, 0x000000070f500000|100%| E|CS|TAMS 0x000000070f400000, 0x000000070f400000| Complete 
| 209|0x000000070f500000, 0x000000070f600000, 0x000000070f600000|100%| E|CS|TAMS 0x000000070f500000, 0x000000070f500000| Complete 
| 210|0x000000070f600000, 0x000000070f700000, 0x000000070f700000|100%| E|CS|TAMS 0x000000070f600000, 0x000000070f600000| Complete 
| 211|0x000000070f700000, 0x000000070f800000, 0x000000070f800000|100%| E|CS|TAMS 0x000000070f700000, 0x000000070f700000| Complete 
| 212|0x000000070f800000, 0x000000070f900000, 0x000000070f900000|100%| E|CS|TAMS 0x000000070f800000, 0x000000070f800000| Complete 
| 213|0x000000070f900000, 0x000000070fa00000, 0x000000070fa00000|100%| E|CS|TAMS 0x000000070f900000, 0x000000070f900000| Complete 
| 214|0x000000070fa00000, 0x000000070fb00000, 0x000000070fb00000|100%| E|CS|TAMS 0x000000070fa00000, 0x000000070fa00000| Complete 
| 215|0x000000070fb00000, 0x000000070fc00000, 0x000000070fc00000|100%| E|CS|TAMS 0x000000070fb00000, 0x000000070fb00000| Complete 
| 216|0x000000070fc00000, 0x000000070fd00000, 0x000000070fd00000|100%| E|CS|TAMS 0x000000070fc00000, 0x000000070fc00000| Complete 
| 217|0x000000070fd00000, 0x000000070fe00000, 0x000000070fe00000|100%| E|CS|TAMS 0x000000070fd00000, 0x000000070fd00000| Complete 
| 218|0x000000070fe00000, 0x000000070ff00000, 0x000000070ff00000|100%| E|CS|TAMS 0x000000070fe00000, 0x000000070fe00000| Complete 
| 219|0x000000070ff00000, 0x0000000710000000, 0x0000000710000000|100%| E|CS|TAMS 0x000000070ff00000, 0x000000070ff00000| Complete 
| 220|0x0000000710000000, 0x0000000710100000, 0x0000000710100000|100%| E|CS|TAMS 0x0000000710000000, 0x0000000710000000| Complete 
| 221|0x0000000710100000, 0x0000000710200000, 0x0000000710200000|100%| E|CS|TAMS 0x0000000710100000, 0x0000000710100000| Complete 
| 222|0x0000000710200000, 0x0000000710300000, 0x0000000710300000|100%| E|CS|TAMS 0x0000000710200000, 0x0000000710200000| Complete 
| 223|0x0000000710300000, 0x0000000710400000, 0x0000000710400000|100%| E|CS|TAMS 0x0000000710300000, 0x0000000710300000| Complete 
| 224|0x0000000710400000, 0x0000000710500000, 0x0000000710500000|100%| E|CS|TAMS 0x0000000710400000, 0x0000000710400000| Complete 
| 225|0x0000000710500000, 0x0000000710600000, 0x0000000710600000|100%| E|CS|TAMS 0x0000000710500000, 0x0000000710500000| Complete 
| 226|0x0000000710600000, 0x0000000710700000, 0x0000000710700000|100%| E|CS|TAMS 0x0000000710600000, 0x0000000710600000| Complete 
| 227|0x0000000710700000, 0x0000000710800000, 0x0000000710800000|100%| E|CS|TAMS 0x0000000710700000, 0x0000000710700000| Complete 
| 228|0x0000000710800000, 0x0000000710900000, 0x0000000710900000|100%| E|CS|TAMS 0x0000000710800000, 0x0000000710800000| Complete 
| 229|0x0000000710900000, 0x0000000710a00000, 0x0000000710a00000|100%| E|CS|TAMS 0x0000000710900000, 0x0000000710900000| Complete 
| 230|0x0000000710a00000, 0x0000000710b00000, 0x0000000710b00000|100%| E|CS|TAMS 0x0000000710a00000, 0x0000000710a00000| Complete 
| 231|0x0000000710b00000, 0x0000000710c00000, 0x0000000710c00000|100%| E|CS|TAMS 0x0000000710b00000, 0x0000000710b00000| Complete 
| 232|0x0000000710c00000, 0x0000000710d00000, 0x0000000710d00000|100%| E|CS|TAMS 0x0000000710c00000, 0x0000000710c00000| Complete 
| 233|0x0000000710d00000, 0x0000000710e00000, 0x0000000710e00000|100%| E|CS|TAMS 0x0000000710d00000, 0x0000000710d00000| Complete 
| 234|0x0000000710e00000, 0x0000000710f00000, 0x0000000710f00000|100%| E|CS|TAMS 0x0000000710e00000, 0x0000000710e00000| Complete 
| 235|0x0000000710f00000, 0x0000000711000000, 0x0000000711000000|100%| E|CS|TAMS 0x0000000710f00000, 0x0000000710f00000| Complete 
| 236|0x0000000711000000, 0x0000000711100000, 0x0000000711100000|100%| E|CS|TAMS 0x0000000711000000, 0x0000000711000000| Complete 
| 237|0x0000000711100000, 0x0000000711200000, 0x0000000711200000|100%| E|CS|TAMS 0x0000000711100000, 0x0000000711100000| Complete 
| 238|0x0000000711200000, 0x0000000711300000, 0x0000000711300000|100%| E|CS|TAMS 0x0000000711200000, 0x0000000711200000| Complete 
| 239|0x0000000711300000, 0x0000000711400000, 0x0000000711400000|100%| E|CS|TAMS 0x0000000711300000, 0x0000000711300000| Complete 
| 240|0x0000000711400000, 0x0000000711500000, 0x0000000711500000|100%| E|CS|TAMS 0x0000000711400000, 0x0000000711400000| Complete 
| 241|0x0000000711500000, 0x0000000711600000, 0x0000000711600000|100%| E|CS|TAMS 0x0000000711500000, 0x0000000711500000| Complete 
| 242|0x0000000711600000, 0x0000000711700000, 0x0000000711700000|100%| E|CS|TAMS 0x0000000711600000, 0x0000000711600000| Complete 
| 243|0x0000000711700000, 0x0000000711800000, 0x0000000711800000|100%| E|CS|TAMS 0x0000000711700000, 0x0000000711700000| Complete 
| 244|0x0000000711800000, 0x0000000711900000, 0x0000000711900000|100%| E|CS|TAMS 0x0000000711800000, 0x0000000711800000| Complete 
| 245|0x0000000711900000, 0x0000000711a00000, 0x0000000711a00000|100%| E|CS|TAMS 0x0000000711900000, 0x0000000711900000| Complete 
| 246|0x0000000711a00000, 0x0000000711b00000, 0x0000000711b00000|100%| E|CS|TAMS 0x0000000711a00000, 0x0000000711a00000| Complete 
| 247|0x0000000711b00000, 0x0000000711c00000, 0x0000000711c00000|100%| E|CS|TAMS 0x0000000711b00000, 0x0000000711b00000| Complete 
| 248|0x0000000711c00000, 0x0000000711d00000, 0x0000000711d00000|100%| E|CS|TAMS 0x0000000711c00000, 0x0000000711c00000| Complete 
| 249|0x0000000711d00000, 0x0000000711e00000, 0x0000000711e00000|100%| E|CS|TAMS 0x0000000711d00000, 0x0000000711d00000| Complete 
| 250|0x0000000711e00000, 0x0000000711f00000, 0x0000000711f00000|100%| E|CS|TAMS 0x0000000711e00000, 0x0000000711e00000| Complete 
| 251|0x0000000711f00000, 0x0000000712000000, 0x0000000712000000|100%| E|CS|TAMS 0x0000000711f00000, 0x0000000711f00000| Complete 
| 252|0x0000000712000000, 0x0000000712100000, 0x0000000712100000|100%| E|CS|TAMS 0x0000000712000000, 0x0000000712000000| Complete 
| 253|0x0000000712100000, 0x0000000712200000, 0x0000000712200000|100%| E|CS|TAMS 0x0000000712100000, 0x0000000712100000| Complete 
| 254|0x0000000712200000, 0x0000000712300000, 0x0000000712300000|100%| E|CS|TAMS 0x0000000712200000, 0x0000000712200000| Complete 
| 255|0x0000000712300000, 0x0000000712400000, 0x0000000712400000|100%| E|CS|TAMS 0x0000000712300000, 0x0000000712300000| Complete 
| 256|0x0000000712400000, 0x0000000712500000, 0x0000000712500000|100%| E|CS|TAMS 0x0000000712400000, 0x0000000712400000| Complete 
| 257|0x0000000712500000, 0x0000000712600000, 0x0000000712600000|100%| E|CS|TAMS 0x0000000712500000, 0x0000000712500000| Complete 
| 258|0x0000000712600000, 0x0000000712700000, 0x0000000712700000|100%| E|CS|TAMS 0x0000000712600000, 0x0000000712600000| Complete 
| 259|0x0000000712700000, 0x0000000712800000, 0x0000000712800000|100%| E|CS|TAMS 0x0000000712700000, 0x0000000712700000| Complete 
| 260|0x0000000712800000, 0x0000000712900000, 0x0000000712900000|100%| E|CS|TAMS 0x0000000712800000, 0x0000000712800000| Complete 
| 261|0x0000000712900000, 0x0000000712a00000, 0x0000000712a00000|100%| E|CS|TAMS 0x0000000712900000, 0x0000000712900000| Complete 
| 262|0x0000000712a00000, 0x0000000712b00000, 0x0000000712b00000|100%| E|CS|TAMS 0x0000000712a00000, 0x0000000712a00000| Complete 
| 263|0x0000000712b00000, 0x0000000712c00000, 0x0000000712c00000|100%| E|CS|TAMS 0x0000000712b00000, 0x0000000712b00000| Complete 
| 264|0x0000000712c00000, 0x0000000712d00000, 0x0000000712d00000|100%| E|CS|TAMS 0x0000000712c00000, 0x0000000712c00000| Complete 
| 265|0x0000000712d00000, 0x0000000712e00000, 0x0000000712e00000|100%| E|CS|TAMS 0x0000000712d00000, 0x0000000712d00000| Complete 
| 266|0x0000000712e00000, 0x0000000712f00000, 0x0000000712f00000|100%| E|CS|TAMS 0x0000000712e00000, 0x0000000712e00000| Complete 
| 267|0x0000000712f00000, 0x0000000713000000, 0x0000000713000000|100%| E|CS|TAMS 0x0000000712f00000, 0x0000000712f00000| Complete 
| 268|0x0000000713000000, 0x0000000713100000, 0x0000000713100000|100%| E|CS|TAMS 0x0000000713000000, 0x0000000713000000| Complete 
| 269|0x0000000713100000, 0x0000000713200000, 0x0000000713200000|100%| E|CS|TAMS 0x0000000713100000, 0x0000000713100000| Complete 
| 270|0x0000000713200000, 0x0000000713300000, 0x0000000713300000|100%| E|CS|TAMS 0x0000000713200000, 0x0000000713200000| Complete 
| 271|0x0000000713300000, 0x0000000713400000, 0x0000000713400000|100%| E|CS|TAMS 0x0000000713300000, 0x0000000713300000| Complete 
| 272|0x0000000713400000, 0x0000000713500000, 0x0000000713500000|100%| E|CS|TAMS 0x0000000713400000, 0x0000000713400000| Complete 
| 273|0x0000000713500000, 0x0000000713600000, 0x0000000713600000|100%| E|CS|TAMS 0x0000000713500000, 0x0000000713500000| Complete 
| 274|0x0000000713600000, 0x0000000713700000, 0x0000000713700000|100%| E|CS|TAMS 0x0000000713600000, 0x0000000713600000| Complete 
| 275|0x0000000713700000, 0x0000000713800000, 0x0000000713800000|100%| E|CS|TAMS 0x0000000713700000, 0x0000000713700000| Complete 
| 276|0x0000000713800000, 0x0000000713900000, 0x0000000713900000|100%| E|CS|TAMS 0x0000000713800000, 0x0000000713800000| Complete 
| 277|0x0000000713900000, 0x0000000713a00000, 0x0000000713a00000|100%| E|CS|TAMS 0x0000000713900000, 0x0000000713900000| Complete 
| 278|0x0000000713a00000, 0x0000000713b00000, 0x0000000713b00000|100%| E|CS|TAMS 0x0000000713a00000, 0x0000000713a00000| Complete 
| 279|0x0000000713b00000, 0x0000000713c00000, 0x0000000713c00000|100%| E|CS|TAMS 0x0000000713b00000, 0x0000000713b00000| Complete 
| 280|0x0000000713c00000, 0x0000000713d00000, 0x0000000713d00000|100%| E|CS|TAMS 0x0000000713c00000, 0x0000000713c00000| Complete 
| 281|0x0000000713d00000, 0x0000000713e00000, 0x0000000713e00000|100%| E|CS|TAMS 0x0000000713d00000, 0x0000000713d00000| Complete 
| 282|0x0000000713e00000, 0x0000000713f00000, 0x0000000713f00000|100%| E|CS|TAMS 0x0000000713e00000, 0x0000000713e00000| Complete 
| 283|0x0000000713f00000, 0x0000000714000000, 0x0000000714000000|100%| E|CS|TAMS 0x0000000713f00000, 0x0000000713f00000| Complete 
| 284|0x0000000714000000, 0x0000000714100000, 0x0000000714100000|100%| E|CS|TAMS 0x0000000714000000, 0x0000000714000000| Complete 
| 285|0x0000000714100000, 0x0000000714200000, 0x0000000714200000|100%| E|CS|TAMS 0x0000000714100000, 0x0000000714100000| Complete 
| 286|0x0000000714200000, 0x0000000714300000, 0x0000000714300000|100%| E|CS|TAMS 0x0000000714200000, 0x0000000714200000| Complete 
| 287|0x0000000714300000, 0x0000000714400000, 0x0000000714400000|100%| E|CS|TAMS 0x0000000714300000, 0x0000000714300000| Complete 
| 288|0x0000000714400000, 0x0000000714500000, 0x0000000714500000|100%| E|CS|TAMS 0x0000000714400000, 0x0000000714400000| Complete 
| 289|0x0000000714500000, 0x0000000714600000, 0x0000000714600000|100%| E|CS|TAMS 0x0000000714500000, 0x0000000714500000| Complete 
| 290|0x0000000714600000, 0x0000000714700000, 0x0000000714700000|100%| E|CS|TAMS 0x0000000714600000, 0x0000000714600000| Complete 
| 291|0x0000000714700000, 0x0000000714800000, 0x0000000714800000|100%| E|CS|TAMS 0x0000000714700000, 0x0000000714700000| Complete 
| 292|0x0000000714800000, 0x0000000714900000, 0x0000000714900000|100%| E|CS|TAMS 0x0000000714800000, 0x0000000714800000| Complete 
| 293|0x0000000714900000, 0x0000000714a00000, 0x0000000714a00000|100%| E|CS|TAMS 0x0000000714900000, 0x0000000714900000| Complete 
| 294|0x0000000714a00000, 0x0000000714b00000, 0x0000000714b00000|100%| E|CS|TAMS 0x0000000714a00000, 0x0000000714a00000| Complete 
| 295|0x0000000714b00000, 0x0000000714c00000, 0x0000000714c00000|100%| E|CS|TAMS 0x0000000714b00000, 0x0000000714b00000| Complete 
| 296|0x0000000714c00000, 0x0000000714d00000, 0x0000000714d00000|100%| E|CS|TAMS 0x0000000714c00000, 0x0000000714c00000| Complete 
| 297|0x0000000714d00000, 0x0000000714e00000, 0x0000000714e00000|100%| E|CS|TAMS 0x0000000714d00000, 0x0000000714d00000| Complete 
| 298|0x0000000714e00000, 0x0000000714f00000, 0x0000000714f00000|100%| E|CS|TAMS 0x0000000714e00000, 0x0000000714e00000| Complete 
| 299|0x0000000714f00000, 0x0000000715000000, 0x0000000715000000|100%| E|CS|TAMS 0x0000000714f00000, 0x0000000714f00000| Complete 
| 300|0x0000000715000000, 0x0000000715100000, 0x0000000715100000|100%| E|CS|TAMS 0x0000000715000000, 0x0000000715000000| Complete 
| 301|0x0000000715100000, 0x0000000715200000, 0x0000000715200000|100%| E|CS|TAMS 0x0000000715100000, 0x0000000715100000| Complete 
| 302|0x0000000715200000, 0x0000000715300000, 0x0000000715300000|100%| E|CS|TAMS 0x0000000715200000, 0x0000000715200000| Complete 
| 303|0x0000000715300000, 0x0000000715400000, 0x0000000715400000|100%| E|CS|TAMS 0x0000000715300000, 0x0000000715300000| Complete 
| 304|0x0000000715400000, 0x0000000715500000, 0x0000000715500000|100%| E|CS|TAMS 0x0000000715400000, 0x0000000715400000| Complete 
| 305|0x0000000715500000, 0x0000000715600000, 0x0000000715600000|100%| E|CS|TAMS 0x0000000715500000, 0x0000000715500000| Complete 
| 306|0x0000000715600000, 0x0000000715700000, 0x0000000715700000|100%| E|CS|TAMS 0x0000000715600000, 0x0000000715600000| Complete 
| 307|0x0000000715700000, 0x0000000715800000, 0x0000000715800000|100%| E|CS|TAMS 0x0000000715700000, 0x0000000715700000| Complete 
| 308|0x0000000715800000, 0x0000000715900000, 0x0000000715900000|100%| E|CS|TAMS 0x0000000715800000, 0x0000000715800000| Complete 
| 309|0x0000000715900000, 0x0000000715a00000, 0x0000000715a00000|100%| E|CS|TAMS 0x0000000715900000, 0x0000000715900000| Complete 
| 310|0x0000000715a00000, 0x0000000715b00000, 0x0000000715b00000|100%| E|CS|TAMS 0x0000000715a00000, 0x0000000715a00000| Complete 
| 311|0x0000000715b00000, 0x0000000715c00000, 0x0000000715c00000|100%| E|CS|TAMS 0x0000000715b00000, 0x0000000715b00000| Complete 
| 312|0x0000000715c00000, 0x0000000715d00000, 0x0000000715d00000|100%| E|CS|TAMS 0x0000000715c00000, 0x0000000715c00000| Complete 
| 313|0x0000000715d00000, 0x0000000715e00000, 0x0000000715e00000|100%| E|CS|TAMS 0x0000000715d00000, 0x0000000715d00000| Complete 
| 314|0x0000000715e00000, 0x0000000715f00000, 0x0000000715f00000|100%| E|CS|TAMS 0x0000000715e00000, 0x0000000715e00000| Complete 
| 315|0x0000000715f00000, 0x0000000716000000, 0x0000000716000000|100%| E|CS|TAMS 0x0000000715f00000, 0x0000000715f00000| Complete 
| 316|0x0000000716000000, 0x0000000716100000, 0x0000000716100000|100%| E|CS|TAMS 0x0000000716000000, 0x0000000716000000| Complete 
| 317|0x0000000716100000, 0x0000000716200000, 0x0000000716200000|100%| E|CS|TAMS 0x0000000716100000, 0x0000000716100000| Complete 
| 318|0x0000000716200000, 0x0000000716300000, 0x0000000716300000|100%| E|CS|TAMS 0x0000000716200000, 0x0000000716200000| Complete 
| 319|0x0000000716300000, 0x0000000716400000, 0x0000000716400000|100%| E|CS|TAMS 0x0000000716300000, 0x0000000716300000| Complete 
| 320|0x0000000716400000, 0x0000000716500000, 0x0000000716500000|100%| E|CS|TAMS 0x0000000716400000, 0x0000000716400000| Complete 
| 321|0x0000000716500000, 0x0000000716600000, 0x0000000716600000|100%| E|CS|TAMS 0x0000000716500000, 0x0000000716500000| Complete 
| 322|0x0000000716600000, 0x0000000716700000, 0x0000000716700000|100%| E|CS|TAMS 0x0000000716600000, 0x0000000716600000| Complete 
| 323|0x0000000716700000, 0x0000000716800000, 0x0000000716800000|100%| E|CS|TAMS 0x0000000716700000, 0x0000000716700000| Complete 
| 324|0x0000000716800000, 0x0000000716900000, 0x0000000716900000|100%| E|CS|TAMS 0x0000000716800000, 0x0000000716800000| Complete 
| 325|0x0000000716900000, 0x0000000716a00000, 0x0000000716a00000|100%| E|CS|TAMS 0x0000000716900000, 0x0000000716900000| Complete 
| 326|0x0000000716a00000, 0x0000000716b00000, 0x0000000716b00000|100%| E|CS|TAMS 0x0000000716a00000, 0x0000000716a00000| Complete 
| 327|0x0000000716b00000, 0x0000000716c00000, 0x0000000716c00000|100%| E|CS|TAMS 0x0000000716b00000, 0x0000000716b00000| Complete 
| 328|0x0000000716c00000, 0x0000000716d00000, 0x0000000716d00000|100%| E|CS|TAMS 0x0000000716c00000, 0x0000000716c00000| Complete 
| 329|0x0000000716d00000, 0x0000000716e00000, 0x0000000716e00000|100%| E|CS|TAMS 0x0000000716d00000, 0x0000000716d00000| Complete 
| 330|0x0000000716e00000, 0x0000000716f00000, 0x0000000716f00000|100%| E|CS|TAMS 0x0000000716e00000, 0x0000000716e00000| Complete 
| 331|0x0000000716f00000, 0x0000000717000000, 0x0000000717000000|100%| E|CS|TAMS 0x0000000716f00000, 0x0000000716f00000| Complete 
| 332|0x0000000717000000, 0x0000000717100000, 0x0000000717100000|100%| E|CS|TAMS 0x0000000717000000, 0x0000000717000000| Complete 
| 333|0x0000000717100000, 0x0000000717200000, 0x0000000717200000|100%| E|CS|TAMS 0x0000000717100000, 0x0000000717100000| Complete 
| 334|0x0000000717200000, 0x0000000717300000, 0x0000000717300000|100%| E|CS|TAMS 0x0000000717200000, 0x0000000717200000| Complete 
| 335|0x0000000717300000, 0x0000000717400000, 0x0000000717400000|100%| E|CS|TAMS 0x0000000717300000, 0x0000000717300000| Complete 
| 336|0x0000000717400000, 0x0000000717500000, 0x0000000717500000|100%| E|CS|TAMS 0x0000000717400000, 0x0000000717400000| Complete 
| 337|0x0000000717500000, 0x0000000717600000, 0x0000000717600000|100%| E|CS|TAMS 0x0000000717500000, 0x0000000717500000| Complete 
| 338|0x0000000717600000, 0x0000000717700000, 0x0000000717700000|100%| E|CS|TAMS 0x0000000717600000, 0x0000000717600000| Complete 
| 339|0x0000000717700000, 0x0000000717800000, 0x0000000717800000|100%| E|CS|TAMS 0x0000000717700000, 0x0000000717700000| Complete 
| 340|0x0000000717800000, 0x0000000717900000, 0x0000000717900000|100%| E|CS|TAMS 0x0000000717800000, 0x0000000717800000| Complete 
| 341|0x0000000717900000, 0x0000000717a00000, 0x0000000717a00000|100%| E|CS|TAMS 0x0000000717900000, 0x0000000717900000| Complete 
| 342|0x0000000717a00000, 0x0000000717b00000, 0x0000000717b00000|100%| E|CS|TAMS 0x0000000717a00000, 0x0000000717a00000| Complete 
| 343|0x0000000717b00000, 0x0000000717c00000, 0x0000000717c00000|100%| E|CS|TAMS 0x0000000717b00000, 0x0000000717b00000| Complete 
| 344|0x0000000717c00000, 0x0000000717d00000, 0x0000000717d00000|100%| E|CS|TAMS 0x0000000717c00000, 0x0000000717c00000| Complete 
| 345|0x0000000717d00000, 0x0000000717e00000, 0x0000000717e00000|100%| E|CS|TAMS 0x0000000717d00000, 0x0000000717d00000| Complete 
| 346|0x0000000717e00000, 0x0000000717f00000, 0x0000000717f00000|100%| E|CS|TAMS 0x0000000717e00000, 0x0000000717e00000| Complete 
| 347|0x0000000717f00000, 0x0000000718000000, 0x0000000718000000|100%| E|CS|TAMS 0x0000000717f00000, 0x0000000717f00000| Complete 
| 348|0x0000000718000000, 0x0000000718100000, 0x0000000718100000|100%| E|CS|TAMS 0x0000000718000000, 0x0000000718000000| Complete 
| 349|0x0000000718100000, 0x0000000718200000, 0x0000000718200000|100%| E|CS|TAMS 0x0000000718100000, 0x0000000718100000| Complete 
| 350|0x0000000718200000, 0x0000000718300000, 0x0000000718300000|100%| E|CS|TAMS 0x0000000718200000, 0x0000000718200000| Complete 
| 351|0x0000000718300000, 0x0000000718400000, 0x0000000718400000|100%| E|CS|TAMS 0x0000000718300000, 0x0000000718300000| Complete 
| 352|0x0000000718400000, 0x0000000718500000, 0x0000000718500000|100%| E|CS|TAMS 0x0000000718400000, 0x0000000718400000| Complete 
| 353|0x0000000718500000, 0x0000000718600000, 0x0000000718600000|100%| E|CS|TAMS 0x0000000718500000, 0x0000000718500000| Complete 
| 354|0x0000000718600000, 0x0000000718700000, 0x0000000718700000|100%| E|CS|TAMS 0x0000000718600000, 0x0000000718600000| Complete 
| 355|0x0000000718700000, 0x0000000718800000, 0x0000000718800000|100%| E|CS|TAMS 0x0000000718700000, 0x0000000718700000| Complete 
| 356|0x0000000718800000, 0x0000000718900000, 0x0000000718900000|100%| E|CS|TAMS 0x0000000718800000, 0x0000000718800000| Complete 
| 357|0x0000000718900000, 0x0000000718a00000, 0x0000000718a00000|100%| E|CS|TAMS 0x0000000718900000, 0x0000000718900000| Complete 
| 358|0x0000000718a00000, 0x0000000718b00000, 0x0000000718b00000|100%| E|CS|TAMS 0x0000000718a00000, 0x0000000718a00000| Complete 
| 359|0x0000000718b00000, 0x0000000718c00000, 0x0000000718c00000|100%| E|CS|TAMS 0x0000000718b00000, 0x0000000718b00000| Complete 
| 360|0x0000000718c00000, 0x0000000718d00000, 0x0000000718d00000|100%| E|CS|TAMS 0x0000000718c00000, 0x0000000718c00000| Complete 
| 361|0x0000000718d00000, 0x0000000718e00000, 0x0000000718e00000|100%| E|CS|TAMS 0x0000000718d00000, 0x0000000718d00000| Complete 
| 362|0x0000000718e00000, 0x0000000718f00000, 0x0000000718f00000|100%| E|CS|TAMS 0x0000000718e00000, 0x0000000718e00000| Complete 
| 363|0x0000000718f00000, 0x0000000719000000, 0x0000000719000000|100%| E|CS|TAMS 0x0000000718f00000, 0x0000000718f00000| Complete 
| 364|0x0000000719000000, 0x0000000719100000, 0x0000000719100000|100%| E|CS|TAMS 0x0000000719000000, 0x0000000719000000| Complete 
| 365|0x0000000719100000, 0x0000000719200000, 0x0000000719200000|100%| E|CS|TAMS 0x0000000719100000, 0x0000000719100000| Complete 
| 366|0x0000000719200000, 0x0000000719300000, 0x0000000719300000|100%| E|CS|TAMS 0x0000000719200000, 0x0000000719200000| Complete 
| 367|0x0000000719300000, 0x0000000719400000, 0x0000000719400000|100%| E|CS|TAMS 0x0000000719300000, 0x0000000719300000| Complete 
| 368|0x0000000719400000, 0x0000000719500000, 0x0000000719500000|100%| E|CS|TAMS 0x0000000719400000, 0x0000000719400000| Complete 
| 369|0x0000000719500000, 0x0000000719600000, 0x0000000719600000|100%| E|CS|TAMS 0x0000000719500000, 0x0000000719500000| Complete 
| 370|0x0000000719600000, 0x0000000719700000, 0x0000000719700000|100%| E|CS|TAMS 0x0000000719600000, 0x0000000719600000| Complete 

Card table byte_map: [0x0000027272d90000,0x0000027273580000] _byte_map_base: 0x000002726f57e000

Marking Bits (Prev, Next): (CMBitMap*) 0x00000272696d3710, (CMBitMap*) 0x00000272696d36d8
 Prev Bits: [0x0000027277ce0000, 0x000002727bc50000)
 Next Bits: [0x0000027273d70000, 0x0000027277ce0000)

Polling page: 0x0000027268e50000

Metaspace:

Usage:
  Non-class:     19.66 MB capacity,    19.20 MB ( 98%) used,   428.52 KB (  2%) free+waste,    44.44 KB ( <1%) overhead. 
      Class:      2.40 MB capacity,     2.12 MB ( 89%) used,   259.65 KB ( 11%) free+waste,    18.81 KB ( <1%) overhead. 
       Both:     22.06 MB capacity,    21.33 MB ( 97%) used,   688.16 KB (  3%) free+waste,    63.25 KB ( <1%) overhead. 

Virtual space:
  Non-class space:       20.00 MB reserved,      19.75 MB ( 99%) committed 
      Class space:        1.00 GB reserved,       2.50 MB ( <1%) committed 
             Both:        1.02 GB reserved,      22.25 MB (  2%) committed 

Chunk freelists:
   Non-Class:  24.00 KB
       Class:  11.00 KB
        Both:  35.00 KB

MaxMetaspaceSize: 17179869184.00 GB
CompressedClassSpaceSize: 1.00 GB

CodeHeap 'non-profiled nmethods': size=120064Kb used=3765Kb max_used=3765Kb free=116298Kb
 bounds [0x0000027207ac0000, 0x0000027207e70000, 0x000002720f000000]
CodeHeap 'profiled nmethods': size=120000Kb used=16263Kb max_used=16263Kb free=103736Kb
 bounds [0x0000027200590000, 0x0000027201580000, 0x0000027207ac0000]
CodeHeap 'non-nmethods': size=5696Kb used=1161Kb max_used=1206Kb free=4535Kb
 bounds [0x0000027200000000, 0x0000027200270000, 0x0000027200590000]
 total_blobs=6184 nmethods=5708 adapters=384
 compilation: enabled
              stopped_count=0, restarted_count=0
 full_count=0

JVMCI Events (6 events):
Event: 0.025 Thread 0x0000027269671000 created new JVMCI runtime 0 (0x000002727e9a0230)
Event: 0.025 Thread 0x0000027269671000 created new JVMCI runtime -1 (0x000002727e99faf0)
Event: 0.093 Thread 0x000002727e9d4000 loaded JVMCI shared library from D:\Program Files\GraalVM\bin\jvmcicompiler.dll
Event: 0.107 Thread 0x000002727e9d4000 created JavaVM[1]@0x000002727f77fb28 for JVMCI runtime 0
Event: 0.107 Thread 0x000002727e9d4000 initializing JVMCI runtime 0
Event: 0.110 Thread 0x000002727e9d4000 initialized JVMCI runtime 0

Compilation events (20 events):
Event: 7.825 Thread 0x000002727e9d8800 5707       3       java.time.LocalDate::toEpochDay (154 bytes)
Event: 7.826 Thread 0x000002727e9d8800 nmethod 5707 0x000002720156da90 code [0x000002720156dc60, 0x000002720156e1a8]
Event: 7.826 Thread 0x000002727e9d8800 5708       3       java.util.Arrays::binarySearch0 (83 bytes)
Event: 7.826 Thread 0x000002727e9d4000 5709       4       java.time.LocalDate::compareTo0 (40 bytes)
Event: 7.826 Thread 0x000002727e9d8800 nmethod 5708 0x000002720156e390 code [0x000002720156e560, 0x000002720156ecc8]
Event: 7.826 Thread 0x000002727e9d8800 5701       3       java.time.LocalDateTime::compareTo (22 bytes)
Event: 7.826 Thread 0x000002727e9d8800 nmethod 5701 0x000002720156ee90 code [0x000002720156f080, 0x000002720156f848]
Event: 7.826 Thread 0x000002727e9d8800 5704       3       jdk.nio.zipfs.ZipPath::getAttributes (30 bytes)
Event: 7.826 Thread 0x0000027214489000 5710       4       java.time.LocalDateTime::compareTo (9 bytes)
Event: 7.826 Thread 0x000002727e9d8800 nmethod 5704 0x000002720156fa10 code [0x000002720156fc00, 0x00000272015703b8]
Event: 7.827 Thread 0x000002727e9d4000 nmethod 5709 0x0000027207e6c990 code [0x0000027207e6cb20, 0x0000027207e6cc10]
Event: 7.827 Thread 0x000002727e9d8800 5711       3       java.util.zip.Inflater::<init> (24 bytes)
Event: 7.827 Thread 0x000002727e9d8800 nmethod 5711 0x0000027201570610 code [0x00000272015707e0, 0x0000027201570a98]
Event: 7.828 Thread 0x0000027214489000 nmethod 5710 0x0000027207e6cd10 code [0x0000027207e6cea0, 0x0000027207e6d048]
Event: 7.886 Thread 0x000002727e9d4000 5712       4       sbg.asm.Type::<init> (26 bytes)
Event: 7.887 Thread 0x000002727e9d4000 nmethod 5712 0x0000027207e6d190 code [0x0000027207e6d320, 0x0000027207e6d470]
Event: 7.899 Thread 0x000002727e9d8800 5713       3       jdk.internal.jimage.ImageBufferCache$2::compare (13 bytes)
Event: 7.899 Thread 0x000002727e9d8800 nmethod 5713 0x0000027201570b90 code [0x0000027201570d60, 0x0000027201571598]
Event: 7.899 Thread 0x000002727e9d8800 5714       3       jdk.internal.jimage.ImageBufferCache$2::compare (28 bytes)
Event: 7.899 Thread 0x000002727e9d8800 nmethod 5714 0x0000027201571710 code [0x00000272015718c0, 0x0000027201571bb8]

GC Heap History (20 events):
Event: 4.593 GC heap after
{Heap after GC invocations=6 (full 0):
 garbage-first heap   total 260096K, used 25540K [0x0000000702400000, 0x0000000800000000)
  region size 1024K, 16 young (16384K), 16 survivors (16384K)
 Metaspace       used 19755K, capacity 20424K, committed 20736K, reserved 1067008K
  class space    used 1985K, capacity 2247K, committed 2304K, reserved 1048576K
}
Event: 4.739 GC heap before
{Heap before GC invocations=6 (full 0):
 garbage-first heap   total 260096K, used 97220K [0x0000000702400000, 0x0000000800000000)
  region size 1024K, 87 young (89088K), 16 survivors (16384K)
 Metaspace       used 20356K, capacity 21065K, committed 21248K, reserved 1069056K
  class space    used 2035K, capacity 2290K, committed 2304K, reserved 1048576K
}
Event: 4.754 GC heap after
{Heap after GC invocations=7 (full 0):
 garbage-first heap   total 312320K, used 31701K [0x0000000702400000, 0x0000000800000000)
  region size 1024K, 7 young (7168K), 7 survivors (7168K)
 Metaspace       used 20356K, capacity 21065K, committed 21248K, reserved 1069056K
  class space    used 2035K, capacity 2290K, committed 2304K, reserved 1048576K
}
Event: 5.079 GC heap before
{Heap before GC invocations=8 (full 0):
 garbage-first heap   total 312320K, used 203733K [0x0000000702400000, 0x0000000800000000)
  region size 1024K, 175 young (179200K), 7 survivors (7168K)
 Metaspace       used 20745K, capacity 21446K, committed 21632K, reserved 1069056K
  class space    used 2069K, capacity 2332K, committed 2432K, reserved 1048576K
}
Event: 5.085 GC heap after
{Heap after GC invocations=9 (full 0):
 garbage-first heap   total 312320K, used 33237K [0x0000000702400000, 0x0000000800000000)
  region size 1024K, 8 young (8192K), 8 survivors (8192K)
 Metaspace       used 20745K, capacity 21446K, committed 21632K, reserved 1069056K
  class space    used 2069K, capacity 2332K, committed 2432K, reserved 1048576K
}
Event: 5.289 GC heap before
{Heap before GC invocations=9 (full 0):
 garbage-first heap   total 312320K, used 212437K [0x0000000702400000, 0x0000000800000000)
  region size 1024K, 183 young (187392K), 8 survivors (8192K)
 Metaspace       used 20778K, capacity 21510K, committed 21632K, reserved 1069056K
  class space    used 2069K, capacity 2332K, committed 2432K, reserved 1048576K
}
Event: 5.294 GC heap after
{Heap after GC invocations=10 (full 0):
 garbage-first heap   total 312320K, used 33968K [0x0000000702400000, 0x0000000800000000)
  region size 1024K, 9 young (9216K), 9 survivors (9216K)
 Metaspace       used 20778K, capacity 21510K, committed 21632K, reserved 1069056K
  class space    used 2069K, capacity 2332K, committed 2432K, reserved 1048576K
}
Event: 5.633 GC heap before
{Heap before GC invocations=10 (full 0):
 garbage-first heap   total 312320K, used 212144K [0x0000000702400000, 0x0000000800000000)
  region size 1024K, 183 young (187392K), 9 survivors (9216K)
 Metaspace       used 21023K, capacity 21688K, committed 21888K, reserved 1069056K
  class space    used 2110K, capacity 2368K, committed 2432K, reserved 1048576K
}
Event: 5.642 GC heap after
{Heap after GC invocations=11 (full 0):
 garbage-first heap   total 312320K, used 41207K [0x0000000702400000, 0x0000000800000000)
  region size 1024K, 16 young (16384K), 16 survivors (16384K)
 Metaspace       used 21023K, capacity 21688K, committed 21888K, reserved 1069056K
  class space    used 2110K, capacity 2368K, committed 2432K, reserved 1048576K
}
Event: 6.200 GC heap before
{Heap before GC invocations=11 (full 0):
 garbage-first heap   total 312320K, used 212215K [0x0000000702400000, 0x0000000800000000)
  region size 1024K, 183 young (187392K), 16 survivors (16384K)
 Metaspace       used 21798K, capacity 22586K, committed 22784K, reserved 1069056K
  class space    used 2173K, capacity 2452K, committed 2560K, reserved 1048576K
}
Event: 6.217 GC heap after
{Heap after GC invocations=12 (full 0):
 garbage-first heap   total 312320K, used 55158K [0x0000000702400000, 0x0000000800000000)
  region size 1024K, 23 young (23552K), 23 survivors (23552K)
 Metaspace       used 21798K, capacity 22586K, committed 22784K, reserved 1069056K
  class space    used 2173K, capacity 2452K, committed 2560K, reserved 1048576K
}
Event: 6.545 GC heap before
{Heap before GC invocations=12 (full 0):
 garbage-first heap   total 312320K, used 218998K [0x0000000702400000, 0x0000000800000000)
  region size 1024K, 183 young (187392K), 23 survivors (23552K)
 Metaspace       used 21805K, capacity 22589K, committed 22784K, reserved 1069056K
  class space    used 2174K, capacity 2453K, committed 2560K, reserved 1048576K
}
Event: 6.568 GC heap after
{Heap after GC invocations=13 (full 0):
 garbage-first heap   total 312320K, used 70376K [0x0000000702400000, 0x0000000800000000)
  region size 1024K, 15 young (15360K), 15 survivors (15360K)
 Metaspace       used 21805K, capacity 22589K, committed 22784K, reserved 1069056K
  class space    used 2174K, capacity 2453K, committed 2560K, reserved 1048576K
}
Event: 6.935 GC heap before
{Heap before GC invocations=13 (full 0):
 garbage-first heap   total 312320K, used 240360K [0x0000000702400000, 0x0000000800000000)
  region size 1024K, 181 young (185344K), 15 survivors (15360K)
 Metaspace       used 21812K, capacity 22589K, committed 22784K, reserved 1069056K
  class space    used 2174K, capacity 2453K, committed 2560K, reserved 1048576K
}
Event: 6.955 GC heap after
{Heap after GC invocations=14 (full 0):
 garbage-first heap   total 379904K, used 84992K [0x0000000702400000, 0x0000000800000000)
  region size 1024K, 15 young (15360K), 15 survivors (15360K)
 Metaspace       used 21812K, capacity 22589K, committed 22784K, reserved 1069056K
  class space    used 2174K, capacity 2453K, committed 2560K, reserved 1048576K
}
Event: 7.251 GC heap before
{Heap before GC invocations=14 (full 0):
 garbage-first heap   total 379904K, used 275456K [0x0000000702400000, 0x0000000800000000)
  region size 1024K, 201 young (205824K), 15 survivors (15360K)
 Metaspace       used 21816K, capacity 22589K, committed 22784K, reserved 1069056K
  class space    used 2174K, capacity 2453K, committed 2560K, reserved 1048576K
}
Event: 7.271 GC heap after
{Heap after GC invocations=15 (full 0):
 garbage-first heap   total 379904K, used 94208K [0x0000000702400000, 0x0000000800000000)
  region size 1024K, 10 young (10240K), 10 survivors (10240K)
 Metaspace       used 21816K, capacity 22589K, committed 22784K, reserved 1069056K
  class space    used 2174K, capacity 2453K, committed 2560K, reserved 1048576K
}
Event: 7.589 GC heap before
{Heap before GC invocations=15 (full 0):
 garbage-first heap   total 379904K, used 288768K [0x0000000702400000, 0x0000000800000000)
  region size 1024K, 200 young (204800K), 10 survivors (10240K)
 Metaspace       used 21824K, capacity 22589K, committed 22784K, reserved 1069056K
  class space    used 2174K, capacity 2453K, committed 2560K, reserved 1048576K
}
Event: 7.603 GC heap after
{Heap after GC invocations=16 (full 0):
 garbage-first heap   total 379904K, used 107008K [0x0000000702400000, 0x0000000800000000)
  region size 1024K, 22 young (22528K), 22 survivors (22528K)
 Metaspace       used 21824K, capacity 22589K, committed 22784K, reserved 1069056K
  class space    used 2174K, capacity 2453K, committed 2560K, reserved 1048576K
}
Event: 7.923 GC heap before
{Heap before GC invocations=16 (full 0):
 garbage-first heap   total 379904K, used 296448K [0x0000000702400000, 0x0000000800000000)
  region size 1024K, 207 young (211968K), 22 survivors (22528K)
 Metaspace       used 21837K, capacity 22589K, committed 22784K, reserved 1069056K
  class space    used 2174K, capacity 2453K, committed 2560K, reserved 1048576K
}

Deoptimization events (20 events):
Event: 7.801 Thread 0x0000027269671000 Uncommon trap: trap_request=0xffffffed fr.pc=0x0000027207e3ba6e relative=0x000000000000032e
Event: 7.801 Thread 0x0000027269671000 Uncommon trap: reason=null_assert_or_unreached0 action=reinterpret pc=0x0000027207e3ba6e method=java.time.zone.ZoneRules.findTransitionArray(I)[Ljava/time/zone/ZoneOffsetTransition; @ 15 jvmci
Event: 7.801 Thread 0x0000027269671000 DEOPT PACKING pc=0x0000027207e3ba6e sp=0x000000d25a2fcb80
Event: 7.801 Thread 0x0000027269671000 DEOPT UNPACKING pc=0x0000027200027bb1 sp=0x000000d25a2fbf88 mode 3
Event: 7.823 Thread 0x0000027269671000 Uncommon trap: trap_request=0xffffffe5 fr.pc=0x0000027207e6bd59 relative=0x00000000000007d9
Event: 7.823 Thread 0x0000027269671000 Uncommon trap: reason=range_check action=reinterpret pc=0x0000027207e6bd59 method=jdk.nio.zipfs.ZipPath.getResolvedPath()[B @ 4 jvmci
Event: 7.823 Thread 0x0000027269671000 DEOPT PACKING pc=0x0000027207e6bd59 sp=0x000000d25a2fce70
Event: 7.823 Thread 0x0000027269671000 DEOPT UNPACKING pc=0x0000027200027bb1 sp=0x000000d25a2fc248 mode 3
Event: 7.823 Thread 0x0000027269671000 Uncommon trap: trap_request=0xffffffed fr.pc=0x0000027207e3b1f9 relative=0x00000000000000d9
Event: 7.823 Thread 0x0000027269671000 Uncommon trap: reason=null_assert_or_unreached0 action=reinterpret pc=0x0000027207e3b1f9 method=java.time.LocalTime.of(III)Ljava/time/LocalTime; @ 0 jvmci
Event: 7.823 Thread 0x0000027269671000 DEOPT PACKING pc=0x0000027207e3b1f9 sp=0x000000d25a2fcc50
Event: 7.823 Thread 0x0000027269671000 DEOPT UNPACKING pc=0x0000027200027bb1 sp=0x000000d25a2fc0e0 mode 3
Event: 7.823 Thread 0x0000027269671000 Uncommon trap: trap_request=0xffffffed fr.pc=0x0000027207e3adaf relative=0x000000000000018f
Event: 7.823 Thread 0x0000027269671000 Uncommon trap: reason=null_assert_or_unreached0 action=reinterpret pc=0x0000027207e3adaf method=java.time.chrono.ChronoLocalDateTime.toEpochSecond(Ljava/time/ZoneOffset;)J @ 0 jvmci
Event: 7.823 Thread 0x0000027269671000 DEOPT PACKING pc=0x0000027207e3adaf sp=0x000000d25a2fcc50
Event: 7.823 Thread 0x0000027269671000 DEOPT UNPACKING pc=0x0000027200027bb1 sp=0x000000d25a2fc0c8 mode 3
Event: 7.823 Thread 0x0000027269671000 Uncommon trap: trap_request=0xffffffed fr.pc=0x0000027207e39ec9 relative=0x0000000000000129
Event: 7.823 Thread 0x0000027269671000 Uncommon trap: reason=null_assert_or_unreached0 action=reinterpret pc=0x0000027207e39ec9 method=java.time.LocalDate.toEpochDay()J @ 0 jvmci
Event: 7.823 Thread 0x0000027269671000 DEOPT PACKING pc=0x0000027207e39ec9 sp=0x000000d25a2fcbb0
Event: 7.823 Thread 0x0000027269671000 DEOPT UNPACKING pc=0x0000027200027bb1 sp=0x000000d25a2fc028 mode 3

Classes redefined (0 events):
No events

Internal exceptions (20 events):
Event: 1.898 Thread 0x0000027269671000 Implicit null exception at 0x0000027207aec795 to 0x0000027207aecbab
Event: 2.271 Thread 0x0000027269671000 Implicit null exception at 0x0000027207bac6fa to 0x0000027207bacbc8
Event: 2.272 Thread 0x0000027269671000 Implicit null exception at 0x0000027207b44db0 to 0x0000027207b45057
Event: 2.272 Thread 0x0000027269671000 Implicit null exception at 0x0000027207b83867 to 0x0000027207b83b97
Event: 2.272 Thread 0x0000027269671000 Implicit null exception at 0x0000027207af42f5 to 0x0000027207af45e1
Event: 2.272 Thread 0x0000027269671000 Implicit null exception at 0x0000027207b4c0fa to 0x0000027207b4c5e8
Event: 3.031 Thread 0x0000027269671000 Implicit null exception at 0x0000027207bf3ae3 to 0x0000027207bf3e3b
Event: 3.031 Thread 0x0000027269671000 Implicit null exception at 0x0000027207b4554b to 0x0000027207b4569c
Event: 3.830 Thread 0x0000027269671000 Implicit null exception at 0x0000027207c5fa40 to 0x0000027207c60192
Event: 3.859 Thread 0x0000027269671000 Exception <a 'sun/nio/fs/WindowsException'{0x000000071165f390}> (0x000000071165f390) thrown at [./src/hotspot/share/prims/jni.cpp, line 611]
Event: 3.891 Thread 0x0000027269671000 Exception <a 'java/lang/NoSuchMethodError'{0x000000071157dbc0}: 'int java.lang.invoke.DirectMethodHandle$Holder.invokeStaticInit(java.lang.Object, java.lang.Object)'> (0x000000071157dbc0) thrown at [./src/hotspot/share/interpreter/linkResolver.cpp, line 773]
Event: 3.957 Thread 0x0000027269671000 Exception <a 'java/lang/NoSuchMethodError'{0x0000000711065d40}: 'java.lang.Object java.lang.invoke.DirectMethodHandle$Holder.invokeVirtual(java.lang.Object, java.lang.Object, java.lang.Object)'> (0x0000000711065d40) thrown at [./src/hotspot/share/interpreter/linkResolver.cpp, line 773]
Event: 3.959 Thread 0x0000027269671000 Exception <a 'java/lang/NoSuchMethodError'{0x0000000711099530}: 'int java.lang.invoke.DirectMethodHandle$Holder.invokeStaticInit(java.lang.Object, java.lang.Object, java.lang.Object)'> (0x0000000711099530) thrown at [./src/hotspot/share/interpreter/linkResolver.cpp, line 773]
Event: 3.988 Thread 0x0000027269671000 Exception <a 'java/lang/NoSuchMethodError'{0x0000000710eae050}: 'void java.lang.invoke.DirectMethodHandle$Holder.invokeSpecial(java.lang.Object, java.lang.Object)'> (0x0000000710eae050) thrown at [./src/hotspot/share/interpreter/linkResolver.cpp, line 773]
Event: 4.255 Thread 0x0000027269671000 Exception <a 'java/lang/NoSuchMethodError'{0x000000070e937970}: 'int java.lang.invoke.DirectMethodHandle$Holder.invokeInterface(java.lang.Object, java.lang.Object)'> (0x000000070e937970) thrown at [./src/hotspot/share/interpreter/linkResolver.cpp, line 773]
Event: 4.259 Thread 0x0000027269671000 Exception <a 'java/lang/NoSuchMethodError'{0x000000070e96c728}: 'void java.lang.invoke.DirectMethodHandle$Holder.invokeStatic(java.lang.Object, java.lang.Object, java.lang.Object, java.lang.Object)'> (0x000000070e96c728) thrown at [./src/hotspot/share/interpreter/linkResolver.cpp, line 773]
Event: 4.655 Thread 0x0000027269671000 Implicit null exception at 0x0000027207cf7cdc to 0x0000027207cf8ba5
Event: 4.656 Thread 0x0000027269671000 Exception <a 'java/lang/NoSuchMethodError'{0x000000070ebd7990}: 'void java.lang.invoke.DirectMethodHandle$Holder.invokeVirtual(java.lang.Object, java.lang.Object)'> (0x000000070ebd7990) thrown at [./src/hotspot/share/interpreter/linkResolver.cpp, line 773]
Event: 4.770 Thread 0x0000027269671000 Exception <a 'java/lang/NoSuchMethodError'{0x00000007154c3598}: 'int java.lang.invoke.DirectMethodHandle$Holder.invokeSpecial(java.lang.Object, java.lang.Object, java.lang.Object, java.lang.Object)'> (0x00000007154c3598) thrown at [./src/hotspot/share/interpreter/linkResolver.cpp, line 773]
Event: 5.722 Thread 0x0000027269671000 Exception <a 'java/lang/NoSuchMethodError'{0x000000071507ba28}: 'java.lang.Object java.lang.invoke.DirectMethodHandle$Holder.invokeStatic(java.lang.Object, int, java.lang.Object)'> (0x000000071507ba28) thrown at [./src/hotspot/share/interpreter/linkResolver.cpp, line 773]

Events (20 events):
Event: 7.604 Executing VM operation: RevokeBias
Event: 7.604 Executing VM operation: RevokeBias done
Event: 7.605 Executing VM operation: RevokeBias
Event: 7.605 Executing VM operation: RevokeBias done
Event: 7.605 Executing VM operation: RevokeBias
Event: 7.605 Executing VM operation: RevokeBias done
Event: 7.606 Executing VM operation: RevokeBias
Event: 7.606 Executing VM operation: RevokeBias done
Event: 7.606 Executing VM operation: RevokeBias
Event: 7.606 Executing VM operation: RevokeBias done
Event: 7.607 Executing VM operation: RevokeBias
Event: 7.607 Executing VM operation: RevokeBias done
Event: 7.607 Executing VM operation: RevokeBias
Event: 7.607 Executing VM operation: RevokeBias done
Event: 7.607 Executing VM operation: RevokeBias
Event: 7.607 Executing VM operation: RevokeBias done
Event: 7.607 Executing VM operation: RevokeBias
Event: 7.607 Executing VM operation: RevokeBias done
Event: 7.609 Loaded shared library D:\Program Files\GraalVM\bin\nio.dll
Event: 7.923 Executing VM operation: G1CollectForAllocation


Dynamic libraries:
0x00007ff737360000 - 0x00007ff73736d000 	D:\Program Files\GraalVM\bin\java.exe
0x00007ffbd8590000 - 0x00007ffbd8785000 	C:\Windows\SYSTEM32\ntdll.dll
0x00007ffbd65e0000 - 0x00007ffbd669e000 	C:\Windows\System32\KERNEL32.DLL
0x00007ffbd6120000 - 0x00007ffbd63e9000 	C:\Windows\System32\KERNELBASE.dll
0x00007ffbd5e10000 - 0x00007ffbd5f10000 	C:\Windows\System32\ucrtbase.dll
0x00007ffbc3cc0000 - 0x00007ffbc3cd5000 	D:\Program Files\GraalVM\bin\VCRUNTIME140.dll
0x00007ffbc3ce0000 - 0x00007ffbc3cf7000 	D:\Program Files\GraalVM\bin\jli.dll
0x00007ffbd7b90000 - 0x00007ffbd7d31000 	C:\Windows\System32\USER32.dll
0x00007ffbd6550000 - 0x00007ffbd6572000 	C:\Windows\System32\win32u.dll
0x00007ffbc9000000 - 0x00007ffbc929a000 	C:\Windows\WinSxS\amd64_microsoft.windows.common-controls_6595b64144ccf1df_6.0.19041.1110_none_60b5254171f9507e\COMCTL32.dll
0x00007ffbd83f0000 - 0x00007ffbd841b000 	C:\Windows\System32\GDI32.dll
0x00007ffbd6010000 - 0x00007ffbd611b000 	C:\Windows\System32\gdi32full.dll
0x00007ffbd6840000 - 0x00007ffbd68de000 	C:\Windows\System32\msvcrt.dll
0x00007ffbd5d70000 - 0x00007ffbd5e0d000 	C:\Windows\System32\msvcp_win.dll
0x00007ffbd7540000 - 0x00007ffbd7570000 	C:\Windows\System32\IMM32.DLL
0x00007ffba3af0000 - 0x00007ffba3b8b000 	D:\Program Files\GraalVM\bin\msvcp140.dll
0x00007ffb51090000 - 0x00007ffb51b8c000 	D:\Program Files\GraalVM\bin\server\jvm.dll
0x00007ffbd7ae0000 - 0x00007ffbd7b8c000 	C:\Windows\System32\ADVAPI32.dll
0x00007ffbd7020000 - 0x00007ffbd70bb000 	C:\Windows\System32\sechost.dll
0x00007ffbd8420000 - 0x00007ffbd854a000 	C:\Windows\System32\RPCRT4.dll
0x00007ffbd7ac0000 - 0x00007ffbd7ac8000 	C:\Windows\System32\PSAPI.DLL
0x00007ffbae4e0000 - 0x00007ffbae4e9000 	C:\Windows\SYSTEM32\WSOCK32.dll
0x00007ffbd7570000 - 0x00007ffbd75db000 	C:\Windows\System32\WS2_32.dll
0x00007ffbcb940000 - 0x00007ffbcb967000 	C:\Windows\SYSTEM32\WINMM.dll
0x00007ffbce160000 - 0x00007ffbce16a000 	C:\Windows\SYSTEM32\VERSION.dll
0x00007ffbd3b90000 - 0x00007ffbd3ba2000 	C:\Windows\SYSTEM32\kernel.appcore.dll
0x00007ffbd17c0000 - 0x00007ffbd17d0000 	D:\Program Files\GraalVM\bin\verify.dll
0x00007ffbc2400000 - 0x00007ffbc25e4000 	C:\Windows\SYSTEM32\DBGHELP.DLL
0x00007ffbc23b0000 - 0x00007ffbc23dc000 	C:\Windows\SYSTEM32\dbgcore.DLL
0x00007ffbd5cb0000 - 0x00007ffbd5d33000 	C:\Windows\System32\bcryptPrimitives.dll
0x00007ffbc3c90000 - 0x00007ffbc3cb8000 	D:\Program Files\GraalVM\bin\java.dll
0x00007ffbd10d0000 - 0x00007ffbd10da000 	D:\Program Files\GraalVM\bin\jimage.dll
0x00007ffbd03c0000 - 0x00007ffbd03ce000 	D:\Program Files\GraalVM\bin\instrument.dll
0x00007ffbc3c70000 - 0x00007ffbc3c87000 	D:\Program Files\GraalVM\bin\zip.dll
0x00007ffbd68e0000 - 0x00007ffbd701f000 	C:\Windows\System32\SHELL32.dll
0x00007ffbd3d90000 - 0x00007ffbd4520000 	C:\Windows\SYSTEM32\windows.storage.dll
0x00007ffbd7f80000 - 0x00007ffbd82d5000 	C:\Windows\System32\combase.dll
0x00007ffbd5550000 - 0x00007ffbd557c000 	C:\Windows\SYSTEM32\Wldp.dll
0x00007ffbd7d40000 - 0x00007ffbd7dee000 	C:\Windows\System32\SHCORE.dll
0x00007ffbd7df0000 - 0x00007ffbd7e45000 	C:\Windows\System32\shlwapi.dll
0x00007ffbd5bf0000 - 0x00007ffbd5c0f000 	C:\Windows\SYSTEM32\profapi.dll
0x00007ffb4f3b0000 - 0x00007ffb51088000 	D:\Program Files\GraalVM\bin\jvmcicompiler.dll
0x00007ffbd5b70000 - 0x00007ffbd5b9e000 	C:\Windows\SYSTEM32\USERENV.dll
0x00007ffbd5040000 - 0x00007ffbd507b000 	C:\Windows\SYSTEM32\IPHLPAPI.DLL
0x00007ffbd5330000 - 0x00007ffbd539a000 	C:\Windows\SYSTEM32\MSWSOCK.dll
0x00007ffbc3be0000 - 0x00007ffbc3bf9000 	D:\Program Files\GraalVM\bin\net.dll
0x00007ffbce8e0000 - 0x00007ffbce9e8000 	C:\Windows\SYSTEM32\WINHTTP.dll
0x00007ffbbf730000 - 0x00007ffbbf742000 	D:\Program Files\GraalVM\bin\nio.dll
0x00007ffbbad10000 - 0x00007ffbbad2a000 	C:\Program Files\JetBrains\IntelliJ IDEA 2020.3.3\bin\breakgen64.dll
0x00007ffbd5590000 - 0x00007ffbd55a8000 	C:\Windows\SYSTEM32\CRYPTSP.dll
0x00007ffbd4cd0000 - 0x00007ffbd4d04000 	C:\Windows\system32\rsaenh.dll
0x00007ffbd5d40000 - 0x00007ffbd5d67000 	C:\Windows\System32\bcrypt.dll
0x00007ffbd54c0000 - 0x00007ffbd54cc000 	C:\Windows\SYSTEM32\CRYPTBASE.dll
0x00007ffbd7ad0000 - 0x00007ffbd7ad8000 	C:\Windows\System32\NSI.dll
0x00007ffbcf8e0000 - 0x00007ffbcf8f7000 	C:\Windows\SYSTEM32\dhcpcsvc6.DLL
0x00007ffbcf390000 - 0x00007ffbcf3ad000 	C:\Windows\SYSTEM32\dhcpcsvc.DLL
0x00007ffbd5080000 - 0x00007ffbd514c000 	C:\Windows\SYSTEM32\DNSAPI.dll
0x00007ffbca3a0000 - 0x00007ffbca3aa000 	C:\Users\viksa\AppData\Local\Temp\jansi-1.17.1-235106802953013078.dll
0x00007ffbc3c60000 - 0x00007ffbc3c6a000 	C:\Users\viksa\AppData\Local\Temp\jansi-1.17.1-13651294142867666516.dll

dbghelp: loaded successfully - version: 4.0.5 - missing functions: none
symbol engine: initialized successfully - sym options: 0x614 - pdb path: .;D:\Program Files\GraalVM\bin;C:\Windows\SYSTEM32;C:\Windows\WinSxS\amd64_microsoft.windows.common-controls_6595b64144ccf1df_6.0.19041.1110_none_60b5254171f9507e;D:\Program Files\GraalVM\bin\server;C:\Program Files\JetBrains\IntelliJ IDEA 2020.3.3\bin;C:\Users\viksa\AppData\Local\Temp

VM Arguments:
jvm_args: -XX:+UnlockExperimentalVMOptions -XX:+EnableJVMCIProduct -XX:-UnlockExperimentalVMOptions -XX:ThreadPriorityPolicy=1 -Dmaven.multiModuleProjectDirectory=F:\WEB_PROGRAMIRANJE\demo_native\demo-working -Dmaven.home=C:\Program Files\JetBrains\IntelliJ IDEA 2020.3.3\plugins\maven\lib\maven3 -Dclassworlds.conf=C:\Program Files\JetBrains\IntelliJ IDEA 2020.3.3\plugins\maven\lib\maven3\bin\m2.conf -Dmaven.ext.class.path=C:\Program Files\JetBrains\IntelliJ IDEA 2020.3.3\plugins\maven\lib\maven-event-listener.jar -javaagent:C:\Program Files\JetBrains\IntelliJ IDEA 2020.3.3\lib\idea_rt.jar=52156:C:\Program Files\JetBrains\IntelliJ IDEA 2020.3.3\bin -Dfile.encoding=UTF-8 
java_command: org.codehaus.classworlds.Launcher -Didea.version=2020.3.3 org.springframework.experimental:spring-aot-maven-plugin:0.10.3:generate
java_class_path (initial): C:\Program Files\JetBrains\IntelliJ IDEA 2020.3.3\plugins\maven\lib\maven3\boot\plexus-classworlds-2.6.0.jar;C:\Program Files\JetBrains\IntelliJ IDEA 2020.3.3\plugins\maven\lib\maven3\boot\plexus-classworlds.license
Launcher Type: SUN_STANDARD

[Global flags]
     intx CICompilerCount                          = 3                                         {product} {ergonomic}
     uint ConcGCThreads                            = 1                                         {product} {ergonomic}
     bool EnableJVMCIProduct                       = true                                {JVMCI product} {jimage}
     uint G1ConcRefinementThreads                  = 4                                         {product} {ergonomic}
   size_t G1HeapRegionSize                         = 1048576                                   {product} {ergonomic}
    uintx GCDrainStackTargetSize                   = 64                                        {product} {ergonomic}
   size_t InitialHeapSize                          = 266338304                                 {product} {ergonomic}
   size_t MarkStackSize                            = 4194304                                   {product} {ergonomic}
   size_t MaxHeapSize                              = 4257218560                                {product} {ergonomic}
   size_t MaxNewSize                               = 2554331136                                {product} {ergonomic}
   size_t MinHeapDeltaBytes                        = 1048576                                   {product} {ergonomic}
    uintx NonNMethodCodeHeapSize                   = 5830732                                {pd product} {ergonomic}
    uintx NonProfiledCodeHeapSize                  = 122913754                              {pd product} {ergonomic}
    uintx ProfiledCodeHeapSize                     = 122913754                              {pd product} {ergonomic}
    uintx ReservedCodeCacheSize                    = 251658240                              {pd product} {ergonomic}
     bool SegmentedCodeCache                       = true                                      {product} {ergonomic}
     intx ThreadPriorityPolicy                     = 1                                         {product} {jimage}
     bool UseCompressedClassPointers               = true                                 {lp64_product} {ergonomic}
     bool UseCompressedOops                        = true                                 {lp64_product} {ergonomic}
     bool UseG1GC                                  = true                                      {product} {ergonomic}
     bool UseLargePagesIndividualAllocation        = false                                  {pd product} {ergonomic}

Logging:
Log output configuration:
 #0: stdout all=warning uptime,level,tags
 #1: stderr all=off uptime,level,tags

Environment Variables:
JAVA_HOME=D:\Program Files\graalvm-ce-java11-windows-amd64-21.2.0\graalvm-ce-java11-21.2.0
PATH=D:\Program Files\graalvm-ce-java11-windows-amd64-21.2.0\graalvm-ce-java11-21.2.0\bin;C:\Program Files\AdoptOpenJDK\jdk-11.0.10.9-hotspot\bin;C:\Program Files\AdoptOpenJDK\jre-11.0.10.9-hotspot\bin;C:\Program Files (x86)\AdoptOpenJDK\jdk-8.0.282.8-hotspot\bin;C:\Program Files (x86)\AdoptOpenJDK\jre-8.0.282.8-hotspot\bin;C:\Program Files (x86)\Java\jre6\bin;C:\Windows\system32;C:\Windows;C:\apache-maven-3.6.3\bin;C:\Windows\System32\Wbem;C:\Windows\System32\WindowsPowerShell\v1.0\;C:\Windows\System32\OpenSSH\;C:\Program Files\Git\cmd;C:\Program Files\nodejs\;C:\gradle-6.8.3\bin;C:\Users\viksa\AppData\Local\Programs\Python\Python38\Scripts\;C:\Users\viksa\AppData\Local\Programs\Python\Python38\;C:\Users\viksa\AppData\Local\Programs\Python\Python36;C:\Users\viksa\AppData\Local\Programs\Python\Python36\Scripts;C:\Python27\Tools\Scripts;C:\Python27;C:\Program Files\Kubernetes\Minikube;C:\Windows\system32\config\systemprofile\.poetry\bin;C:\Program Files\Docker\Docker\resources\bin;C:\ProgramData\DockerDesktop\version-bin;C:\Users\viksa\AppData\Local\Programs\Python\Python38\Scripts\;C:\Users\viksa\AppData\Local\Programs\Python\Python38\;C:\Users\viksa\.poetry\bin;C:\Users\viksa\AppData\Local\Programs\Python\Python36\Scripts\;C:\Users\viksa\AppData\Local\Programs\Python\Python36\;C:\Users\viksa\AppData\Local\Microsoft\WindowsApps;C:\Users\viksa\AppData\Roaming\npm;C:\src\flutter\bin;C:\apache-maven-3.6.3\bin;C:\Users\viksa\AppData\Local\Google\Cloud SDK\google-cloud-sdk\bin;D:\Program Files\VSCode\Microsoft VS Code\bin
USERNAME=viksa
OS=Windows_NT
PROCESSOR_IDENTIFIER=Intel64 Family 6 Model 60 Stepping 3, GenuineIntel



---------------  S Y S T E M  ---------------

OS: Windows 10 , 64 bit Build 19041 (10.0.19041.1202)
OS uptime: 0 days 1:54 hours
Hyper-V role detected

CPU:total 4 (initial active 4) (4 cores per cpu, 1 threads per core) family 6 model 60 stepping 3 microcode 0x27, cmov, cx8, fxsr, mmx, sse, sse2, sse3, ssse3, sse4.1, sse4.2, popcnt, avx, avx2, aes, clmul, erms, lzcnt, tsc, tscinvbit, bmi1, bmi2, fma

Memory: 4k page, system-wide physical 16239M (7094M free)
TotalPageFile size 22639M (AvailPageFile size 8906M)
current process WorkingSet (physical memory assigned to process): 791M, peak: 791M
current process commit charge ("private bytes"): 800M, peak: 800M

vm_info: OpenJDK 64-Bit Server VM (11.0.10+8-jvmci-21.0-b06) for windows-amd64 JRE (11.0.10+8-jvmci-21.0-b06), built on Jan 15 2021 08:35:21 by "" with MS VC++ 15.9 (VS2017)

END.
